<?xml version="1.0" encoding="UTF-8"?>
<testsuite name="BoundedJsonApiReviewTest[jvm]" tests="2" skipped="0" failures="0" errors="0" timestamp="2026-09-10T05:06:19.335Z" hostname="runnervmlun5p" time="0.065">
  <properties/>
  <testcase name="callerLimitsCannotDisableTheSharedCeilingAndCountUtf8Bytes[jvm]" classname="dev.partydeck.godot.bridge.BoundedJsonApiReviewTest" time="0.05"/>
  <testcase name="publicPreflightRejectsTheFormsAcceptedByPermissivePlatformParsers[jvm]" classname="dev.partydeck.godot.bridge.BoundedJsonApiReviewTest" time="0.008"/>
  <system-out><![CDATA[]]></system-out>
  <system-err><![CDATA[]]></system-err>
</testsuite>
