<?xml version="1.0" encoding="UTF-8"?>
<testsuite name="HostAuthorityTest[jvm]" tests="7" skipped="0" failures="0" errors="0" timestamp="2026-09-10T18:41:38.167Z" hostname="runnervmlun5p" time="0.225">
  <properties/>
  <testcase name="completeMatchCanReturnToLobbyAndRematchWithoutResettingRevision[jvm]" classname="dev.partydeck.session.HostAuthorityTest" time="0.006"/>
  <testcase name="joinsAreIdempotentBoundedAndUseUsableDisplayNames[jvm]" classname="dev.partydeck.session.HostAuthorityTest" time="0.002"/>
  <testcase name="invitationReadinessRosterAndHostGatesProtectStarting[jvm]" classname="dev.partydeck.session.HostAuthorityTest" time="0.003"/>
  <testcase name="acceptedCommandRetainsAnIndependentCopyOfTheCardSelection[jvm]" classname="dev.partydeck.session.HostAuthorityTest" time="0.0"/>
  <testcase name="activeLeaveRevokesItsCredentialAndReturnRemovesTheAbandonedSeat[jvm]" classname="dev.partydeck.session.HostAuthorityTest" time="0.0"/>
  <testcase name="kickingAndHostLossRemoveAuthorityAccess[jvm]" classname="dev.partydeck.session.HostAuthorityTest" time="0.003"/>
  <testcase name="snapshotsAndWelcomesNeverIncludeAnotherPlayersPrivateCardsOrCredentials[jvm]" classname="dev.partydeck.session.HostAuthorityTest" time="0.21"/>
  <system-out><![CDATA[]]></system-out>
  <system-err><![CDATA[]]></system-err>
</testsuite>
