<?xml version="1.0" encoding="UTF-8"?>
<testsuite name="SecurityAdversarialTest[jvm]" tests="11" skipped="0" failures="0" errors="0" timestamp="2026-09-10T18:41:38.410Z" hostname="runnervmlun5p" time="0.104">
  <properties/>
  <testcase name="everyEncodedRecipientViewExcludesOtherHandsTokensAndUnchallengedDiscards[jvm]" classname="dev.partydeck.session.SecurityAdversarialTest" time="0.04"/>
  <testcase name="parserRejectsDuplicateDecodedKeysAtEveryMessageLevel[jvm]" classname="dev.partydeck.session.SecurityAdversarialTest" time="0.005"/>
  <testcase name="evenPossessionOfLocalHostTokenCannotRemotelyReplaceAuthority[jvm]" classname="dev.partydeck.session.SecurityAdversarialTest" time="0.001"/>
  <testcase name="evictionAndConflictingIdsCannotResetReplayProtection[jvm]" classname="dev.partydeck.session.SecurityAdversarialTest" time="0.001"/>
  <testcase name="unauthorizedPeersReceiveOnlyFixedAdmissionErrors[jvm]" classname="dev.partydeck.session.SecurityAdversarialTest" time="0.005"/>
  <testcase name="parserBoundsDepthCollectionsAndTotalBytesWithoutEchoingSecrets[jvm]" classname="dev.partydeck.session.SecurityAdversarialTest" time="0.01"/>
  <testcase name="parserRejectsMalformedUnicodeSyntaxVersionsAndNumericOverflow[jvm]" classname="dev.partydeck.session.SecurityAdversarialTest" time="0.023"/>
  <testcase name="highCommandIdsNeverWrapToPermitAnOldCommand[jvm]" classname="dev.partydeck.session.SecurityAdversarialTest" time="0.002"/>
  <testcase name="kickAndSessionTerminationInvalidateCredentials[jvm]" classname="dev.partydeck.session.SecurityAdversarialTest" time="0.0"/>
  <testcase name="validEscapesWhitespaceAndSupplementaryCharactersDoNotConfusePreflight[jvm]" classname="dev.partydeck.session.SecurityAdversarialTest" time="0.006"/>
  <testcase name="resumeRevokesOldSocketAndLateDisconnectCannotRemoveReplacement[jvm]" classname="dev.partydeck.session.SecurityAdversarialTest" time="0.003"/>
  <system-out><![CDATA[]]></system-out>
  <system-err><![CDATA[]]></system-err>
</testsuite>
