<?xml version="1.0" encoding="UTF-8"?>
<testsuite name="EngineBoundaryTest[jvm]" tests="4" skipped="0" failures="0" errors="0" timestamp="2026-09-10T18:41:34.198Z" hostname="runnervmlun5p" time="0.189">
  <properties/>
  <testcase name="wrongPresentationAndProtocolCannotAdvanceTheEventStream[jvm]" classname="dev.partydeck.games.EngineBoundaryTest" time="0.14"/>
  <testcase name="closedOrFailedPresentationsCannotEmitFurtherActions[jvm]" classname="dev.partydeck.games.EngineBoundaryTest" time="0.001"/>
  <testcase name="payloadLimitCountsUtf8BytesAndRejectsOversizedDocuments[jvm]" classname="dev.partydeck.games.EngineBoundaryTest" time="0.027"/>
  <testcase name="intentsRequireReadinessAndReplaysCannotRepeatActions[jvm]" classname="dev.partydeck.games.EngineBoundaryTest" time="0.003"/>
  <system-out><![CDATA[]]></system-out>
  <system-err><![CDATA[]]></system-err>
</testsuite>
