<?xml version="1.0" encoding="UTF-8"?>
<testsuite name="dev.partydeck.app.godot.GodotCommandEpochReviewTest" tests="6" skipped="0" failures="0" errors="0" timestamp="2026-09-10T08:46:22.211Z" hostname="runnervmlun5p" time="0.054">
  <properties/>
  <testcase name="generationZeroCannotDeliverBeforeTheFirstPublishedLifecycle" classname="dev.partydeck.app.godot.GodotCommandEpochReviewTest" time="0.028"/>
  <testcase name="supersededTransportDataCanReleaseCapacityWithoutConsumingNativeReady" classname="dev.partydeck.app.godot.GodotCommandEpochReviewTest" time="0.02"/>
  <testcase name="lateCommandsStaySupersededAcrossLossRegainAndClosedAdmissionCannotRevive" classname="dev.partydeck.app.godot.GodotCommandEpochReviewTest" time="0.001"/>
  <testcase name="generationExhaustionNeverWrapsOrReopensTheOldEpoch" classname="dev.partydeck.app.godot.GodotCommandEpochReviewTest" time="0.001"/>
  <testcase name="invalidCommandsCannotPrimeConfirmationAndTheMarkerCannotBeRepeated" classname="dev.partydeck.app.godot.GodotCommandEpochReviewTest" time="0.002"/>
  <testcase name="obsoleteFirstConfirmationIsDeliveredOnlyWithTheFirstCurrentCommand" classname="dev.partydeck.app.godot.GodotCommandEpochReviewTest" time="0.001"/>
  <system-out><![CDATA[]]></system-out>
  <system-err><![CDATA[]]></system-err>
</testsuite>
