<?xml version="1.0" encoding="UTF-8"?>
<testsuite name="dev.partydeck.app.godot.GodotCloseHandshakeReviewTest" tests="7" skipped="0" failures="0" errors="0" timestamp="2026-09-10T08:46:22.196Z" hostname="runnervmlun5p" time="0.007">
  <properties/>
  <testcase name="nativeCleanupDuringOpeningWaitsForDelayedParentClose" classname="dev.partydeck.app.godot.GodotCloseHandshakeReviewTest" time="0.001"/>
  <testcase name="parentCloseBeforeNativeCleanupCannotFinishTheHandshake" classname="dev.partydeck.app.godot.GodotCloseHandshakeReviewTest" time="0.0"/>
  <testcase name="competingEarlyParentFailureAndDeadlineSignalsCannotSkipCleanup" classname="dev.partydeck.app.godot.GodotCloseHandshakeReviewTest" time="0.0"/>
  <testcase name="connectionFailureAfterNativeCleanupFinishesWithoutParentConfirmation" classname="dev.partydeck.app.godot.GodotCloseHandshakeReviewTest" time="0.001"/>
  <testcase name="aDeadlineAfterNativeCleanupBoundsTheWaitForAnUnconnectedParent" classname="dev.partydeck.app.godot.GodotCloseHandshakeReviewTest" time="0.0"/>
  <testcase name="connectionFailureBeforeNativeCleanupStillWaitsForCleanup" classname="dev.partydeck.app.godot.GodotCloseHandshakeReviewTest" time="0.004"/>
  <testcase name="anEarlyDeadlineCannotAuthorizeCompletionBeforeNativeCleanup" classname="dev.partydeck.app.godot.GodotCloseHandshakeReviewTest" time="0.001"/>
  <system-out><![CDATA[]]></system-out>
  <system-err><![CDATA[]]></system-err>
</testsuite>
