<?xml version="1.0" encoding="UTF-8"?>
<testsuite name="dev.partydeck.app.SessionVisibilityTest" tests="22" skipped="0" failures="0" errors="0" timestamp="2026-09-10T08:46:22.091Z" hostname="runnervmlun5p" time="0.096">
  <properties/>
  <testcase name="repeatedOrRetiringWindowInteractivityCannotUndoTheShellsUserDeparture" classname="dev.partydeck.app.SessionVisibilityTest" time="0.06"/>
  <testcase name="stoppedEvidenceOrUserDepartureEndsAnUnobservedEarlyReturnAssumption" classname="dev.partydeck.app.SessionVisibilityTest" time="0.001"/>
  <testcase name="hungClosingVisibilityExpiresWithoutClaimingDeathOrAllowingAnotherLifetime" classname="dev.partydeck.app.SessionVisibilityTest" time="0.0"/>
  <testcase name="focusAndPauseConcealImmediatelyWithoutTreatingAVisibleShellAsBackground" classname="dev.partydeck.app.SessionVisibilityTest" time="0.001"/>
  <testcase name="lateClosingAndLifecycleCallbacksCannotTakeOverAReplacementPresentation" classname="dev.partydeck.app.SessionVisibilityTest" time="0.0"/>
  <testcase name="onlyTheControllerSelectedSurfaceCanOwnInput" classname="dev.partydeck.app.SessionVisibilityTest" time="0.0"/>
  <testcase name="transitionDeadlinesSaturateWithoutOverflowingIntoImmediateBackground" classname="dev.partydeck.app.SessionVisibilityTest" time="0.003"/>
  <testcase name="missingConfigurationReplacementExpiresWithoutRearmingOnAnotherEmptyAttachment" classname="dev.partydeck.app.SessionVisibilityTest" time="0.0"/>
  <testcase name="openingFromAnAlreadyStoppedShellCannotAssumeVisibility" classname="dev.partydeck.app.SessionVisibilityTest" time="0.0"/>
  <testcase name="deathOfAVisibleChildBridgesOneBoundedReturnGapWithoutAssumingShellInput" classname="dev.partydeck.app.SessionVisibilityTest" time="0.001"/>
  <testcase name="aStoppedChildCannotRearmVisibilityWhenItsProcessLaterDies" classname="dev.partydeck.app.SessionVisibilityTest" time="0.0"/>
  <testcase name="earlyReturnBeforeHelloPreservesTheSessionUntilTheShellReturnsInEitherDeathOrder" classname="dev.partydeck.app.SessionVisibilityTest" time="0.0"/>
  <testcase name="closingImmediatelyDeniesRendererInputAndRetainsActualVisibilityUntilStopped" classname="dev.partydeck.app.SessionVisibilityTest" time="0.0"/>
  <testcase name="definitiveUnobservedLaunchFailureEndsTheOpeningLeaseWithoutInventingVisibility" classname="dev.partydeck.app.SessionVisibilityTest" time="0.001"/>
  <testcase name="oldOrDuplicateNativeGenerationsCannotChangeTheCurrentWindowFacts" classname="dev.partydeck.app.SessionVisibilityTest" time="0.0"/>
  <testcase name="configurationReplacementIgnoresEveryOldAttachmentCallbackInEitherOrder" classname="dev.partydeck.app.SessionVisibilityTest" time="0.0"/>
  <testcase name="slowColdStartupUsesTheHostsDeadlineWithoutRenewingItFromShellCallbacks" classname="dev.partydeck.app.SessionVisibilityTest" time="0.0"/>
  <testcase name="actualStoppedChildCancelsAnUnobservedHandoffImmediately" classname="dev.partydeck.app.SessionVisibilityTest" time="0.0"/>
  <testcase name="expiredOpeningOrClosingCannotExtendAnUnobservedEarlyReturn" classname="dev.partydeck.app.SessionVisibilityTest" time="0.001"/>
  <testcase name="handoffPreservesVisibilityInEitherCallbackOrderAndWaitsForActualChildFocus" classname="dev.partydeck.app.SessionVisibilityTest" time="0.006"/>
  <testcase name="anActualShellReturnConsumesTheEarlyClosingAssumptionBeforeAnotherStop" classname="dev.partydeck.app.SessionVisibilityTest" time="0.0"/>
  <testcase name="userDepartureCancelsHandoffGraceAndDoesNotGrantInputBeforeAnActualReturn" classname="dev.partydeck.app.SessionVisibilityTest" time="0.001"/>
  <system-out><![CDATA[]]></system-out>
  <system-err><![CDATA[]]></system-err>
</testsuite>
