<?xml version="1.0" encoding="UTF-8"?>
<testsuite name="JavaSwiftInteropFixtureTest[jvm]" tests="2" skipped="0" failures="0" errors="0" timestamp="2026-09-10T16:40:08.829Z" hostname="runnervmlun5p" time="2.765">
  <properties/>
  <testcase name="corruptedPayloadFailsTheFixtureBeforeReverseConnection[jvm]" classname="dev.partydeck.transport.JavaSwiftInteropFixtureTest" time="2.516"/>
  <testcase name="protocolExchangesBothDirectionsAndWaitsForPeerAcknowledgements[jvm]" classname="dev.partydeck.transport.JavaSwiftInteropFixtureTest" time="0.232"/>
  <system-out><![CDATA[]]></system-out>
  <system-err><![CDATA[]]></system-err>
</testsuite>
