<?xml version="1.0" encoding="UTF-8"?>
<testsuite name="SecurityTransportLifecycleTest[jvm]" tests="3" skipped="0" failures="0" errors="0" timestamp="2026-09-10T16:40:13.468Z" hostname="runnervmlun5p" time="0.201">
  <properties/>
  <testcase name="oneUnadmittedPeerCannotStopTheListenerOrAnotherPeerByFloodingCallbacks[jvm]" classname="dev.partydeck.transport.SecurityTransportLifecycleTest" time="0.172"/>
  <testcase name="cancelledConnectReturnClosesTheNativeConnectionBeforeCallerClaimsIt[jvm]" classname="dev.partydeck.transport.SecurityTransportLifecycleTest" time="0.016"/>
  <testcase name="cancelledHostReturnClosesTheNativeListenerBeforeCallerClaimsIt[jvm]" classname="dev.partydeck.transport.SecurityTransportLifecycleTest" time="0.01"/>
  <system-out><![CDATA[]]></system-out>
  <system-err><![CDATA[]]></system-err>
</testsuite>
