<?xml version="1.0" encoding="UTF-8"?>
<testsuite name="JavaTlsTransportTest[jvm]" tests="6" skipped="0" failures="0" errors="0" timestamp="2026-09-10T16:40:11.602Z" hostname="runnervmlun5p" time="1.858">
  <properties/>
  <testcase name="cachedDiscoveryCanReplaceAnUnreachableAddressButNotAnAuthenticationFailure[jvm]" classname="dev.partydeck.transport.JavaTlsTransportTest" time="0.156"/>
  <testcase name="changedPinIsRejectedBeforeReturningAConnection[jvm]" classname="dev.partydeck.transport.JavaTlsTransportTest" time="0.134"/>
  <testcase name="slowHandshakeHasAnAbsoluteDeadlineEvenWhileBytesKeepArriving[jvm]" classname="dev.partydeck.transport.JavaTlsTransportTest" time="1.278"/>
  <testcase name="cancellingAConnectingCallerClosesItsActualBlockedTlsSocket[jvm]" classname="dev.partydeck.transport.JavaTlsTransportTest" time="0.018"/>
  <testcase name="malformedAndTruncatedTlsPayloadsCloseOnlyTheirConnection[jvm]" classname="dev.partydeck.transport.JavaTlsTransportTest" time="0.154"/>
  <testcase name="completePinProtectsOrderedMaximumSizeFramesAndPeerClosure[jvm]" classname="dev.partydeck.transport.JavaTlsTransportTest" time="0.118"/>
  <system-out><![CDATA[]]></system-out>
  <system-err><![CDATA[]]></system-err>
</testsuite>
