<?xml version="1.0" encoding="UTF-8"?>
<testsuite name="LastLightAdversarialTest[jvm]" tests="8" skipped="0" failures="0" errors="0" timestamp="2026-09-10T08:53:51.695Z" hostname="runnervmejwal" time="5.255">
  <properties/>
  <testcase name="callerCollectionsAndRecipientViewsCannotRewriteAcceptedAuthorityStates[jvm]" classname="dev.partydeck.core.LastLightAdversarialTest" time="0.237"/>
  <testcase name="emptyHandClaimsRemainChallengeableAndTheFinalHolderCannotPlay[jvm]" classname="dev.partydeck.core.LastLightAdversarialTest" time="0.082"/>
  <testcase name="invalidTurnsAndSelectionsAreAtomicAndLeaveTheRandomStreamUntouched[jvm]" classname="dev.partydeck.core.LastLightAdversarialTest" time="0.011"/>
  <testcase name="completeMatchesPreserveCardsPrivacyAndFiniteProgressForEveryTableSize[jvm]" classname="dev.partydeck.core.LastLightAdversarialTest" time="4.878"/>
  <testcase name="eliminatingTheOpenerRetiresUnplayedCardsWithoutRevealingThem[jvm]" classname="dev.partydeck.core.LastLightAdversarialTest" time="0.001"/>
  <testcase name="malformedRostersFailBeforeAnyRandomOutcomeIsChosen[jvm]" classname="dev.partydeck.core.LastLightAdversarialTest" time="0.005"/>
  <testcase name="aBurnedOutNonemptyChallengerLosesOnlyTheirSeatAndKeepsTheirOtherCardsHidden[jvm]" classname="dev.partydeck.core.LastLightAdversarialTest" time="0.0"/>
  <testcase name="rejectedNoiseAndRepeatedViewsDoNotChangeLaterShufflesOrMatchResults[jvm]" classname="dev.partydeck.core.LastLightAdversarialTest" time="0.018"/>
  <system-out><![CDATA[]]></system-out>
  <system-err><![CDATA[]]></system-err>
</testsuite>
