<?xml version="1.0" encoding="UTF-8"?>
<testsuite name="dev.partydeck.app.godot.GodotCommandEpochReviewTest" tests="6" skipped="0" failures="0" errors="0" timestamp="2026-09-10T08:55:21.032Z" hostname="runnervmejwal" time="0.076">
  <properties/>
  <testcase name="generationZeroCannotDeliverBeforeTheFirstPublishedLifecycle" classname="dev.partydeck.app.godot.GodotCommandEpochReviewTest" time="0.036"/>
  <testcase name="supersededTransportDataCanReleaseCapacityWithoutConsumingNativeReady" classname="dev.partydeck.app.godot.GodotCommandEpochReviewTest" time="0.03"/>
  <testcase name="lateCommandsStaySupersededAcrossLossRegainAndClosedAdmissionCannotRevive" classname="dev.partydeck.app.godot.GodotCommandEpochReviewTest" time="0.001"/>
  <testcase name="generationExhaustionNeverWrapsOrReopensTheOldEpoch" classname="dev.partydeck.app.godot.GodotCommandEpochReviewTest" time="0.004"/>
  <testcase name="invalidCommandsCannotPrimeConfirmationAndTheMarkerCannotBeRepeated" classname="dev.partydeck.app.godot.GodotCommandEpochReviewTest" time="0.001"/>
  <testcase name="obsoleteFirstConfirmationIsDeliveredOnlyWithTheFirstCurrentCommand" classname="dev.partydeck.app.godot.GodotCommandEpochReviewTest" time="0.001"/>
  <system-out><![CDATA[]]></system-out>
  <system-err><![CDATA[]]></system-err>
</testsuite>
