<?xml version="1.0" encoding="UTF-8"?>
<testsuite name="dev.partydeck.app.scanner.QrInvitationDecoderTest" tests="4" skipped="0" failures="0" errors="0" timestamp="2026-09-10T08:55:21.158Z" hostname="runnervmejwal" time="0.679">
  <properties/>
  <testcase name="rejectsUnrelatedMalformedAndOversizedQrPayloads" classname="dev.partydeck.app.scanner.QrInvitationDecoderTest" time="0.422"/>
  <testcase name="readsTheInvitationAtEveryQuarterTurnWithoutRotatingCameraFrames" classname="dev.partydeck.app.scanner.QrInvitationDecoderTest" time="0.158"/>
  <testcase name="rejectsTruncatedOrOversizedPlanesBeforeReadingCameraMemory" classname="dev.partydeck.app.scanner.QrInvitationDecoderTest" time="0.006"/>
  <testcase name="decodesAnExactInvitationFromPaddedCameraRowsAndInterleavedPixels" classname="dev.partydeck.app.scanner.QrInvitationDecoderTest" time="0.091"/>
  <system-out><![CDATA[]]></system-out>
  <system-err><![CDATA[]]></system-err>
</testsuite>
