<?xml version="1.0" encoding="UTF-8"?>
<testsuite name="dev.partydeck.godot.android.RendererInputGateTest" tests="2" skipped="0" failures="0" errors="0" timestamp="2026-09-10T08:54:23.926Z" hostname="runnervmejwal" time="0.001">
  <properties/>
  <testcase name="queuedInputCannotBecomeValidAgainAfterFocusReturns" classname="dev.partydeck.godot.android.RendererInputGateTest" time="0.001"/>
  <testcase name="initiallyCoveredEntryAcceptsOnlyItsFirstInteractiveGeneration" classname="dev.partydeck.godot.android.RendererInputGateTest" time="0.0"/>
  <system-out><![CDATA[]]></system-out>
  <system-err><![CDATA[]]></system-err>
</testsuite>
