<?xml version="1.0" encoding="UTF-8"?>
<testsuite name="dev.partydeck.godot.android.NativeSignalDispatchTest" tests="8" skipped="0" failures="0" errors="0" timestamp="2026-09-10T08:54:23.844Z" hostname="runnervmejwal" time="0.043">
  <properties/>
  <testcase name="anInFlightViewBarrierDoesNotAcknowledgeTheWaitingClose" classname="dev.partydeck.godot.android.NativeSignalDispatchTest" time="0.033"/>
  <testcase name="exitBeforeTheBarrierCannotInferCompletionFromAnEarlierNativeCall" classname="dev.partydeck.godot.android.NativeSignalDispatchTest" time="0.001"/>
  <testcase name="nativeBarrierRemainsObservedWhileMainNotificationIsDelayed" classname="dev.partydeck.godot.android.NativeSignalDispatchTest" time="0.0"/>
  <testcase name="actualBarrierAfterQueueDisposalStillRecordsDeliveryWithoutAUiCallback" classname="dev.partydeck.godot.android.NativeSignalDispatchTest" time="0.0"/>
  <testcase name="duplicateBarrierDoesNotRewriteTheFirstObservationOrNotifyTwice" classname="dev.partydeck.godot.android.NativeSignalDispatchTest" time="0.0"/>
  <testcase name="disposalBeforeDispatchCannotAcknowledgeAnAdmittedClose" classname="dev.partydeck.godot.android.NativeSignalDispatchTest" time="0.0"/>
  <testcase name="aFreshPluginLifetimeCannotInheritAnOldCloseObservation" classname="dev.partydeck.godot.android.NativeSignalDispatchTest" time="0.0"/>
  <testcase name="failedEmissionCannotScheduleAnAcknowledgmentBarrier" classname="dev.partydeck.godot.android.NativeSignalDispatchTest" time="0.0"/>
  <system-out><![CDATA[]]></system-out>
  <system-err><![CDATA[]]></system-err>
</testsuite>
