<?xml version="1.0" encoding="UTF-8"?>
<testsuite name="GameplayLayoutTest[jvm]" tests="7" skipped="0" failures="0" errors="0" timestamp="2026-09-10T02:21:10.590Z" hostname="runnervmlun5p" time="19.241">
  <properties/>
  <testcase name="handAndResultsRemainUsableOnShortLandscapePhone[jvm]" classname="dev.partydeck.app.GameplayLayoutTest" time="10.261"/>
  <testcase name="handAndResultsRemainUsableAtLargeText[jvm]" classname="dev.partydeck.app.GameplayLayoutTest" time="2.471"/>
  <testcase name="normalChoiceSupportsThreeCardsAndAReadableLongClaimant[jvm]" classname="dev.partydeck.app.GameplayLayoutTest" time="1.176"/>
  <testcase name="handAndResultsRemainUsableInTabletWindow[jvm]" classname="dev.partydeck.app.GameplayLayoutTest" time="2.843"/>
  <testcase name="forcedChallengeKeepsOneClearActionAndGatesPendingRequests[jvm]" classname="dev.partydeck.app.GameplayLayoutTest" time="0.202"/>
  <testcase name="revealedWildAndMismatchingRankExplainTheBluff[jvm]" classname="dev.partydeck.app.GameplayLayoutTest" time="0.212"/>
  <testcase name="fifthCardAndPrivateHandControlsWorkOnNarrowPhone[jvm]" classname="dev.partydeck.app.GameplayLayoutTest" time="2.063"/>
  <system-out><![CDATA[]]></system-out>
  <system-err><![CDATA[]]></system-err>
</testsuite>
