<?xml version="1.0" encoding="UTF-8"?>
<testsuite name="ShellLayoutTest[jvm]" tests="10" skipped="0" failures="0" errors="0" timestamp="2026-09-10T02:21:43.114Z" hostname="runnervmlun5p" time="9.361">
  <properties/>
  <testcase name="sixSeatHostCanDealAtTwoHundredPercentText[jvm]" classname="dev.partydeck.app.ShellLayoutTest" time="0.842"/>
  <testcase name="pausedHostCanConfirmReturnToLobbyAtLargeText[jvm]" classname="dev.partydeck.app.ShellLayoutTest" time="1.091"/>
  <testcase name="globalConnectionFailureKeepsHomeAndRecoveryReachableAtLargeText[jvm]" classname="dev.partydeck.app.ShellLayoutTest" time="0.313"/>
  <testcase name="sixSeatHostCanDealOnCompactPhone[jvm]" classname="dev.partydeck.app.ShellLayoutTest" time="0.502"/>
  <testcase name="sixSeatGuestCanChangeReadinessAtTwoHundredPercentText[jvm]" classname="dev.partydeck.app.ShellLayoutTest" time="1.068"/>
  <testcase name="sixSeatGuestCanChangeReadinessOnCompactPhone[jvm]" classname="dev.partydeck.app.ShellLayoutTest" time="0.701"/>
  <testcase name="completeBundledNoticesRemainReadableToTheEndAtLargeText[jvm]" classname="dev.partydeck.app.ShellLayoutTest" time="1.334"/>
  <testcase name="renderedInvitationQrAtNarrowWidthPreservesTheExactPayloadAndFullPin[jvm]" classname="dev.partydeck.app.ShellLayoutTest" time="1.296"/>
  <testcase name="joinRetainsInputsAndRecoveryInConstrainedLargeTextViewport[jvm]" classname="dev.partydeck.app.ShellLayoutTest" time="1.495"/>
  <testcase name="settingsKeepLabelsAndTogglesReachableAtLargeText[jvm]" classname="dev.partydeck.app.ShellLayoutTest" time="0.707"/>
  <system-out><![CDATA[License viewport verified 258067 UTF-8 bytes in 222 bounded text sections
]]></system-out>
  <system-err><![CDATA[]]></system-err>
</testsuite>
