<?xml version="1.0" encoding="UTF-8"?>
<testsuite name="IosQualificationFacadeTest[jvm]" tests="4" skipped="0" failures="0" errors="0" timestamp="2026-09-10T08:44:02.445Z" hostname="runnervmlun5p" time="0.657">
  <properties/>
  <testcase name="bothModesDelegateEveryFullMatchCommandToIndependentRealDrivers[jvm]" classname="dev.partydeck.godot.bridge.IosQualificationFacadeTest" time="0.62"/>
  <testcase name="exitAndRendererFailureReturnTerminalCloseWithoutRetainingLaunchData[jvm]" classname="dev.partydeck.godot.bridge.IosQualificationFacadeTest" time="0.013"/>
  <testcase name="malformedReplayedStaleAndBackgroundInputRemainDriverRejectionsUntilExplicitRefresh[jvm]" classname="dev.partydeck.godot.bridge.IosQualificationFacadeTest" time="0.012"/>
  <testcase name="closeIsIdempotentAndAReplacementGetsAnIndependentIdentityAndGate[jvm]" classname="dev.partydeck.godot.bridge.IosQualificationFacadeTest" time="0.002"/>
  <system-out><![CDATA[]]></system-out>
  <system-err><![CDATA[]]></system-err>
</testsuite>
