<?xml version="1.0" encoding="UTF-8"?>
<testsuite name="LastLightAdversarialTest[jvm]" tests="8" skipped="0" failures="0" errors="0" timestamp="2026-09-10T16:40:06.023Z" hostname="runnervmlun5p" time="4.071">
  <properties/>
  <testcase name="callerCollectionsAndRecipientViewsCannotRewriteAcceptedAuthorityStates[jvm]" classname="dev.partydeck.core.LastLightAdversarialTest" time="0.176"/>
  <testcase name="emptyHandClaimsRemainChallengeableAndTheFinalHolderCannotPlay[jvm]" classname="dev.partydeck.core.LastLightAdversarialTest" time="0.07"/>
  <testcase name="invalidTurnsAndSelectionsAreAtomicAndLeaveTheRandomStreamUntouched[jvm]" classname="dev.partydeck.core.LastLightAdversarialTest" time="0.003"/>
  <testcase name="completeMatchesPreserveCardsPrivacyAndFiniteProgressForEveryTableSize[jvm]" classname="dev.partydeck.core.LastLightAdversarialTest" time="3.764"/>
  <testcase name="eliminatingTheOpenerRetiresUnplayedCardsWithoutRevealingThem[jvm]" classname="dev.partydeck.core.LastLightAdversarialTest" time="0.003"/>
  <testcase name="malformedRostersFailBeforeAnyRandomOutcomeIsChosen[jvm]" classname="dev.partydeck.core.LastLightAdversarialTest" time="0.007"/>
  <testcase name="aBurnedOutNonemptyChallengerLosesOnlyTheirSeatAndKeepsTheirOtherCardsHidden[jvm]" classname="dev.partydeck.core.LastLightAdversarialTest" time="0.003"/>
  <testcase name="rejectedNoiseAndRepeatedViewsDoNotChangeLaterShufflesOrMatchResults[jvm]" classname="dev.partydeck.core.LastLightAdversarialTest" time="0.026"/>
  <system-out><![CDATA[]]></system-out>
  <system-err><![CDATA[]]></system-err>
</testsuite>
