<?xml version="1.0" encoding="UTF-8"?>
<testsuite name="EmbeddedPresentationReviewTest[jvm]" tests="16" skipped="0" failures="0" errors="0" timestamp="2026-09-10T18:43:46.229Z" hostname="runnervmlun5p" time="0.205">
  <properties/>
  <testcase name="inactiveOwnerRejectsNewChoicesAndReactivationDoesNotReplayAnOldOne[jvm]" classname="dev.partydeck.app.controller.EmbeddedPresentationReviewTest" time="0.01"/>
  <testcase name="rejectedAndAcceptedLobbyRequestsKeepTheGameUntilTheAuthorityLobbyProjection[jvm]" classname="dev.partydeck.app.controller.EmbeddedPresentationReviewTest" time="0.021"/>
  <testcase name="monotonicDeadlineRejectsFocusEvenBeforeTheTimeoutCoroutineCanRun[jvm]" classname="dev.partydeck.app.controller.EmbeddedPresentationReviewTest" time="0.003"/>
  <testcase name="selectionExpiryNeverLaunchesAndForegroundUpdatesDoNotRenewIt[jvm]" classname="dev.partydeck.app.controller.EmbeddedPresentationReviewTest" time="0.003"/>
  <testcase name="aPendingChoiceCannotSurviveSessionRoutePrivacyPreferenceOrOwnerInvalidation[jvm]" classname="dev.partydeck.app.controller.EmbeddedPresentationReviewTest" time="0.065"/>
  <testcase name="nativeExitBeforeReadyAndRendererFailurePreserveTheSessionWithAConcealedFallback[jvm]" classname="dev.partydeck.app.controller.EmbeddedPresentationReviewTest" time="0.016"/>
  <testcase name="reentrantForegroundPublicationCannotOpenUntilClosePublicationFinishes[jvm]" classname="dev.partydeck.app.controller.EmbeddedPresentationReviewTest" time="0.01"/>
  <testcase name="bothModesReceiveOnlyTheCurrentRecipientAndTheNewestViewAfterReady[jvm]" classname="dev.partydeck.app.controller.EmbeddedPresentationReviewTest" time="0.013"/>
  <testcase name="modalSelectionWaitsForForegroundAndOpensEachModeOnceWithCurrentConcealedControls[jvm]" classname="dev.partydeck.app.controller.EmbeddedPresentationReviewTest" time="0.013"/>
  <testcase name="aLateNativeOpenIsClosedAndAQueuedModeSwitchCannotCrossSessionGeneration[jvm]" classname="dev.partydeck.app.controller.EmbeddedPresentationReviewTest" time="0.004"/>
  <testcase name="recipientRoomGenerationAndMismatchedGameReplacementInvalidateTheOldLifetime[jvm]" classname="dev.partydeck.app.controller.EmbeddedPresentationReviewTest" time="0.02"/>
  <testcase name="modeSwitchRequiresBothCloseCompletionAndForegroundInEitherOrder[jvm]" classname="dev.partydeck.app.controller.EmbeddedPresentationReviewTest" time="0.005"/>
  <testcase name="availabilityLossCancelsTheChoiceEvenIfTheModeReturnsBeforeFocus[jvm]" classname="dev.partydeck.app.controller.EmbeddedPresentationReviewTest" time="0.002"/>
  <testcase name="aReservedCommandCompletesInComposeWithoutTargetingTheClosedNativeLifetime[jvm]" classname="dev.partydeck.app.controller.EmbeddedPresentationReviewTest" time="0.006"/>
  <testcase name="controllerReservesPendingBeforeTheNextEventAndReconcilesStaleOrReplayedInput[jvm]" classname="dev.partydeck.app.controller.EmbeddedPresentationReviewTest" time="0.009"/>
  <testcase name="newestExplicitChoiceSurvivesTheReplacedChoicesTimeout[jvm]" classname="dev.partydeck.app.controller.EmbeddedPresentationReviewTest" time="0.002"/>
  <system-out><![CDATA[]]></system-out>
  <system-err><![CDATA[]]></system-err>
</testsuite>
