<?xml version="1.0" encoding="UTF-8"?>
<testsuite name="LanMultiplayerIntegrationTest[jvm]" tests="2" skipped="0" failures="0" errors="0" timestamp="2026-09-10T18:43:35.247Z" hostname="runnervmlun5p" time="2.988">
  <properties/>
  <testcase name="realTlsGuestsPlayPrivateHandsResolveAChallengeRedealAndReleaseTheListener[jvm]" classname="dev.partydeck.app.LanMultiplayerIntegrationTest" time="2.205"/>
  <testcase name="interruptedRealTlsLinkResumesTheSamePrivateTurnAndUsesAFreshCommandId[jvm]" classname="dev.partydeck.app.LanMultiplayerIntegrationTest" time="0.783"/>
  <system-out><![CDATA[]]></system-out>
  <system-err><![CDATA[]]></system-err>
</testsuite>
