<?xml version="1.0" encoding="UTF-8"?>
<testsuite name="ClientDiscoveryFlowTest[jvm]" tests="8" skipped="0" failures="0" errors="0" timestamp="2026-09-10T18:43:45.166Z" hostname="runnervmlun5p" time="0.081">
  <properties/>
  <testcase name="anUnrelatedServiceCannotExtendTheBoundedJoinOrSupplyAnEndpoint[jvm]" classname="dev.partydeck.app.controller.ClientDiscoveryFlowTest" time="0.012"/>
  <testcase name="rapidRetriesWaitForEarlierDiscoveryCleanupBeforeStartingAgain[jvm]" classname="dev.partydeck.app.controller.ClientDiscoveryFlowTest" time="0.012"/>
  <testcase name="permissionDenialDuringResumeStopsTheBatchButExplicitRetryRetainsTheSeat[jvm]" classname="dev.partydeck.app.controller.ClientDiscoveryFlowTest" time="0.01"/>
  <testcase name="leavingDuringDiscoveryClosesItAndAddressOnlyInvitationsNeverBrowse[jvm]" classname="dev.partydeck.app.controller.ClientDiscoveryFlowTest" time="0.012"/>
  <testcase name="delayedExactServiceRepairsAStaleAddressWithoutChangingPinOrAdmission[jvm]" classname="dev.partydeck.app.controller.ClientDiscoveryFlowTest" time="0.007"/>
  <testcase name="backgroundStopsRediscoveryAndReturnResumesOnlyTheOriginalSeat[jvm]" classname="dev.partydeck.app.controller.ClientDiscoveryFlowTest" time="0.01"/>
  <testcase name="workingDirectInvitationDoesNotWaitForUnavailableOrSuspendedDiscovery[jvm]" classname="dev.partydeck.app.controller.ClientDiscoveryFlowTest" time="0.01"/>
  <testcase name="permissionAndIdentityFailuresNeverTryADiscoveredEndpoint[jvm]" classname="dev.partydeck.app.controller.ClientDiscoveryFlowTest" time="0.004"/>
  <system-out><![CDATA[]]></system-out>
  <system-err><![CDATA[]]></system-err>
</testsuite>
