<?xml version="1.0" encoding="UTF-8"?>
<testsuite name="PartyDeckControllerTest[jvm]" tests="9" skipped="0" failures="0" errors="0" timestamp="2026-09-10T18:43:46.436Z" hostname="runnervmlun5p" time="0.056">
  <properties/>
  <testcase name="practicePlaysACompleteMatchUsingAuthorityAndReturnsToAReadyLobby[jvm]" classname="dev.partydeck.app.controller.PartyDeckControllerTest" time="0.015"/>
  <testcase name="aLateHostStartupCannotReplacePracticeAfterLeaving[jvm]" classname="dev.partydeck.app.controller.PartyDeckControllerTest" time="0.01"/>
  <testcase name="rulesPracticeOpensTheTablePreservesLiveRulesAndLeavesCleanly[jvm]" classname="dev.partydeck.app.controller.PartyDeckControllerTest" time="0.005"/>
  <testcase name="backgroundPausesBotsAndLeaveCancelsEveryDelayedTurn[jvm]" classname="dev.partydeck.app.controller.PartyDeckControllerTest" time="0.005"/>
  <testcase name="returningFromALongPermissionAlertRetriesAnExpiredInitialAdmission[jvm]" classname="dev.partydeck.app.controller.PartyDeckControllerTest" time="0.006"/>
  <testcase name="aSecondTapCannotSendAnotherPlayWhileTheFirstActionIsPending[jvm]" classname="dev.partydeck.app.controller.PartyDeckControllerTest" time="0.005"/>
  <testcase name="permissionAlertInactivityPreservesInitialJoinWhileActualBackgroundResumesTheSeat[jvm]" classname="dev.partydeck.app.controller.PartyDeckControllerTest" time="0.004"/>
  <testcase name="delayedPreferenceLoadAndWritesPreserveTheLatestUserChoice[jvm]" classname="dev.partydeck.app.controller.PartyDeckControllerTest" time="0.002"/>
  <testcase name="scanResultsFillTheJoinFormWithoutAutoJoiningAndCannotReviveAnAbandonedForm[jvm]" classname="dev.partydeck.app.controller.PartyDeckControllerTest" time="0.004"/>
  <system-out><![CDATA[]]></system-out>
  <system-err><![CDATA[]]></system-err>
</testsuite>
