<?xml version="1.0" encoding="UTF-8"?>
<testsuite name="PinnedRevisionSeamReviewTest[jvm]" tests="3" skipped="0" failures="0" errors="0" timestamp="2026-09-10T18:43:46.493Z" hostname="runnervmlun5p" time="0.021">
  <properties/>
  <testcase name="actualReceiptNeedsItsSnapshotAndAReplayedReceiptCannotReleaseTheNextRequest[jvm]" classname="dev.partydeck.app.controller.PinnedRevisionSeamReviewTest" time="0.011"/>
  <testcase name="queuedHostRequestKeepsCapturedRevisionAcrossReturnAndAutomaticReadiness[jvm]" classname="dev.partydeck.app.controller.PinnedRevisionSeamReviewTest" time="0.005"/>
  <testcase name="clientTransmitsCapturedRevisionAfterANewerAuthoritySnapshotHasArrived[jvm]" classname="dev.partydeck.app.controller.PinnedRevisionSeamReviewTest" time="0.005"/>
  <system-out><![CDATA[]]></system-out>
  <system-err><![CDATA[]]></system-err>
</testsuite>
