<?xml version="1.0" encoding="UTF-8"?>
<testsuite name="PresentationLayoutTest[jvm]" tests="2" skipped="0" failures="0" errors="0" timestamp="2026-09-10T18:43:38.236Z" hostname="runnervmlun5p" time="2.233">
  <properties/>
  <testcase name="fallbackPreservesSessionAndPendingWhileConcealingHandAndClearingSelection[jvm]" classname="dev.partydeck.app.PresentationLayoutTest" time="1.261"/>
  <testcase name="pickerOffersOnlyAvailableStylesAtTwoHundredPercentText[jvm]" classname="dev.partydeck.app.PresentationLayoutTest" time="0.968"/>
  <system-out><![CDATA[]]></system-out>
  <system-err><![CDATA[]]></system-err>
</testsuite>
