<?xml version="1.0" encoding="UTF-8"?>
<testsuite name="RuntimeRevisionSubmissionTest[jvm]" tests="4" skipped="0" failures="0" errors="0" timestamp="2026-09-10T18:43:46.519Z" hostname="runnervmlun5p" time="0.027">
  <properties/>
  <testcase name="aQueuedHostActionKeepsItsCapturedRevisionAfterThePreviousActionChangesPhase[jvm]" classname="dev.partydeck.app.controller.RuntimeRevisionSubmissionTest" time="0.007"/>
  <testcase name="hostTeardownStillEndsTheSessionAfterAnEarlierQueuedCommandAdvancesItsRevision[jvm]" classname="dev.partydeck.app.controller.RuntimeRevisionSubmissionTest" time="0.009"/>
  <testcase name="clientTeardownRetriesAStaleLeaveUsingTheNewlyCoveredRevision[jvm]" classname="dev.partydeck.app.controller.RuntimeRevisionSubmissionTest" time="0.005"/>
  <testcase name="aClientTransmitsTheCapturedRevisionAndKeepsPendingUntilTheReceiptIsCovered[jvm]" classname="dev.partydeck.app.controller.RuntimeRevisionSubmissionTest" time="0.006"/>
  <system-out><![CDATA[]]></system-out>
  <system-err><![CDATA[]]></system-err>
</testsuite>
