<?xml version="1.0" encoding="UTF-8"?>
<testsuite name="ControllerAdversarialFlowTest[jvm]" tests="8" skipped="0" failures="0" errors="0" timestamp="2026-09-10T18:43:45.252Z" hostname="runnervmlun5p" time="0.127">
  <properties/>
  <testcase name="aMissingAcknowledgementExpiresAndResumeReconcilesItWithoutResendingTheMove[jvm]" classname="dev.partydeck.app.controller.ControllerAdversarialFlowTest" time="0.016"/>
  <testcase name="anExplicitSessionEndPurgesPrivateCardsAndCannotBeUndoneByQueuedSnapshots[jvm]" classname="dev.partydeck.app.controller.ControllerAdversarialFlowTest" time="0.014"/>
  <testcase name="aFailedLeaveFromAnOldSessionCannotInjectAnErrorOrPrivateHandIntoItsReplacement[jvm]" classname="dev.partydeck.app.controller.ControllerAdversarialFlowTest" time="0.016"/>
  <testcase name="aSnapshotBeforeItsReceiptDoesNotAcknowledgeAnUnrelatedOrUnconfirmedCommand[jvm]" classname="dev.partydeck.app.controller.ControllerAdversarialFlowTest" time="0.007"/>
  <testcase name="snapshotsForAnotherRoomOrSeatCannotReplaceTheCurrentPrivateHand[jvm]" classname="dev.partydeck.app.controller.ControllerAdversarialFlowTest" time="0.013"/>
  <testcase name="backgroundCancellationClosesTheOldLinkAndResumeNeverReplaysAnUnacknowledgedMove[jvm]" classname="dev.partydeck.app.controller.ControllerAdversarialFlowTest" time="0.01"/>
  <testcase name="protocolClosingAPeerPausesTheAuthorityBeforeItsBlockedSocketWriterFinishes[jvm]" classname="dev.partydeck.app.controller.ControllerAdversarialFlowTest" time="0.012"/>
  <testcase name="receiptsCannotReleasePendingControlsBeforeTheirSnapshotIsVisible[jvm]" classname="dev.partydeck.app.controller.ControllerAdversarialFlowTest" time="0.02"/>
  <system-out><![CDATA[]]></system-out>
  <system-err><![CDATA[]]></system-err>
</testsuite>
