<?xml version="1.0" encoding="UTF-8"?>
<testsuite name="ShellLayoutTest[jvm]" tests="10" skipped="0" failures="0" errors="0" timestamp="2026-09-10T18:43:40.473Z" hostname="runnervmlun5p" time="4.688">
  <properties/>
  <testcase name="sixSeatHostCanDealAtTwoHundredPercentText[jvm]" classname="dev.partydeck.app.ShellLayoutTest" time="0.461"/>
  <testcase name="pausedHostCanConfirmReturnToLobbyAtLargeText[jvm]" classname="dev.partydeck.app.ShellLayoutTest" time="0.519"/>
  <testcase name="globalConnectionFailureKeepsHomeAndRecoveryReachableAtLargeText[jvm]" classname="dev.partydeck.app.ShellLayoutTest" time="0.275"/>
  <testcase name="sixSeatHostCanDealOnCompactPhone[jvm]" classname="dev.partydeck.app.ShellLayoutTest" time="0.283"/>
  <testcase name="sixSeatGuestCanChangeReadinessAtTwoHundredPercentText[jvm]" classname="dev.partydeck.app.ShellLayoutTest" time="0.429"/>
  <testcase name="sixSeatGuestCanChangeReadinessOnCompactPhone[jvm]" classname="dev.partydeck.app.ShellLayoutTest" time="0.325"/>
  <testcase name="completeBundledNoticesRemainReadableToTheEndAtLargeText[jvm]" classname="dev.partydeck.app.ShellLayoutTest" time="0.624"/>
  <testcase name="renderedInvitationQrAtNarrowWidthPreservesTheExactPayloadAndFullPin[jvm]" classname="dev.partydeck.app.ShellLayoutTest" time="0.66"/>
  <testcase name="joinRetainsInputsAndRecoveryInConstrainedLargeTextViewport[jvm]" classname="dev.partydeck.app.ShellLayoutTest" time="0.732"/>
  <testcase name="settingsKeepLabelsAndTogglesReachableAtLargeText[jvm]" classname="dev.partydeck.app.ShellLayoutTest" time="0.373"/>
  <system-out><![CDATA[License viewport verified 743782 UTF-8 bytes in 638 bounded text sections
]]></system-out>
  <system-err><![CDATA[]]></system-err>
</testsuite>
