<?xml version="1.0" encoding="UTF-8"?>
<testsuite name="EmbeddedPresentationControllerTest[jvm]" tests="13" skipped="0" failures="0" errors="0" timestamp="2026-09-10T18:43:45.930Z" hostname="runnervmlun5p" time="0.294">
  <properties/>
  <testcase name="ownerDepartureWhileAlreadyUnfocusedCancelsTheChoiceBeforeReturning[jvm]" classname="dev.partydeck.app.controller.EmbeddedPresentationControllerTest" time="0.016"/>
  <testcase name="readyReceivesTheNewestBufferedViewAndForegroundWithoutAnyEarlierCommands[jvm]" classname="dev.partydeck.app.controller.EmbeddedPresentationControllerTest" time="0.024"/>
  <testcase name="pickerChoiceWaitsForTheControllersActualForegroundPublicationInBothModes[jvm]" classname="dev.partydeck.app.controller.EmbeddedPresentationControllerTest" time="0.024"/>
  <testcase name="boundedDeliveryBacklogFallsBackWithoutEndingTheSession[jvm]" classname="dev.partydeck.app.controller.EmbeddedPresentationControllerTest" time="0.03"/>
  <testcase name="aStalledSendTimesOutClosesNativeAndKeepsTheSamePrivateHand[jvm]" classname="dev.partydeck.app.controller.EmbeddedPresentationControllerTest" time="0.017"/>
  <testcase name="commandsRetainTheirNativeLifecycleGenerationAcrossAStalledSend[jvm]" classname="dev.partydeck.app.controller.EmbeddedPresentationControllerTest" time="0.015"/>
  <testcase name="aCloseTimeoutDisablesFurtherNativeOpensWhileTheSessionContinues[jvm]" classname="dev.partydeck.app.controller.EmbeddedPresentationControllerTest" time="0.024"/>
  <testcase name="queuedInputFromBeforeRapidForegroundLossAndRegainCannotMutateAuthority[jvm]" classname="dev.partydeck.app.controller.EmbeddedPresentationControllerTest" time="0.023"/>
  <testcase name="aNewNativePrivacyGenerationRefreshesAnUnchangedForegroundOnce[jvm]" classname="dev.partydeck.app.controller.EmbeddedPresentationControllerTest" time="0.013"/>
  <testcase name="bothModesSubmitToPracticeAuthorityOnceAndReturnToTheSameConcealedSession[jvm]" classname="dev.partydeck.app.controller.EmbeddedPresentationControllerTest" time="0.053"/>
  <testcase name="rulesAndChangedRendererPreferencesReturnToComposeWithoutReplacingTheSession[jvm]" classname="dev.partydeck.app.controller.EmbeddedPresentationControllerTest" time="0.023"/>
  <testcase name="unavailableFactoriesNeverStartAndMissingReadyFallsBackToTheLiveTable[jvm]" classname="dev.partydeck.app.controller.EmbeddedPresentationControllerTest" time="0.015"/>
  <testcase name="switchingModesWaitsForCloseAndDoesNotOpenASecondNativeEngine[jvm]" classname="dev.partydeck.app.controller.EmbeddedPresentationControllerTest" time="0.012"/>
  <system-out><![CDATA[]]></system-out>
  <system-err><![CDATA[]]></system-err>
</testsuite>
