<?xml version="1.0" encoding="UTF-8"?>
<testsuite name="EmbeddedPresentationCloseAvailabilityTest[jvm]" tests="6" skipped="0" failures="0" errors="0" timestamp="2026-09-10T18:43:45.388Z" hostname="runnervmlun5p" time="0.535">
  <properties/>
  <testcase name="successfulCloseRevalidatesBothTheAdvertisedModeAndItsFactory[jvm]" classname="dev.partydeck.app.controller.EmbeddedPresentationCloseAvailabilityTest" time="0.131"/>
  <testcase name="restoredAvailabilityDoesNotRestartTheSelectionTimeout[jvm]" classname="dev.partydeck.app.controller.EmbeddedPresentationCloseAvailabilityTest" time="0.024"/>
  <testcase name="modeSwitchSurvivesTheCloseAvailabilityGapAndRequiresFocusInEitherOrder[jvm]" classname="dev.partydeck.app.controller.EmbeddedPresentationCloseAvailabilityTest" time="0.239"/>
  <testcase name="closeAvailabilityGapDoesNotPreserveAnInvalidatedSelection[jvm]" classname="dev.partydeck.app.controller.EmbeddedPresentationCloseAvailabilityTest" time="0.106"/>
  <testcase name="failedOrTimedOutCloseQuarantinesThePendingModeDespiteLaterAvailability[jvm]" classname="dev.partydeck.app.controller.EmbeddedPresentationCloseAvailabilityTest" time="0.021"/>
  <testcase name="monotonicDeadlineStillRejectsCloseCompletionBeforeTheTimerRuns[jvm]" classname="dev.partydeck.app.controller.EmbeddedPresentationCloseAvailabilityTest" time="0.014"/>
  <system-out><![CDATA[]]></system-out>
  <system-err><![CDATA[]]></system-err>
</testsuite>
