<?xml version="1.0" encoding="UTF-8"?>
<testsuite name="HomeLayoutTest[jvm]" tests="4" skipped="0" failures="0" errors="0" timestamp="2026-09-10T18:43:27.128Z" hostname="runnervmlun5p" time="8.114">
  <properties/>
  <testcase name="homeAtPhoneSize[jvm]" classname="dev.partydeck.app.HomeLayoutTest" time="2.099"/>
  <testcase name="navigationRemainsReachableOnShortLandscapePhone[jvm]" classname="dev.partydeck.app.HomeLayoutTest" time="2.032"/>
  <testcase name="homeAdaptsToLandscape[jvm]" classname="dev.partydeck.app.HomeLayoutTest" time="3.353"/>
  <testcase name="navigationRemainsReachableAtTwoHundredPercentText[jvm]" classname="dev.partydeck.app.HomeLayoutTest" time="0.629"/>
  <system-out><![CDATA[]]></system-out>
  <system-err><![CDATA[]]></system-err>
</testsuite>
