<?xml version="1.0" encoding="UTF-8"?>
<testsuite name="dev.partydeck.app.godot.GodotQualificationObservationTest" tests="13" skipped="0" failures="0" errors="0" timestamp="2026-09-10T18:44:13.418Z" hostname="runnervmlun5p" time="0.102">
  <properties/>
  <testcase name="sanitizerRejectsUnknownFieldsGroupsDuplicateSlotsAndMalformedFilteredControls" classname="dev.partydeck.app.godot.GodotQualificationObservationTest" time="0.007"/>
  <testcase name="clockRegressionAndCounterExhaustionDisableOnlyObservation" classname="dev.partydeck.app.godot.GodotQualificationObservationTest" time="0.014"/>
  <testcase name="geometryIdentityDensityAndPrivacyChangesInvalidatePendingReplies" classname="dev.partydeck.app.godot.GodotQualificationObservationTest" time="0.001"/>
  <testcase name="requestsRequireCurrentCommandDeliveryAndVisibleNativeSurface" classname="dev.partydeck.app.godot.GodotQualificationObservationTest" time="0.0"/>
  <testcase name="strictCountersCountsBooleansAndConcealedBindingsAreChecked" classname="dev.partydeck.app.godot.GodotQualificationObservationTest" time="0.01"/>
  <testcase name="sanitizerDropsNonpublishedRolesAndContainsNoPrivateIdentifiers" classname="dev.partydeck.app.godot.GodotQualificationObservationTest" time="0.05"/>
  <testcase name="commandsAndLocalInputsRevokePublishedStateWithoutAuthorityProgress" classname="dev.partydeck.app.godot.GodotQualificationObservationTest" time="0.004"/>
  <testcase name="invalidNativeBoundsAndUnacknowledgedInvalidRevisionFailClosed" classname="dev.partydeck.app.godot.GodotQualificationObservationTest" time="0.0"/>
  <testcase name="wrongIdentityModeRevisionSequenceAndViewportCannotPublish" classname="dev.partydeck.app.godot.GodotQualificationObservationTest" time="0.001"/>
  <testcase name="boundedGeometryRejectsOffViewportClipsAndFalseVisibleRectangles" classname="dev.partydeck.app.godot.GodotQualificationObservationTest" time="0.003"/>
  <testcase name="timeoutAndFiniteExpiryRevokeWithoutIssuingRequests" classname="dev.partydeck.app.godot.GodotQualificationObservationTest" time="0.001"/>
  <testcase name="oldRepliesDoNotConsumeAReplacementRequest" classname="dev.partydeck.app.godot.GodotQualificationObservationTest" time="0.0"/>
  <testcase name="onlyOneRequestIsPendingAndRefreshRateIsBounded" classname="dev.partydeck.app.godot.GodotQualificationObservationTest" time="0.001"/>
  <system-out><![CDATA[]]></system-out>
  <system-err><![CDATA[]]></system-err>
</testsuite>
