<?xml version="1.0" encoding="UTF-8"?>
<testsuite name="dev.partydeck.app.godot.GodotCommandEpochReviewTest" tests="6" skipped="0" failures="0" errors="0" timestamp="2026-09-10T18:44:13.280Z" hostname="runnervmlun5p" time="0.063">
  <properties/>
  <testcase name="generationZeroCannotDeliverBeforeTheFirstPublishedLifecycle" classname="dev.partydeck.app.godot.GodotCommandEpochReviewTest" time="0.026"/>
  <testcase name="supersededTransportDataCanReleaseCapacityWithoutConsumingNativeReady" classname="dev.partydeck.app.godot.GodotCommandEpochReviewTest" time="0.025"/>
  <testcase name="lateCommandsStaySupersededAcrossLossRegainAndClosedAdmissionCannotRevive" classname="dev.partydeck.app.godot.GodotCommandEpochReviewTest" time="0.0"/>
  <testcase name="generationExhaustionNeverWrapsOrReopensTheOldEpoch" classname="dev.partydeck.app.godot.GodotCommandEpochReviewTest" time="0.001"/>
  <testcase name="invalidCommandsCannotPrimeConfirmationAndTheMarkerCannotBeRepeated" classname="dev.partydeck.app.godot.GodotCommandEpochReviewTest" time="0.0"/>
  <testcase name="obsoleteFirstConfirmationIsDeliveredOnlyWithTheFirstCurrentCommand" classname="dev.partydeck.app.godot.GodotCommandEpochReviewTest" time="0.0"/>
  <system-out><![CDATA[]]></system-out>
  <system-err><![CDATA[]]></system-err>
</testsuite>
