<?xml version="1.0" encoding="UTF-8"?>
<testsuite name="dev.partydeck.app.scanner.QrInvitationDecoderTest" tests="4" skipped="0" failures="0" errors="0" timestamp="2026-09-10T18:44:13.527Z" hostname="runnervmlun5p" time="0.612">
  <properties/>
  <testcase name="rejectsUnrelatedMalformedAndOversizedQrPayloads" classname="dev.partydeck.app.scanner.QrInvitationDecoderTest" time="0.426"/>
  <testcase name="readsTheInvitationAtEveryQuarterTurnWithoutRotatingCameraFrames" classname="dev.partydeck.app.scanner.QrInvitationDecoderTest" time="0.105"/>
  <testcase name="rejectsTruncatedOrOversizedPlanesBeforeReadingCameraMemory" classname="dev.partydeck.app.scanner.QrInvitationDecoderTest" time="0.002"/>
  <testcase name="decodesAnExactInvitationFromPaddedCameraRowsAndInterleavedPixels" classname="dev.partydeck.app.scanner.QrInvitationDecoderTest" time="0.078"/>
  <system-out><![CDATA[]]></system-out>
  <system-err><![CDATA[]]></system-err>
</testsuite>
