<?xml version="1.0" encoding="UTF-8"?>
<testsuite name="dev.partydeck.app.godot.GodotPresentationActivationTest" tests="6" skipped="0" failures="0" errors="0" timestamp="2026-09-10T18:44:13.383Z" hostname="runnervmlun5p" time="0.027">
  <properties/>
  <testcase name="observationRequiresQualificationAndTheAdmittedMode" classname="dev.partydeck.app.godot.GodotPresentationActivationTest" time="0.011"/>
  <testcase name="unknownProfilesCannotEnableKnownModes" classname="dev.partydeck.app.godot.GodotPresentationActivationTest" time="0.001"/>
  <testcase name="aMalformedTokenClosesTheWholeList" classname="dev.partydeck.app.godot.GodotPresentationActivationTest" time="0.011"/>
  <testcase name="futureShippingExposureUsesTheSamePackagedList" classname="dev.partydeck.app.godot.GodotPresentationActivationTest" time="0.0"/>
  <testcase name="qualificationExposesOnlyThePackagedSubset" classname="dev.partydeck.app.godot.GodotPresentationActivationTest" time="0.0"/>
  <testcase name="missingOrEmptyMetadataKeepsChoicesClosed" classname="dev.partydeck.app.godot.GodotPresentationActivationTest" time="0.0"/>
  <system-out><![CDATA[]]></system-out>
  <system-err><![CDATA[]]></system-err>
</testsuite>
