<?xml version="1.0" encoding="UTF-8"?>
<testsuite name="dev.partydeck.app.godot.GodotIpcWindowReviewTest" tests="6" skipped="0" failures="0" errors="0" timestamp="2026-09-10T18:44:13.355Z" hostname="runnervmlun5p" time="0.023">
  <properties/>
  <testcase name="byteArithmeticCannotWrapAndRejectedSizesDoNotDisplaceAcceptedItems" classname="dev.partydeck.app.godot.GodotIpcWindowReviewTest" time="0.005"/>
  <testcase name="countPressureIncludesOutstandingAndOnlyItsExactAckRestoresCapacity" classname="dev.partydeck.app.godot.GodotIpcWindowReviewTest" time="0.004"/>
  <testcase name="clearingDisposesEveryRetainedItemOnceAndDoesNotReuseItsSequence" classname="dev.partydeck.app.godot.GodotIpcWindowReviewTest" time="0.002"/>
  <testcase name="sequenceExhaustionRejectsFurtherDataEvenAfterAckOrDisposal" classname="dev.partydeck.app.godot.GodotIpcWindowReviewTest" time="0.006"/>
  <testcase name="aggregateBytePressureCountsUtf8AndOutstandingDataUntilAcknowledged" classname="dev.partydeck.app.godot.GodotIpcWindowReviewTest" time="0.001"/>
  <testcase name="oversizeAdmissionFailurePreservesFifoAndTheNextAssignableSequence" classname="dev.partydeck.app.godot.GodotIpcWindowReviewTest" time="0.001"/>
  <system-out><![CDATA[]]></system-out>
  <system-err><![CDATA[]]></system-err>
</testsuite>
