<?xml version="1.0" encoding="UTF-8"?>
<testsuite name="GameplayLayoutTest[jvm]" tests="7" skipped="0" failures="0" errors="0" timestamp="2026-09-10T16:24:46.139Z" hostname="oblien" time="7.114">
  <properties/>
  <testcase name="handAndResultsRemainUsableOnShortLandscapePhone[jvm]" classname="dev.partydeck.app.GameplayLayoutTest" time="2.772"/>
  <testcase name="handAndResultsRemainUsableAtLargeText[jvm]" classname="dev.partydeck.app.GameplayLayoutTest" time="1.432"/>
  <testcase name="normalChoiceSupportsThreeCardsAndAReadableLongClaimant[jvm]" classname="dev.partydeck.app.GameplayLayoutTest" time="0.499"/>
  <testcase name="handAndResultsRemainUsableInTabletWindow[jvm]" classname="dev.partydeck.app.GameplayLayoutTest" time="1.291"/>
  <testcase name="forcedChallengeKeepsOneClearActionAndGatesPendingRequests[jvm]" classname="dev.partydeck.app.GameplayLayoutTest" time="0.089"/>
  <testcase name="revealedWildAndMismatchingRankExplainTheBluff[jvm]" classname="dev.partydeck.app.GameplayLayoutTest" time="0.053"/>
  <testcase name="fifthCardAndPrivateHandControlsWorkOnNarrowPhone[jvm]" classname="dev.partydeck.app.GameplayLayoutTest" time="0.97"/>
  <system-out><![CDATA[]]></system-out>
  <system-err><![CDATA[]]></system-err>
</testsuite>
