<?xml version="1.0" encoding="UTF-8"?>
<testsuite name="StandardReturnLayoutTest[jvm]" tests="2" skipped="0" failures="2" errors="0" timestamp="2026-09-10T22:26:50.303Z" hostname="oblien" time="1.498">
  <properties/>
  <testcase name="standardReturnShowsTheWholeConcealedHandControlWithoutScrolling[jvm]" classname="dev.partydeck.app.StandardReturnLayoutTest" time="1.405">
    <failure message="java.lang.AssertionError: returned-concealed: the entire Reveal must be visible before scrolling: DpRect(left=36.0.dp, top=780.0.dp, right=375.0.dp, bottom=856.0.dp) in DpRect(left=0.0.dp, top=0.0.dp, right=411.0.dp, bottom=662.0.dp)" type="java.lang.AssertionError">java.lang.AssertionError: returned-concealed: the entire Reveal must be visible before scrolling: DpRect(left=36.0.dp, top=780.0.dp, right=375.0.dp, bottom=856.0.dp) in DpRect(left=0.0.dp, top=0.0.dp, right=411.0.dp, bottom=662.0.dp)
	at org.junit.Assert.fail(Assert.java:89)
	at kotlin.test.junit.JUnitAsserter.fail(JUnitSupport.kt:56)
	at kotlin.test.Asserter.assertTrue(Assertions.kt:1545)
	at kotlin.test.junit.JUnitAsserter.assertTrue(JUnitSupport.kt:30)
	at kotlin.test.Asserter.assertTrue(Assertions.kt:1555)
	at kotlin.test.junit.JUnitAsserter.assertTrue(JUnitSupport.kt:30)
	at kotlin.test.AssertionsKt__AssertionsKt.assertTrue(Assertions.kt:44)
	at kotlin.test.AssertionsKt.assertTrue(Unknown Source)
	at dev.partydeck.app.StandardReturnLayoutTest$qualifyConcealedControl$1.invokeSuspend(StandardReturnLayoutTest.kt:146)
	at dev.partydeck.app.StandardReturnLayoutTest$qualifyConcealedControl$1.invoke(StandardReturnLayoutTest.kt)
	at dev.partydeck.app.StandardReturnLayoutTest$qualifyConcealedControl$1.invoke(StandardReturnLayoutTest.kt)
	at androidx.compose.ui.test.SkikoComposeUiTest$runTest$1$1$1$1$1.invokeSuspend(ComposeUiTest.skiko.kt:276)
	at androidx.compose.ui.test.SkikoComposeUiTest$runTest$1$1$1$1$1.invoke(ComposeUiTest.skiko.kt)
	at androidx.compose.ui.test.SkikoComposeUiTest$runTest$1$1$1$1$1.invoke(ComposeUiTest.skiko.kt)
	at androidx.compose.ui.platform.FrameRecomposer$withMonotonicFrameClock$2.invokeSuspend(FrameRecomposer.skiko.kt:182)
	at androidx.compose.ui.platform.FrameRecomposer$withMonotonicFrameClock$2.invoke(FrameRecomposer.skiko.kt)
	at androidx.compose.ui.platform.FrameRecomposer$withMonotonicFrameClock$2.invoke(FrameRecomposer.skiko.kt)
	at kotlinx.coroutines.intrinsics.UndispatchedKt.startUndispatched(Undispatched.kt:66)
	at kotlinx.coroutines.intrinsics.UndispatchedKt.startUndispatchedOrReturn(Undispatched.kt:43)
	at kotlinx.coroutines.BuildersKt__Builders_commonKt.withContext(Builders.common.kt:497)
	at kotlinx.coroutines.BuildersKt.withContext(Unknown Source)
	at androidx.compose.ui.platform.FrameRecomposer.withMonotonicFrameClock(FrameRecomposer.skiko.kt:181)
	at androidx.compose.ui.test.SkikoComposeUiTest$runTest$1.invokeSuspend(ComposeUiTest.skiko.kt:275)
	at androidx.compose.ui.test.SkikoComposeUiTest$runTest$1.invoke(ComposeUiTest.skiko.kt)
	at androidx.compose.ui.test.SkikoComposeUiTest$runTest$1.invoke(ComposeUiTest.skiko.kt)
	at kotlinx.coroutines.test.TestBuildersKt__TestBuildersKt$runTest$2$1$1.invokeSuspend(TestBuilders.kt:317)
	at _COROUTINE._BOUNDARY._(CoroutineDebugging.kt:42)
	at androidx.compose.ui.test.SkikoComposeUiTest$runTest$1.invokeSuspend(ComposeUiTest.skiko.kt:275)
	at kotlinx.coroutines.test.TestBuildersKt__TestBuildersKt$runTest$2$1$1.invokeSuspend(TestBuilders.kt:317)
Caused by: java.lang.AssertionError: returned-concealed: the entire Reveal must be visible before scrolling: DpRect(left=36.0.dp, top=780.0.dp, right=375.0.dp, bottom=856.0.dp) in DpRect(left=0.0.dp, top=0.0.dp, right=411.0.dp, bottom=662.0.dp)
	at org.junit.Assert.fail(Assert.java:89)
	at kotlin.test.junit.JUnitAsserter.fail(JUnitSupport.kt:56)
	at kotlin.test.Asserter.assertTrue(Assertions.kt:1545)
	at kotlin.test.junit.JUnitAsserter.assertTrue(JUnitSupport.kt:30)
	at kotlin.test.Asserter.assertTrue(Assertions.kt:1555)
	at kotlin.test.junit.JUnitAsserter.assertTrue(JUnitSupport.kt:30)
	at kotlin.test.AssertionsKt__AssertionsKt.assertTrue(Assertions.kt:44)
	at kotlin.test.AssertionsKt.assertTrue(Unknown Source)
	at dev.partydeck.app.StandardReturnLayoutTest$qualifyConcealedControl$1.invokeSuspend(StandardReturnLayoutTest.kt:146)
	at dev.partydeck.app.StandardReturnLayoutTest$qualifyConcealedControl$1.invoke(StandardReturnLayoutTest.kt)
	at dev.partydeck.app.StandardReturnLayoutTest$qualifyConcealedControl$1.invoke(StandardReturnLayoutTest.kt)
	at androidx.compose.ui.test.SkikoComposeUiTest$runTest$1$1$1$1$1.invokeSuspend(ComposeUiTest.skiko.kt:276)
	at androidx.compose.ui.test.SkikoComposeUiTest$runTest$1$1$1$1$1.invoke(ComposeUiTest.skiko.kt)
	at androidx.compose.ui.test.SkikoComposeUiTest$runTest$1$1$1$1$1.invoke(ComposeUiTest.skiko.kt)
	at androidx.compose.ui.platform.FrameRecomposer$withMonotonicFrameClock$2.invokeSuspend(FrameRecomposer.skiko.kt:182)
	at androidx.compose.ui.platform.FrameRecomposer$withMonotonicFrameClock$2.invoke(FrameRecomposer.skiko.kt)
	at androidx.compose.ui.platform.FrameRecomposer$withMonotonicFrameClock$2.invoke(FrameRecomposer.skiko.kt)
	at kotlinx.coroutines.intrinsics.UndispatchedKt.startUndispatched(Undispatched.kt:66)
	at kotlinx.coroutines.intrinsics.UndispatchedKt.startUndispatchedOrReturn(Undispatched.kt:43)
	at kotlinx.coroutines.BuildersKt__Builders_commonKt.withContext(Builders.common.kt:497)
	at kotlinx.coroutines.BuildersKt.withContext(Unknown Source)
	at androidx.compose.ui.platform.FrameRecomposer.withMonotonicFrameClock(FrameRecomposer.skiko.kt:181)
	at androidx.compose.ui.test.SkikoComposeUiTest$runTest$1.invokeSuspend(ComposeUiTest.skiko.kt:275)
	at androidx.compose.ui.test.SkikoComposeUiTest$runTest$1.invoke(ComposeUiTest.skiko.kt)
	at androidx.compose.ui.test.SkikoComposeUiTest$runTest$1.invoke(ComposeUiTest.skiko.kt)
	at kotlinx.coroutines.test.TestBuildersKt__TestBuildersKt$runTest$2$1$1.invokeSuspend(TestBuilders.kt:317)
	at kotlin.coroutines.jvm.internal.BaseContinuationImpl.resumeWith(ContinuationImpl.kt:34)
	at kotlinx.coroutines.DispatchedTask.run(DispatchedTask.kt:100)
	at kotlinx.coroutines.test.TestDispatcher.processEvent$kotlinx_coroutines_test(TestDispatcher.kt:24)
	at kotlinx.coroutines.test.TestCoroutineScheduler.tryRunNextTaskUnless$kotlinx_coroutines_test(TestCoroutineScheduler.kt:98)
	at kotlinx.coroutines.test.TestBuildersKt__TestBuildersKt$runTest$2$1$workRunner$1.invokeSuspend(TestBuilders.kt:326)
	at kotlin.coroutines.jvm.internal.BaseContinuationImpl.resumeWith(ContinuationImpl.kt:34)
	at kotlinx.coroutines.DispatchedTask.run(DispatchedTask.kt:100)
	at kotlinx.coroutines.EventLoopImplBase.processNextEvent(EventLoop.common.kt:256)
	at kotlinx.coroutines.BlockingCoroutine.joinBlocking(Builders.kt:54)
	at kotlinx.coroutines.BuildersKt__BuildersKt.runBlockingImpl(Builders.kt:30)
	at kotlinx.coroutines.BuildersKt.runBlockingImpl(Unknown Source)
	at kotlinx.coroutines.BuildersKt__Builders_concurrentKt.runBlockingK(Builders.concurrent.kt:172)
	at kotlinx.coroutines.BuildersKt.runBlockingK(Unknown Source)
	at kotlinx.coroutines.BuildersKt__Builders_concurrentKt.runBlockingK$default(Builders.concurrent.kt:157)
	at kotlinx.coroutines.BuildersKt.runBlockingK$default(Unknown Source)
	at kotlinx.coroutines.test.TestBuildersJvmKt.createTestResult(TestBuildersJvm.kt:10)
	at kotlinx.coroutines.test.TestBuildersKt__TestBuildersKt.runTest-8Mi8wO0(TestBuilders.kt:309)
	at kotlinx.coroutines.test.TestBuildersKt.runTest-8Mi8wO0(TestBuilders.kt:1)
	at kotlinx.coroutines.test.TestBuildersKt__TestBuildersKt.runTest-8Mi8wO0(TestBuilders.kt:167)
	at kotlinx.coroutines.test.TestBuildersKt.runTest-8Mi8wO0(TestBuilders.kt:1)
	at androidx.compose.ui.test.SkikoComposeUiTest.runTest(ComposeUiTest.skiko.kt:263)
	at androidx.compose.ui.test.v2.ComposeUiTest_skikoKt.runSkikoComposeUiTest-uV_hrag(ComposeUiTest.skiko.kt:137)
	at androidx.compose.ui.test.v2.ComposeUiTest_skikoKt.runSkikoComposeUiTest-uV_hrag$default(ComposeUiTest.skiko.kt:119)
	at dev.partydeck.app.StandardReturnLayoutTest.qualifyConcealedControl(StandardReturnLayoutTest.kt:67)
	at dev.partydeck.app.StandardReturnLayoutTest.standardReturnShowsTheWholeConcealedHandControlWithoutScrolling(StandardReturnLayoutTest.kt:65)
	at java.base/jdk.internal.reflect.DirectMethodHandleAccessor.invoke(DirectMethodHandleAccessor.java:103)
	at java.base/java.lang.reflect.Method.invoke(Method.java:580)
	at org.junit.runners.model.FrameworkMethod$1.runReflectiveCall(FrameworkMethod.java:59)
	at org.junit.internal.runners.model.ReflectiveCallable.run(ReflectiveCallable.java:12)
	at org.junit.runners.model.FrameworkMethod.invokeExplosively(FrameworkMethod.java:56)
	at org.junit.internal.runners.statements.InvokeMethod.evaluate(InvokeMethod.java:17)
	at org.junit.runners.ParentRunner$3.evaluate(ParentRunner.java:306)
	at org.junit.runners.BlockJUnit4ClassRunner$1.evaluate(BlockJUnit4ClassRunner.java:100)
	at org.junit.runners.ParentRunner.runLeaf(ParentRunner.java:366)
	at org.junit.runners.BlockJUnit4ClassRunner.runChild(BlockJUnit4ClassRunner.java:103)
	at org.junit.runners.BlockJUnit4ClassRunner.runChild(BlockJUnit4ClassRunner.java:63)
	at org.junit.runners.ParentRunner$4.run(ParentRunner.java:331)
	at org.junit.runners.ParentRunner$1.schedule(ParentRunner.java:79)
	at org.junit.runners.ParentRunner.runChildren(ParentRunner.java:329)
	at org.junit.runners.ParentRunner.access$100(ParentRunner.java:66)
	at org.junit.runners.ParentRunner$2.evaluate(ParentRunner.java:293)
	at org.junit.runners.ParentRunner$3.evaluate(ParentRunner.java:306)
	at org.junit.runners.ParentRunner.run(ParentRunner.java:413)
	at org.junit.runner.JUnitCore.run(JUnitCore.java:137)
	at org.junit.runner.JUnitCore.run(JUnitCore.java:115)
	at org.gradle.api.internal.tasks.testing.junit.JUnitTestExecutor.runRequest(JUnitTestExecutor.java:174)
	at org.gradle.api.internal.tasks.testing.junit.JUnitTestExecutor.accept(JUnitTestExecutor.java:84)
	at org.gradle.api.internal.tasks.testing.junit.JUnitTestExecutor.accept(JUnitTestExecutor.java:47)
	at org.gradle.api.internal.tasks.testing.junit.AbstractJUnitTestDefinitionProcessor.processTestDefinition(AbstractJUnitTestDefinitionProcessor.java:65)
	at org.gradle.api.internal.tasks.testing.SuiteTestDefinitionProcessor.processTestDefinition(SuiteTestDefinitionProcessor.java:53)
	at java.base/jdk.internal.reflect.DirectMethodHandleAccessor.invoke(DirectMethodHandleAccessor.java:103)
	at java.base/java.lang.reflect.Method.invoke(Method.java:580)
	at org.gradle.internal.dispatch.MethodInvocation.invokeOn(MethodInvocation.java:77)
	at org.gradle.internal.dispatch.ReflectionDispatch.dispatch(ReflectionDispatch.java:28)
	at org.gradle.internal.dispatch.ReflectionDispatch.dispatch(ReflectionDispatch.java:19)
	at org.gradle.internal.dispatch.ContextClassLoaderDispatch.dispatch(ContextClassLoaderDispatch.java:33)
	at org.gradle.internal.dispatch.ProxyDispatchAdapter$DispatchingInvocationHandler.invoke(ProxyDispatchAdapter.java:88)
	at jdk.proxy1/jdk.proxy1.$Proxy4.processTestDefinition(Unknown Source)
	at org.gradle.api.internal.tasks.testing.worker.TestWorker$2.run(TestWorker.java:178)
	at org.gradle.api.internal.tasks.testing.worker.TestWorker.executeAndMaintainThreadName(TestWorker.java:126)
	at org.gradle.api.internal.tasks.testing.worker.TestWorker.execute(TestWorker.java:103)
	at org.gradle.api.internal.tasks.testing.worker.TestWorker.execute(TestWorker.java:63)
	at org.gradle.process.internal.worker.child.ActionExecutionWorker.execute(ActionExecutionWorker.java:56)
	at org.gradle.process.internal.worker.child.SystemApplicationClassLoaderWorker.call(SystemApplicationClassLoaderWorker.java:122)
	at org.gradle.process.internal.worker.child.SystemApplicationClassLoaderWorker.call(SystemApplicationClassLoaderWorker.java:72)
	at worker.org.gradle.process.internal.worker.GradleWorkerMain.run(GradleWorkerMain.java:69)
	at worker.org.gradle.process.internal.worker.GradleWorkerMain.main(GradleWorkerMain.java:74)
</failure>
  </testcase>
  <testcase name="freshLargeTextTableShowsTheWholeConcealedHandControlWithoutScrolling[jvm]" classname="dev.partydeck.app.StandardReturnLayoutTest" time="0.088">
    <failure message="java.lang.AssertionError: fresh-concealed: the entire Reveal must be visible before scrolling: DpRect(left=36.0.dp, top=780.0.dp, right=375.0.dp, bottom=856.0.dp) in DpRect(left=0.0.dp, top=0.0.dp, right=411.0.dp, bottom=662.0.dp)" type="java.lang.AssertionError">java.lang.AssertionError: fresh-concealed: the entire Reveal must be visible before scrolling: DpRect(left=36.0.dp, top=780.0.dp, right=375.0.dp, bottom=856.0.dp) in DpRect(left=0.0.dp, top=0.0.dp, right=411.0.dp, bottom=662.0.dp)
	at org.junit.Assert.fail(Assert.java:89)
	at kotlin.test.junit.JUnitAsserter.fail(JUnitSupport.kt:56)
	at kotlin.test.Asserter.assertTrue(Assertions.kt:1545)
	at kotlin.test.junit.JUnitAsserter.assertTrue(JUnitSupport.kt:30)
	at kotlin.test.Asserter.assertTrue(Assertions.kt:1555)
	at kotlin.test.junit.JUnitAsserter.assertTrue(JUnitSupport.kt:30)
	at kotlin.test.AssertionsKt__AssertionsKt.assertTrue(Assertions.kt:44)
	at kotlin.test.AssertionsKt.assertTrue(Unknown Source)
	at dev.partydeck.app.StandardReturnLayoutTest$qualifyConcealedControl$1.invokeSuspend(StandardReturnLayoutTest.kt:146)
	at dev.partydeck.app.StandardReturnLayoutTest$qualifyConcealedControl$1.invoke(StandardReturnLayoutTest.kt)
	at dev.partydeck.app.StandardReturnLayoutTest$qualifyConcealedControl$1.invoke(StandardReturnLayoutTest.kt)
	at androidx.compose.ui.test.SkikoComposeUiTest$runTest$1$1$1$1$1.invokeSuspend(ComposeUiTest.skiko.kt:276)
	at androidx.compose.ui.test.SkikoComposeUiTest$runTest$1$1$1$1$1.invoke(ComposeUiTest.skiko.kt)
	at androidx.compose.ui.test.SkikoComposeUiTest$runTest$1$1$1$1$1.invoke(ComposeUiTest.skiko.kt)
	at androidx.compose.ui.platform.FrameRecomposer$withMonotonicFrameClock$2.invokeSuspend(FrameRecomposer.skiko.kt:182)
	at androidx.compose.ui.platform.FrameRecomposer$withMonotonicFrameClock$2.invoke(FrameRecomposer.skiko.kt)
	at androidx.compose.ui.platform.FrameRecomposer$withMonotonicFrameClock$2.invoke(FrameRecomposer.skiko.kt)
	at kotlinx.coroutines.intrinsics.UndispatchedKt.startUndispatched(Undispatched.kt:66)
	at kotlinx.coroutines.intrinsics.UndispatchedKt.startUndispatchedOrReturn(Undispatched.kt:43)
	at kotlinx.coroutines.BuildersKt__Builders_commonKt.withContext(Builders.common.kt:497)
	at kotlinx.coroutines.BuildersKt.withContext(Unknown Source)
	at androidx.compose.ui.platform.FrameRecomposer.withMonotonicFrameClock(FrameRecomposer.skiko.kt:181)
	at androidx.compose.ui.test.SkikoComposeUiTest$runTest$1.invokeSuspend(ComposeUiTest.skiko.kt:275)
	at androidx.compose.ui.test.SkikoComposeUiTest$runTest$1.invoke(ComposeUiTest.skiko.kt)
	at androidx.compose.ui.test.SkikoComposeUiTest$runTest$1.invoke(ComposeUiTest.skiko.kt)
	at kotlinx.coroutines.test.TestBuildersKt__TestBuildersKt$runTest$2$1$1.invokeSuspend(TestBuilders.kt:317)
	at _COROUTINE._BOUNDARY._(CoroutineDebugging.kt:42)
	at androidx.compose.ui.test.SkikoComposeUiTest$runTest$1.invokeSuspend(ComposeUiTest.skiko.kt:275)
	at kotlinx.coroutines.test.TestBuildersKt__TestBuildersKt$runTest$2$1$1.invokeSuspend(TestBuilders.kt:317)
Caused by: java.lang.AssertionError: fresh-concealed: the entire Reveal must be visible before scrolling: DpRect(left=36.0.dp, top=780.0.dp, right=375.0.dp, bottom=856.0.dp) in DpRect(left=0.0.dp, top=0.0.dp, right=411.0.dp, bottom=662.0.dp)
	at org.junit.Assert.fail(Assert.java:89)
	at kotlin.test.junit.JUnitAsserter.fail(JUnitSupport.kt:56)
	at kotlin.test.Asserter.assertTrue(Assertions.kt:1545)
	at kotlin.test.junit.JUnitAsserter.assertTrue(JUnitSupport.kt:30)
	at kotlin.test.Asserter.assertTrue(Assertions.kt:1555)
	at kotlin.test.junit.JUnitAsserter.assertTrue(JUnitSupport.kt:30)
	at kotlin.test.AssertionsKt__AssertionsKt.assertTrue(Assertions.kt:44)
	at kotlin.test.AssertionsKt.assertTrue(Unknown Source)
	at dev.partydeck.app.StandardReturnLayoutTest$qualifyConcealedControl$1.invokeSuspend(StandardReturnLayoutTest.kt:146)
	at dev.partydeck.app.StandardReturnLayoutTest$qualifyConcealedControl$1.invoke(StandardReturnLayoutTest.kt)
	at dev.partydeck.app.StandardReturnLayoutTest$qualifyConcealedControl$1.invoke(StandardReturnLayoutTest.kt)
	at androidx.compose.ui.test.SkikoComposeUiTest$runTest$1$1$1$1$1.invokeSuspend(ComposeUiTest.skiko.kt:276)
	at androidx.compose.ui.test.SkikoComposeUiTest$runTest$1$1$1$1$1.invoke(ComposeUiTest.skiko.kt)
	at androidx.compose.ui.test.SkikoComposeUiTest$runTest$1$1$1$1$1.invoke(ComposeUiTest.skiko.kt)
	at androidx.compose.ui.platform.FrameRecomposer$withMonotonicFrameClock$2.invokeSuspend(FrameRecomposer.skiko.kt:182)
	at androidx.compose.ui.platform.FrameRecomposer$withMonotonicFrameClock$2.invoke(FrameRecomposer.skiko.kt)
	at androidx.compose.ui.platform.FrameRecomposer$withMonotonicFrameClock$2.invoke(FrameRecomposer.skiko.kt)
	at kotlinx.coroutines.intrinsics.UndispatchedKt.startUndispatched(Undispatched.kt:66)
	at kotlinx.coroutines.intrinsics.UndispatchedKt.startUndispatchedOrReturn(Undispatched.kt:43)
	at kotlinx.coroutines.BuildersKt__Builders_commonKt.withContext(Builders.common.kt:497)
	at kotlinx.coroutines.BuildersKt.withContext(Unknown Source)
	at androidx.compose.ui.platform.FrameRecomposer.withMonotonicFrameClock(FrameRecomposer.skiko.kt:181)
	at androidx.compose.ui.test.SkikoComposeUiTest$runTest$1.invokeSuspend(ComposeUiTest.skiko.kt:275)
	at androidx.compose.ui.test.SkikoComposeUiTest$runTest$1.invoke(ComposeUiTest.skiko.kt)
	at androidx.compose.ui.test.SkikoComposeUiTest$runTest$1.invoke(ComposeUiTest.skiko.kt)
	at kotlinx.coroutines.test.TestBuildersKt__TestBuildersKt$runTest$2$1$1.invokeSuspend(TestBuilders.kt:317)
	at kotlin.coroutines.jvm.internal.BaseContinuationImpl.resumeWith(ContinuationImpl.kt:34)
	at kotlinx.coroutines.DispatchedTask.run(DispatchedTask.kt:100)
	at kotlinx.coroutines.test.TestDispatcher.processEvent$kotlinx_coroutines_test(TestDispatcher.kt:24)
	at kotlinx.coroutines.test.TestCoroutineScheduler.tryRunNextTaskUnless$kotlinx_coroutines_test(TestCoroutineScheduler.kt:98)
	at kotlinx.coroutines.test.TestBuildersKt__TestBuildersKt$runTest$2$1$workRunner$1.invokeSuspend(TestBuilders.kt:326)
	at kotlin.coroutines.jvm.internal.BaseContinuationImpl.resumeWith(ContinuationImpl.kt:34)
	at kotlinx.coroutines.DispatchedTask.run(DispatchedTask.kt:100)
	at kotlinx.coroutines.EventLoopImplBase.processNextEvent(EventLoop.common.kt:256)
	at kotlinx.coroutines.BlockingCoroutine.joinBlocking(Builders.kt:54)
	at kotlinx.coroutines.BuildersKt__BuildersKt.runBlockingImpl(Builders.kt:30)
	at kotlinx.coroutines.BuildersKt.runBlockingImpl(Unknown Source)
	at kotlinx.coroutines.BuildersKt__Builders_concurrentKt.runBlockingK(Builders.concurrent.kt:172)
	at kotlinx.coroutines.BuildersKt.runBlockingK(Unknown Source)
	at kotlinx.coroutines.BuildersKt__Builders_concurrentKt.runBlockingK$default(Builders.concurrent.kt:157)
	at kotlinx.coroutines.BuildersKt.runBlockingK$default(Unknown Source)
	at kotlinx.coroutines.test.TestBuildersJvmKt.createTestResult(TestBuildersJvm.kt:10)
	at kotlinx.coroutines.test.TestBuildersKt__TestBuildersKt.runTest-8Mi8wO0(TestBuilders.kt:309)
	at kotlinx.coroutines.test.TestBuildersKt.runTest-8Mi8wO0(TestBuilders.kt:1)
	at kotlinx.coroutines.test.TestBuildersKt__TestBuildersKt.runTest-8Mi8wO0(TestBuilders.kt:167)
	at kotlinx.coroutines.test.TestBuildersKt.runTest-8Mi8wO0(TestBuilders.kt:1)
	at androidx.compose.ui.test.SkikoComposeUiTest.runTest(ComposeUiTest.skiko.kt:263)
	at androidx.compose.ui.test.v2.ComposeUiTest_skikoKt.runSkikoComposeUiTest-uV_hrag(ComposeUiTest.skiko.kt:137)
	at androidx.compose.ui.test.v2.ComposeUiTest_skikoKt.runSkikoComposeUiTest-uV_hrag$default(ComposeUiTest.skiko.kt:119)
	at dev.partydeck.app.StandardReturnLayoutTest.qualifyConcealedControl(StandardReturnLayoutTest.kt:67)
	at dev.partydeck.app.StandardReturnLayoutTest.freshLargeTextTableShowsTheWholeConcealedHandControlWithoutScrolling(StandardReturnLayoutTest.kt:61)
	at java.base/jdk.internal.reflect.DirectMethodHandleAccessor.invoke(DirectMethodHandleAccessor.java:103)
	at java.base/java.lang.reflect.Method.invoke(Method.java:580)
	at org.junit.runners.model.FrameworkMethod$1.runReflectiveCall(FrameworkMethod.java:59)
	at org.junit.internal.runners.model.ReflectiveCallable.run(ReflectiveCallable.java:12)
	at org.junit.runners.model.FrameworkMethod.invokeExplosively(FrameworkMethod.java:56)
	at org.junit.internal.runners.statements.InvokeMethod.evaluate(InvokeMethod.java:17)
	at org.junit.runners.ParentRunner$3.evaluate(ParentRunner.java:306)
	at org.junit.runners.BlockJUnit4ClassRunner$1.evaluate(BlockJUnit4ClassRunner.java:100)
	at org.junit.runners.ParentRunner.runLeaf(ParentRunner.java:366)
	at org.junit.runners.BlockJUnit4ClassRunner.runChild(BlockJUnit4ClassRunner.java:103)
	at org.junit.runners.BlockJUnit4ClassRunner.runChild(BlockJUnit4ClassRunner.java:63)
	at org.junit.runners.ParentRunner$4.run(ParentRunner.java:331)
	at org.junit.runners.ParentRunner$1.schedule(ParentRunner.java:79)
	at org.junit.runners.ParentRunner.runChildren(ParentRunner.java:329)
	at org.junit.runners.ParentRunner.access$100(ParentRunner.java:66)
	at org.junit.runners.ParentRunner$2.evaluate(ParentRunner.java:293)
	at org.junit.runners.ParentRunner$3.evaluate(ParentRunner.java:306)
	at org.junit.runners.ParentRunner.run(ParentRunner.java:413)
	at org.junit.runner.JUnitCore.run(JUnitCore.java:137)
	at org.junit.runner.JUnitCore.run(JUnitCore.java:115)
	at org.gradle.api.internal.tasks.testing.junit.JUnitTestExecutor.runRequest(JUnitTestExecutor.java:174)
	at org.gradle.api.internal.tasks.testing.junit.JUnitTestExecutor.accept(JUnitTestExecutor.java:84)
	at org.gradle.api.internal.tasks.testing.junit.JUnitTestExecutor.accept(JUnitTestExecutor.java:47)
	at org.gradle.api.internal.tasks.testing.junit.AbstractJUnitTestDefinitionProcessor.processTestDefinition(AbstractJUnitTestDefinitionProcessor.java:65)
	at org.gradle.api.internal.tasks.testing.SuiteTestDefinitionProcessor.processTestDefinition(SuiteTestDefinitionProcessor.java:53)
	at java.base/jdk.internal.reflect.DirectMethodHandleAccessor.invoke(DirectMethodHandleAccessor.java:103)
	at java.base/java.lang.reflect.Method.invoke(Method.java:580)
	at org.gradle.internal.dispatch.MethodInvocation.invokeOn(MethodInvocation.java:77)
	at org.gradle.internal.dispatch.ReflectionDispatch.dispatch(ReflectionDispatch.java:28)
	at org.gradle.internal.dispatch.ReflectionDispatch.dispatch(ReflectionDispatch.java:19)
	at org.gradle.internal.dispatch.ContextClassLoaderDispatch.dispatch(ContextClassLoaderDispatch.java:33)
	at org.gradle.internal.dispatch.ProxyDispatchAdapter$DispatchingInvocationHandler.invoke(ProxyDispatchAdapter.java:88)
	at jdk.proxy1/jdk.proxy1.$Proxy4.processTestDefinition(Unknown Source)
	at org.gradle.api.internal.tasks.testing.worker.TestWorker$2.run(TestWorker.java:178)
	at org.gradle.api.internal.tasks.testing.worker.TestWorker.executeAndMaintainThreadName(TestWorker.java:126)
	at org.gradle.api.internal.tasks.testing.worker.TestWorker.execute(TestWorker.java:103)
	at org.gradle.api.internal.tasks.testing.worker.TestWorker.execute(TestWorker.java:63)
	at org.gradle.process.internal.worker.child.ActionExecutionWorker.execute(ActionExecutionWorker.java:56)
	at org.gradle.process.internal.worker.child.SystemApplicationClassLoaderWorker.call(SystemApplicationClassLoaderWorker.java:122)
	at org.gradle.process.internal.worker.child.SystemApplicationClassLoaderWorker.call(SystemApplicationClassLoaderWorker.java:72)
	at worker.org.gradle.process.internal.worker.GradleWorkerMain.run(GradleWorkerMain.java:69)
	at worker.org.gradle.process.internal.worker.GradleWorkerMain.main(GradleWorkerMain.java:74)
</failure>
  </testcase>
  <system-out><![CDATA[]]></system-out>
  <system-err><![CDATA[]]></system-err>
</testsuite>
