<?xml version="1.0" encoding="UTF-8"?>
<testsuite name="PresentationLayoutTest[jvm]" tests="2" skipped="0" failures="0" errors="0" timestamp="2026-09-10T22:11:08.656Z" hostname="oblien" time="2.2">
  <properties/>
  <testcase name="fallbackPreservesSessionAndPendingWhileConcealingHandAndClearingSelection[jvm]" classname="dev.partydeck.app.PresentationLayoutTest" time="1.237"/>
  <testcase name="pickerOffersOnlyAvailableStylesAtTwoHundredPercentText[jvm]" classname="dev.partydeck.app.PresentationLayoutTest" time="0.963"/>
  <system-out><![CDATA[]]></system-out>
  <system-err><![CDATA[]]></system-err>
</testsuite>
