<?xml version="1.0" encoding="UTF-8"?>
<testsuite name="GameplayLayoutTest[jvm]" tests="7" skipped="0" failures="0" errors="0" timestamp="2026-09-10T12:53:56.500Z" hostname="oblien" time="7.34">
  <properties/>
  <testcase name="handAndResultsRemainUsableOnShortLandscapePhone[jvm]" classname="dev.partydeck.app.GameplayLayoutTest" time="2.985"/>
  <testcase name="handAndResultsRemainUsableAtLargeText[jvm]" classname="dev.partydeck.app.GameplayLayoutTest" time="1.436"/>
  <testcase name="normalChoiceSupportsThreeCardsAndAReadableLongClaimant[jvm]" classname="dev.partydeck.app.GameplayLayoutTest" time="0.502"/>
  <testcase name="handAndResultsRemainUsableInTabletWindow[jvm]" classname="dev.partydeck.app.GameplayLayoutTest" time="1.313"/>
  <testcase name="forcedChallengeKeepsOneClearActionAndGatesPendingRequests[jvm]" classname="dev.partydeck.app.GameplayLayoutTest" time="0.092"/>
  <testcase name="revealedWildAndMismatchingRankExplainTheBluff[jvm]" classname="dev.partydeck.app.GameplayLayoutTest" time="0.051"/>
  <testcase name="fifthCardAndPrivateHandControlsWorkOnNarrowPhone[jvm]" classname="dev.partydeck.app.GameplayLayoutTest" time="0.955"/>
  <system-out><![CDATA[]]></system-out>
  <system-err><![CDATA[]]></system-err>
</testsuite>
