<?xml version="1.0" encoding="UTF-8"?>
<testsuite name="dev.partydeck.app.scanner.QrInvitationDecoderTest" tests="4" skipped="0" failures="0" errors="0" timestamp="2026-09-10T16:42:52.993Z" hostname="runnervmlun5p" time="0.446">
  <properties/>
  <testcase name="rejectsUnrelatedMalformedAndOversizedQrPayloads" classname="dev.partydeck.app.scanner.QrInvitationDecoderTest" time="0.27"/>
  <testcase name="readsTheInvitationAtEveryQuarterTurnWithoutRotatingCameraFrames" classname="dev.partydeck.app.scanner.QrInvitationDecoderTest" time="0.11"/>
  <testcase name="rejectsTruncatedOrOversizedPlanesBeforeReadingCameraMemory" classname="dev.partydeck.app.scanner.QrInvitationDecoderTest" time="0.002"/>
  <testcase name="decodesAnExactInvitationFromPaddedCameraRowsAndInterleavedPixels" classname="dev.partydeck.app.scanner.QrInvitationDecoderTest" time="0.061"/>
  <system-out><![CDATA[]]></system-out>
  <system-err><![CDATA[]]></system-err>
</testsuite>
