<?xml version="1.0" encoding="UTF-8"?>
<testsuite name="dev.partydeck.app.godot.GodotPresentationActivationTest" tests="6" skipped="0" failures="0" errors="0" timestamp="2026-09-10T16:42:52.869Z" hostname="runnervmlun5p" time="0.017">
  <properties/>
  <testcase name="observationRequiresQualificationAndTheAdmittedMode" classname="dev.partydeck.app.godot.GodotPresentationActivationTest" time="0.004"/>
  <testcase name="unknownProfilesCannotEnableKnownModes" classname="dev.partydeck.app.godot.GodotPresentationActivationTest" time="0.0"/>
  <testcase name="aMalformedTokenClosesTheWholeList" classname="dev.partydeck.app.godot.GodotPresentationActivationTest" time="0.007"/>
  <testcase name="futureShippingExposureUsesTheSamePackagedList" classname="dev.partydeck.app.godot.GodotPresentationActivationTest" time="0.0"/>
  <testcase name="qualificationExposesOnlyThePackagedSubset" classname="dev.partydeck.app.godot.GodotPresentationActivationTest" time="0.001"/>
  <testcase name="missingOrEmptyMetadataKeepsChoicesClosed" classname="dev.partydeck.app.godot.GodotPresentationActivationTest" time="0.003"/>
  <system-out><![CDATA[]]></system-out>
  <system-err><![CDATA[]]></system-err>
</testsuite>
