<?xml version="1.0" encoding="UTF-8"?>
<testsuite name="dev.partydeck.godot.android.BoundedDispatchQueueTest" tests="4" skipped="0" failures="0" errors="0" timestamp="2026-09-10T18:41:53.695Z" hostname="runnervmlun5p" time="0.082">
  <properties/>
  <testcase name="closeDropsPreviouslyQueuedCallbacksAndLaterInputs" classname="dev.partydeck.godot.android.BoundedDispatchQueueTest" time="0.047"/>
  <testcase name="startupRetainsCommandsAndWaitsForNativeEmissionAcknowledgment" classname="dev.partydeck.godot.android.BoundedDispatchQueueTest" time="0.003"/>
  <testcase name="terminalCloseReplacesWaitingViewsAndFinishesAfterActualDelivery" classname="dev.partydeck.godot.android.BoundedDispatchQueueTest" time="0.005"/>
  <testcase name="stalledConsumerHasABoundedQueueAndOneTerminalFailure" classname="dev.partydeck.godot.android.BoundedDispatchQueueTest" time="0.011"/>
  <system-out><![CDATA[]]></system-out>
  <system-err><![CDATA[]]></system-err>
</testsuite>
