<?xml version="1.0" encoding="UTF-8"?>
<testsuite name="dev.partydeck.godot.android.RendererExitWaitTest" tests="3" skipped="0" failures="0" errors="0" timestamp="2026-09-10T18:41:53.821Z" hostname="runnervmlun5p" time="0.01">
  <properties/>
  <testcase name="interruptionStopsRetryWithoutClaimingExit" classname="dev.partydeck.godot.android.RendererExitWaitTest" time="0.003"/>
  <testcase name="earlyMonitorWakesDoNotReplaceActualExitConfirmation" classname="dev.partydeck.godot.android.RendererExitWaitTest" time="0.002"/>
  <testcase name="repeatedWakesShareOneDeadlineAndNeverCountAsExit" classname="dev.partydeck.godot.android.RendererExitWaitTest" time="0.004"/>
  <system-out><![CDATA[]]></system-out>
  <system-err><![CDATA[]]></system-err>
</testsuite>
