<?xml version="1.0" encoding="UTF-8"?>
<testsuite name="HostAuthorityTest[jvm]" tests="7" skipped="0" failures="0" errors="0" timestamp="2026-09-10T08:54:05.233Z" hostname="runnervmejwal" time="0.193">
  <properties/>
  <testcase name="completeMatchCanReturnToLobbyAndRematchWithoutResettingRevision[jvm]" classname="dev.partydeck.session.HostAuthorityTest" time="0.011"/>
  <testcase name="joinsAreIdempotentBoundedAndUseUsableDisplayNames[jvm]" classname="dev.partydeck.session.HostAuthorityTest" time="0.004"/>
  <testcase name="invitationReadinessRosterAndHostGatesProtectStarting[jvm]" classname="dev.partydeck.session.HostAuthorityTest" time="0.004"/>
  <testcase name="acceptedCommandRetainsAnIndependentCopyOfTheCardSelection[jvm]" classname="dev.partydeck.session.HostAuthorityTest" time="0.001"/>
  <testcase name="activeLeaveRevokesItsCredentialAndReturnRemovesTheAbandonedSeat[jvm]" classname="dev.partydeck.session.HostAuthorityTest" time="0.001"/>
  <testcase name="kickingAndHostLossRemoveAuthorityAccess[jvm]" classname="dev.partydeck.session.HostAuthorityTest" time="0.005"/>
  <testcase name="snapshotsAndWelcomesNeverIncludeAnotherPlayersPrivateCardsOrCredentials[jvm]" classname="dev.partydeck.session.HostAuthorityTest" time="0.163"/>
  <system-out><![CDATA[]]></system-out>
  <system-err><![CDATA[]]></system-err>
</testsuite>
