<?xml version="1.0" encoding="UTF-8"?>
<testsuite name="AuthorityAdversarialTest[jvm]" tests="6" skipped="0" failures="0" errors="0" timestamp="2026-09-10T08:54:04.062Z" hostname="runnervmejwal" time="1.163">
  <properties/>
  <testcase name="everyTableSizeCompletesThroughIntentsWithIndividualViewsAndMonotonicRevisions[jvm]" classname="dev.partydeck.session.AuthorityAdversarialTest" time="1.078"/>
  <testcase name="leavingAndStartingARematchCannotResurrectOldCommandsOrOldReadiness[jvm]" classname="dev.partydeck.session.AuthorityAdversarialTest" time="0.039"/>
  <testcase name="theHostCanAdvanceAfterEliminationAndDisconnectedEliminatedGuestsDoNotPauseSurvivors[jvm]" classname="dev.partydeck.session.AuthorityAdversarialTest" time="0.015"/>
  <testcase name="staleRequestsConsumeTheirIdsAndResumeRecoversTheCounterWithoutReplayingTheGame[jvm]" classname="dev.partydeck.session.AuthorityAdversarialTest" time="0.007"/>
  <testcase name="anExactDuplicateReturnsItsOriginalReceiptAlongsideTheCurrentSnapshot[jvm]" classname="dev.partydeck.session.AuthorityAdversarialTest" time="0.002"/>
  <testcase name="aDisconnectedEmptyHandClaimantPausesTheCompulsoryChallengeUntilResume[jvm]" classname="dev.partydeck.session.AuthorityAdversarialTest" time="0.001"/>
  <system-out><![CDATA[]]></system-out>
  <system-err><![CDATA[]]></system-err>
</testsuite>
