<?xml version="1.0" encoding="UTF-8"?>
<testsuite name="SecurityAdversarialTest[jvm]" tests="11" skipped="0" failures="0" errors="0" timestamp="2026-09-10T08:54:05.443Z" hostname="runnervmejwal" time="0.178">
  <properties/>
  <testcase name="everyEncodedRecipientViewExcludesOtherHandsTokensAndUnchallengedDiscards[jvm]" classname="dev.partydeck.session.SecurityAdversarialTest" time="0.061"/>
  <testcase name="parserRejectsDuplicateDecodedKeysAtEveryMessageLevel[jvm]" classname="dev.partydeck.session.SecurityAdversarialTest" time="0.014"/>
  <testcase name="evenPossessionOfLocalHostTokenCannotRemotelyReplaceAuthority[jvm]" classname="dev.partydeck.session.SecurityAdversarialTest" time="0.001"/>
  <testcase name="evictionAndConflictingIdsCannotResetReplayProtection[jvm]" classname="dev.partydeck.session.SecurityAdversarialTest" time="0.0"/>
  <testcase name="unauthorizedPeersReceiveOnlyFixedAdmissionErrors[jvm]" classname="dev.partydeck.session.SecurityAdversarialTest" time="0.011"/>
  <testcase name="parserBoundsDepthCollectionsAndTotalBytesWithoutEchoingSecrets[jvm]" classname="dev.partydeck.session.SecurityAdversarialTest" time="0.019"/>
  <testcase name="parserRejectsMalformedUnicodeSyntaxVersionsAndNumericOverflow[jvm]" classname="dev.partydeck.session.SecurityAdversarialTest" time="0.042"/>
  <testcase name="highCommandIdsNeverWrapToPermitAnOldCommand[jvm]" classname="dev.partydeck.session.SecurityAdversarialTest" time="0.0"/>
  <testcase name="kickAndSessionTerminationInvalidateCredentials[jvm]" classname="dev.partydeck.session.SecurityAdversarialTest" time="0.0"/>
  <testcase name="validEscapesWhitespaceAndSupplementaryCharactersDoNotConfusePreflight[jvm]" classname="dev.partydeck.session.SecurityAdversarialTest" time="0.001"/>
  <testcase name="resumeRevokesOldSocketAndLateDisconnectCannotRemoveReplacement[jvm]" classname="dev.partydeck.session.SecurityAdversarialTest" time="0.007"/>
  <system-out><![CDATA[]]></system-out>
  <system-err><![CDATA[]]></system-err>
</testsuite>
