<?xml version="1.0" encoding="UTF-8"?>
<testsuite name="SessionCodecTest[jvm]" tests="3" skipped="0" failures="0" errors="0" timestamp="2026-09-10T08:54:05.627Z" hostname="runnervmejwal" time="0.042">
  <properties/>
  <testcase name="wireRejectsVersionAmbiguityAndUnsupportedSchema[jvm]" classname="dev.partydeck.session.SessionCodecTest" time="0.008"/>
  <testcase name="allClientIntentsRoundTripWithStableDiscriminators[jvm]" classname="dev.partydeck.session.SessionCodecTest" time="0.02"/>
  <testcase name="malformedNumbersStringsAndOversizedSelectionsAreRejectedBeforeAuthority[jvm]" classname="dev.partydeck.session.SessionCodecTest" time="0.012"/>
  <system-out><![CDATA[]]></system-out>
  <system-err><![CDATA[]]></system-err>
</testsuite>
