<?xml version="1.0" encoding="UTF-8"?>
<testsuite name="SecurityTransportTest[jvm]" tests="7" skipped="0" failures="0" errors="0" timestamp="2026-09-10T08:54:01.046Z" hostname="runnervmejwal" time="0.099">
  <properties/>
  <testcase name="rejectedDeliveryStopsTheCurrentReadImmediately[jvm]" classname="dev.partydeck.transport.SecurityTransportTest" time="0.006"/>
  <testcase name="duplicateAndEscapedInvitationIdentityFieldsAreRejected[jvm]" classname="dev.partydeck.transport.SecurityTransportTest" time="0.058"/>
  <testcase name="malformedInvitationEncodingUtf8AndNativeServiceNamesAreRejected[jvm]" classname="dev.partydeck.transport.SecurityTransportTest" time="0.004"/>
  <testcase name="authenticInvitationRoundTripsWithoutLeakingCredentialToDiagnostics[jvm]" classname="dev.partydeck.transport.SecurityTransportTest" time="0.004"/>
  <testcase name="maximumFrameIsDetachedFromInputAndPartialStateIsAccurate[jvm]" classname="dev.partydeck.transport.SecurityTransportTest" time="0.008"/>
  <testcase name="arbitraryFragmentationPreservesFramesAndKeepalives[jvm]" classname="dev.partydeck.transport.SecurityTransportTest" time="0.012"/>
  <testcase name="oversizedUnsignedLengthsFailBeforeAnyPayloadIsDelivered[jvm]" classname="dev.partydeck.transport.SecurityTransportTest" time="0.001"/>
  <system-out><![CDATA[]]></system-out>
  <system-err><![CDATA[]]></system-err>
</testsuite>
