<?xml version="1.0" encoding="UTF-8"?>
<testsuite name="JavaTlsTransportTest[jvm]" tests="6" skipped="0" failures="0" errors="0" timestamp="2026-09-10T08:53:58.785Z" hostname="runnervmejwal" time="2.094">
  <properties/>
  <testcase name="cachedDiscoveryCanReplaceAnUnreachableAddressButNotAnAuthenticationFailure[jvm]" classname="dev.partydeck.transport.JavaTlsTransportTest" time="0.226"/>
  <testcase name="changedPinIsRejectedBeforeReturningAConnection[jvm]" classname="dev.partydeck.transport.JavaTlsTransportTest" time="0.144"/>
  <testcase name="slowHandshakeHasAnAbsoluteDeadlineEvenWhileBytesKeepArriving[jvm]" classname="dev.partydeck.transport.JavaTlsTransportTest" time="1.31"/>
  <testcase name="cancellingAConnectingCallerClosesItsActualBlockedTlsSocket[jvm]" classname="dev.partydeck.transport.JavaTlsTransportTest" time="0.057"/>
  <testcase name="malformedAndTruncatedTlsPayloadsCloseOnlyTheirConnection[jvm]" classname="dev.partydeck.transport.JavaTlsTransportTest" time="0.216"/>
  <testcase name="completePinProtectsOrderedMaximumSizeFramesAndPeerClosure[jvm]" classname="dev.partydeck.transport.JavaTlsTransportTest" time="0.138"/>
  <system-out><![CDATA[]]></system-out>
  <system-err><![CDATA[]]></system-err>
</testsuite>
