<?xml version="1.0" encoding="UTF-8"?>
<testsuite name="JavaSwiftInteropFixtureTest[jvm]" tests="2" skipped="0" failures="0" errors="0" timestamp="2026-09-10T08:53:55.621Z" hostname="runnervmejwal" time="3.153">
  <properties/>
  <testcase name="corruptedPayloadFailsTheFixtureBeforeReverseConnection[jvm]" classname="dev.partydeck.transport.JavaSwiftInteropFixtureTest" time="2.759"/>
  <testcase name="protocolExchangesBothDirectionsAndWaitsForPeerAcknowledgements[jvm]" classname="dev.partydeck.transport.JavaSwiftInteropFixtureTest" time="0.377"/>
  <system-out><![CDATA[]]></system-out>
  <system-err><![CDATA[]]></system-err>
</testsuite>
