<?xml version="1.0" encoding="UTF-8"?>
<testsuite name="SecurityTransportLifecycleTest[jvm]" tests="3" skipped="0" failures="0" errors="0" timestamp="2026-09-10T08:54:00.888Z" hostname="runnervmejwal" time="0.147">
  <properties/>
  <testcase name="oneUnadmittedPeerCannotStopTheListenerOrAnotherPeerByFloodingCallbacks[jvm]" classname="dev.partydeck.transport.SecurityTransportLifecycleTest" time="0.113"/>
  <testcase name="cancelledConnectReturnClosesTheNativeConnectionBeforeCallerClaimsIt[jvm]" classname="dev.partydeck.transport.SecurityTransportLifecycleTest" time="0.022"/>
  <testcase name="cancelledHostReturnClosesTheNativeListenerBeforeCallerClaimsIt[jvm]" classname="dev.partydeck.transport.SecurityTransportLifecycleTest" time="0.011"/>
  <system-out><![CDATA[]]></system-out>
  <system-err><![CDATA[]]></system-err>
</testsuite>
