<?xml version="1.0" encoding="UTF-8"?>
<testsuite name="StandardReturnLayoutTest[jvm]" tests="2" skipped="0" failures="0" errors="0" timestamp="2026-09-10T22:34:34.974Z" hostname="oblien" time="1.493">
  <properties/>
  <testcase name="standardReturnShowsTheWholeConcealedHandControlWithoutScrolling[jvm]" classname="dev.partydeck.app.StandardReturnLayoutTest" time="1.382"/>
  <testcase name="freshLargeTextTableShowsTheWholeConcealedHandControlWithoutScrolling[jvm]" classname="dev.partydeck.app.StandardReturnLayoutTest" time="0.105"/>
  <system-out><![CDATA[]]></system-out>
  <system-err><![CDATA[]]></system-err>
</testsuite>
