<?xml version="1.0" encoding="UTF-8"?>
<testsuite name="BridgeAdversarialReviewTest[jvm]" tests="6" skipped="0" failures="0" errors="0" timestamp="2026-09-10T08:42:41.001Z" hostname="runnervmlun5p" time="0.281">
  <properties/>
  <testcase name="eventGrammarTypesAndCanonicalCountersFailWithoutLeakingTheDocument[jvm]" classname="dev.partydeck.godot.bridge.BridgeAdversarialReviewTest" time="0.084"/>
  <testcase name="rejectionOrderingBindsTheCurrentRecipientRevisionAndPresentationLifetime[jvm]" classname="dev.partydeck.godot.bridge.BridgeAdversarialReviewTest" time="0.052"/>
  <testcase name="actualAuthorityViewsExposeOnlyTheRecipientHandAndResolvedPublicProof[jvm]" classname="dev.partydeck.godot.bridge.BridgeAdversarialReviewTest" time="0.048"/>
  <testcase name="suppressedActionsAndHostControlsRemainSeparateFromRuleAuthority[jvm]" classname="dev.partydeck.godot.bridge.BridgeAdversarialReviewTest" time="0.009"/>
  <testcase name="missingUnknownAndQuotedPrimitiveFieldsCannotBeRepairedByDtoDefaults[jvm]" classname="dev.partydeck.godot.bridge.BridgeAdversarialReviewTest" time="0.076"/>
  <testcase name="utf8LimitsApplyBeforeParsingAndFullWidthCountersRemainExact[jvm]" classname="dev.partydeck.godot.bridge.BridgeAdversarialReviewTest" time="0.011"/>
  <system-out><![CDATA[]]></system-out>
  <system-err><![CDATA[]]></system-err>
</testsuite>
