<?xml version="1.0" encoding="UTF-8"?>
<testsuite name="IosQualificationFacadeTest[jvm]" tests="4" skipped="0" failures="0" errors="0" timestamp="2026-09-10T08:54:14.991Z" hostname="runnervmejwal" time="0.404">
  <properties/>
  <testcase name="bothModesDelegateEveryFullMatchCommandToIndependentRealDrivers[jvm]" classname="dev.partydeck.godot.bridge.IosQualificationFacadeTest" time="0.386"/>
  <testcase name="exitAndRendererFailureReturnTerminalCloseWithoutRetainingLaunchData[jvm]" classname="dev.partydeck.godot.bridge.IosQualificationFacadeTest" time="0.005"/>
  <testcase name="malformedReplayedStaleAndBackgroundInputRemainDriverRejectionsUntilExplicitRefresh[jvm]" classname="dev.partydeck.godot.bridge.IosQualificationFacadeTest" time="0.008"/>
  <testcase name="closeIsIdempotentAndAReplacementGetsAnIndependentIdentityAndGate[jvm]" classname="dev.partydeck.godot.bridge.IosQualificationFacadeTest" time="0.002"/>
  <system-out><![CDATA[]]></system-out>
  <system-err><![CDATA[]]></system-err>
</testsuite>
