<?xml version="1.0" encoding="UTF-8"?>
<testsuite name="BoundedJsonApiReviewTest[jvm]" tests="2" skipped="0" failures="0" errors="0" timestamp="2026-09-10T08:54:14.205Z" hostname="runnervmejwal" time="0.096">
  <properties/>
  <testcase name="callerLimitsCannotDisableTheSharedCeilingAndCountUtf8Bytes[jvm]" classname="dev.partydeck.godot.bridge.BoundedJsonApiReviewTest" time="0.076"/>
  <testcase name="publicPreflightRejectsTheFormsAcceptedByPermissivePlatformParsers[jvm]" classname="dev.partydeck.godot.bridge.BoundedJsonApiReviewTest" time="0.006"/>
  <system-out><![CDATA[]]></system-out>
  <system-err><![CDATA[]]></system-err>
</testsuite>
