<?xml version="1.0" encoding="UTF-8"?>
<testsuite name="LastLightBridgeTest[jvm]" tests="6" skipped="0" failures="0" errors="0" timestamp="2026-09-10T08:54:15.402Z" hostname="runnervmejwal" time="0.095">
  <properties/>
  <testcase name="everyRecipientGetsOnlyOwnHandAndResolvedPublicProof[jvm]" classname="dev.partydeck.godot.bridge.LastLightBridgeTest" time="0.022"/>
  <testcase name="missingDefaultFieldsAndPrimitiveCoercionsCannotWeakenTheViewSchema[jvm]" classname="dev.partydeck.godot.bridge.LastLightBridgeTest" time="0.003"/>
  <testcase name="deterministicCompleteMatchUsesBothViewerIntentsAndRealRoundOutcomes[jvm]" classname="dev.partydeck.godot.bridge.LastLightBridgeTest" time="0.059"/>
  <testcase name="exactLongCountersAndStrictEventShapeSurviveTheJsonBoundary[jvm]" classname="dev.partydeck.godot.bridge.LastLightBridgeTest" time="0.001"/>
  <testcase name="priorRoundProofAndPausedActionSubsetRemainValid[jvm]" classname="dev.partydeck.godot.bridge.LastLightBridgeTest" time="0.002"/>
  <testcase name="realAuthorityRejectsStaleAndBackgroundInputThenRecoversWithANewView[jvm]" classname="dev.partydeck.godot.bridge.LastLightBridgeTest" time="0.004"/>
  <system-out><![CDATA[]]></system-out>
  <system-err><![CDATA[]]></system-err>
</testsuite>
