<?xml version="1.0" encoding="UTF-8"?>
<testsuite name="IosQualificationFacadeAdversarialReviewTest[jvm]" tests="2" skipped="0" failures="0" errors="0" timestamp="2026-09-10T08:54:14.939Z" hostname="runnervmejwal" time="0.045">
  <properties/>
  <testcase name="backgroundBeforeReadyKeepsReadinessForegroundAndRevisionIndependent[jvm]" classname="dev.partydeck.godot.bridge.IosQualificationFacadeAdversarialReviewTest" time="0.028"/>
  <testcase name="onlyCurrentBoundFailureCanTerminateBeforeReady[jvm]" classname="dev.partydeck.godot.bridge.IosQualificationFacadeAdversarialReviewTest" time="0.014"/>
  <system-out><![CDATA[]]></system-out>
  <system-err><![CDATA[]]></system-err>
</testsuite>
