<?xml version="1.0" encoding="UTF-8"?>
<testsuite name="dev.partydeck.godot.android.RendererInputGateTest" tests="2" skipped="0" failures="0" errors="0" timestamp="2026-09-10T05:07:52.955Z" hostname="runnervmlun5p" time="0.002">
  <properties/>
  <testcase name="queuedInputCannotBecomeValidAgainAfterFocusReturns" classname="dev.partydeck.godot.android.RendererInputGateTest" time="0.001"/>
  <testcase name="initiallyCoveredEntryAcceptsOnlyItsFirstInteractiveGeneration" classname="dev.partydeck.godot.android.RendererInputGateTest" time="0.001"/>
  <system-out><![CDATA[]]></system-out>
  <system-err><![CDATA[]]></system-err>
</testsuite>
