<?xml version="1.0" encoding="UTF-8"?>
<testsuite name="dev.partydeck.godot.android.RendererExitWaitTest" tests="3" skipped="0" failures="0" errors="0" timestamp="2026-09-10T05:07:52.943Z" hostname="runnervmlun5p" time="0.008">
  <properties/>
  <testcase name="interruptionStopsRetryWithoutClaimingExit" classname="dev.partydeck.godot.android.RendererExitWaitTest" time="0.003"/>
  <testcase name="earlyMonitorWakesDoNotReplaceActualExitConfirmation" classname="dev.partydeck.godot.android.RendererExitWaitTest" time="0.001"/>
  <testcase name="repeatedWakesShareOneDeadlineAndNeverCountAsExit" classname="dev.partydeck.godot.android.RendererExitWaitTest" time="0.001"/>
  <system-out><![CDATA[]]></system-out>
  <system-err><![CDATA[]]></system-err>
</testsuite>
