<?xml version="1.0" encoding="UTF-8"?>
<testsuite name="EngineBoundaryTest[jvm]" tests="4" skipped="0" failures="0" errors="0" timestamp="2026-09-10T08:43:50.689Z" hostname="runnervmlun5p" time="0.172">
  <properties/>
  <testcase name="wrongPresentationAndProtocolCannotAdvanceTheEventStream[jvm]" classname="dev.partydeck.games.EngineBoundaryTest" time="0.135"/>
  <testcase name="closedOrFailedPresentationsCannotEmitFurtherActions[jvm]" classname="dev.partydeck.games.EngineBoundaryTest" time="0.006"/>
  <testcase name="payloadLimitCountsUtf8BytesAndRejectsOversizedDocuments[jvm]" classname="dev.partydeck.games.EngineBoundaryTest" time="0.016"/>
  <testcase name="intentsRequireReadinessAndReplaysCannotRepeatActions[jvm]" classname="dev.partydeck.games.EngineBoundaryTest" time="0.001"/>
  <system-out><![CDATA[]]></system-out>
  <system-err><![CDATA[]]></system-err>
</testsuite>
