<?xml version="1.0" encoding="UTF-8"?>
<testsuite name="GameCatalogTest[jvm]" tests="3" skipped="0" failures="0" errors="0" timestamp="2026-09-10T08:43:50.870Z" hostname="runnervmlun5p" time="0.02">
  <properties/>
  <testcase name="duplicateGameIdsAreRejectedAndTheCatalogCopiesItsInput[jvm]" classname="dev.partydeck.games.GameCatalogTest" time="0.013"/>
  <testcase name="anEngineGameIsUnavailableUntilACompatibleFactoryIsInstalled[jvm]" classname="dev.partydeck.games.GameCatalogTest" time="0.006"/>
  <testcase name="shippingCatalogContainsOnlyTheImplementedComposeGame[jvm]" classname="dev.partydeck.games.GameCatalogTest" time="0.001"/>
  <system-out><![CDATA[]]></system-out>
  <system-err><![CDATA[]]></system-err>
</testsuite>
