<?xml version="1.0" encoding="UTF-8"?>
<testsuite name="dev.partydeck.godot.android.BoundedDispatchQueueTest" tests="4" skipped="0" failures="0" errors="0" timestamp="2026-09-10T05:07:52.866Z" hostname="runnervmlun5p" time="0.071">
  <properties/>
  <testcase name="closeDropsPreviouslyQueuedCallbacksAndLaterInputs" classname="dev.partydeck.godot.android.BoundedDispatchQueueTest" time="0.037"/>
  <testcase name="startupRetainsCommandsAndWaitsForNativeEmissionAcknowledgment" classname="dev.partydeck.godot.android.BoundedDispatchQueueTest" time="0.011"/>
  <testcase name="terminalCloseReplacesWaitingViewsAndFinishesAfterActualDelivery" classname="dev.partydeck.godot.android.BoundedDispatchQueueTest" time="0.004"/>
  <testcase name="stalledConsumerHasABoundedQueueAndOneTerminalFailure" classname="dev.partydeck.godot.android.BoundedDispatchQueueTest" time="0.01"/>
  <system-out><![CDATA[]]></system-out>
  <system-err><![CDATA[]]></system-err>
</testsuite>
