<?xml version="1.0" encoding="UTF-8"?>
<testsuite name="PresentationLayoutTest[jvm]" tests="2" skipped="0" failures="0" errors="0" timestamp="2026-09-10T05:09:27.364Z" hostname="oblien" time="3.492">
  <properties/>
  <testcase name="fallbackPreservesSessionAndPendingWhileConcealingHandAndClearingSelection[jvm]" classname="dev.partydeck.app.PresentationLayoutTest" time="2.659"/>
  <testcase name="pickerOffersOnlyAvailableStylesAtTwoHundredPercentText[jvm]" classname="dev.partydeck.app.PresentationLayoutTest" time="0.827"/>
  <system-out><![CDATA[]]></system-out>
  <system-err><![CDATA[]]></system-err>
</testsuite>
