<?xml version="1.0" encoding="UTF-8"?>
<testsuite name="PresentationLayoutTest[jvm]" tests="2" skipped="0" failures="0" errors="0" timestamp="2026-09-10T16:42:19.645Z" hostname="runnervmlun5p" time="1.993">
  <properties/>
  <testcase name="fallbackPreservesSessionAndPendingWhileConcealingHandAndClearingSelection[jvm]" classname="dev.partydeck.app.PresentationLayoutTest" time="1.106"/>
  <testcase name="pickerOffersOnlyAvailableStylesAtTwoHundredPercentText[jvm]" classname="dev.partydeck.app.PresentationLayoutTest" time="0.887"/>
  <system-out><![CDATA[]]></system-out>
  <system-err><![CDATA[]]></system-err>
</testsuite>
