<?xml version="1.0" encoding="UTF-8"?>
<testsuite name="EmbeddedPresentationReviewTest[jvm]" tests="16" skipped="0" failures="0" errors="0" timestamp="2026-09-10T16:42:27.518Z" hostname="runnervmlun5p" time="0.307">
  <properties/>
  <testcase name="inactiveOwnerRejectsNewChoicesAndReactivationDoesNotReplayAnOldOne[jvm]" classname="dev.partydeck.app.controller.EmbeddedPresentationReviewTest" time="0.009"/>
  <testcase name="rejectedAndAcceptedLobbyRequestsKeepTheGameUntilTheAuthorityLobbyProjection[jvm]" classname="dev.partydeck.app.controller.EmbeddedPresentationReviewTest" time="0.022"/>
  <testcase name="monotonicDeadlineRejectsFocusEvenBeforeTheTimeoutCoroutineCanRun[jvm]" classname="dev.partydeck.app.controller.EmbeddedPresentationReviewTest" time="0.006"/>
  <testcase name="selectionExpiryNeverLaunchesAndForegroundUpdatesDoNotRenewIt[jvm]" classname="dev.partydeck.app.controller.EmbeddedPresentationReviewTest" time="0.011"/>
  <testcase name="aPendingChoiceCannotSurviveSessionRoutePrivacyPreferenceOrOwnerInvalidation[jvm]" classname="dev.partydeck.app.controller.EmbeddedPresentationReviewTest" time="0.067"/>
  <testcase name="nativeExitBeforeReadyAndRendererFailurePreserveTheSessionWithAConcealedFallback[jvm]" classname="dev.partydeck.app.controller.EmbeddedPresentationReviewTest" time="0.016"/>
  <testcase name="reentrantForegroundPublicationCannotOpenUntilClosePublicationFinishes[jvm]" classname="dev.partydeck.app.controller.EmbeddedPresentationReviewTest" time="0.008"/>
  <testcase name="bothModesReceiveOnlyTheCurrentRecipientAndTheNewestViewAfterReady[jvm]" classname="dev.partydeck.app.controller.EmbeddedPresentationReviewTest" time="0.015"/>
  <testcase name="modalSelectionWaitsForForegroundAndOpensEachModeOnceWithCurrentConcealedControls[jvm]" classname="dev.partydeck.app.controller.EmbeddedPresentationReviewTest" time="0.016"/>
  <testcase name="aLateNativeOpenIsClosedAndAQueuedModeSwitchCannotCrossSessionGeneration[jvm]" classname="dev.partydeck.app.controller.EmbeddedPresentationReviewTest" time="0.009"/>
  <testcase name="recipientRoomGenerationAndMismatchedGameReplacementInvalidateTheOldLifetime[jvm]" classname="dev.partydeck.app.controller.EmbeddedPresentationReviewTest" time="0.042"/>
  <testcase name="modeSwitchRequiresBothCloseCompletionAndForegroundInEitherOrder[jvm]" classname="dev.partydeck.app.controller.EmbeddedPresentationReviewTest" time="0.02"/>
  <testcase name="availabilityLossCancelsTheChoiceEvenIfTheModeReturnsBeforeFocus[jvm]" classname="dev.partydeck.app.controller.EmbeddedPresentationReviewTest" time="0.006"/>
  <testcase name="aReservedCommandCompletesInComposeWithoutTargetingTheClosedNativeLifetime[jvm]" classname="dev.partydeck.app.controller.EmbeddedPresentationReviewTest" time="0.019"/>
  <testcase name="controllerReservesPendingBeforeTheNextEventAndReconcilesStaleOrReplayedInput[jvm]" classname="dev.partydeck.app.controller.EmbeddedPresentationReviewTest" time="0.03"/>
  <testcase name="newestExplicitChoiceSurvivesTheReplacedChoicesTimeout[jvm]" classname="dev.partydeck.app.controller.EmbeddedPresentationReviewTest" time="0.003"/>
  <system-out><![CDATA[]]></system-out>
  <system-err><![CDATA[]]></system-err>
</testsuite>
