<?xml version="1.0" encoding="UTF-8"?>
<testsuite name="EmbeddedPresentationControllerTest[jvm]" tests="13" skipped="0" failures="0" errors="0" timestamp="2026-09-10T16:42:27.147Z" hostname="runnervmlun5p" time="0.367">
  <properties/>
  <testcase name="ownerDepartureWhileAlreadyUnfocusedCancelsTheChoiceBeforeReturning[jvm]" classname="dev.partydeck.app.controller.EmbeddedPresentationControllerTest" time="0.017"/>
  <testcase name="readyReceivesTheNewestBufferedViewAndForegroundWithoutAnyEarlierCommands[jvm]" classname="dev.partydeck.app.controller.EmbeddedPresentationControllerTest" time="0.038"/>
  <testcase name="pickerChoiceWaitsForTheControllersActualForegroundPublicationInBothModes[jvm]" classname="dev.partydeck.app.controller.EmbeddedPresentationControllerTest" time="0.026"/>
  <testcase name="boundedDeliveryBacklogFallsBackWithoutEndingTheSession[jvm]" classname="dev.partydeck.app.controller.EmbeddedPresentationControllerTest" time="0.037"/>
  <testcase name="aStalledSendTimesOutClosesNativeAndKeepsTheSamePrivateHand[jvm]" classname="dev.partydeck.app.controller.EmbeddedPresentationControllerTest" time="0.028"/>
  <testcase name="commandsRetainTheirNativeLifecycleGenerationAcrossAStalledSend[jvm]" classname="dev.partydeck.app.controller.EmbeddedPresentationControllerTest" time="0.023"/>
  <testcase name="aCloseTimeoutDisablesFurtherNativeOpensWhileTheSessionContinues[jvm]" classname="dev.partydeck.app.controller.EmbeddedPresentationControllerTest" time="0.021"/>
  <testcase name="queuedInputFromBeforeRapidForegroundLossAndRegainCannotMutateAuthority[jvm]" classname="dev.partydeck.app.controller.EmbeddedPresentationControllerTest" time="0.025"/>
  <testcase name="aNewNativePrivacyGenerationRefreshesAnUnchangedForegroundOnce[jvm]" classname="dev.partydeck.app.controller.EmbeddedPresentationControllerTest" time="0.009"/>
  <testcase name="bothModesSubmitToPracticeAuthorityOnceAndReturnToTheSameConcealedSession[jvm]" classname="dev.partydeck.app.controller.EmbeddedPresentationControllerTest" time="0.055"/>
  <testcase name="rulesAndChangedRendererPreferencesReturnToComposeWithoutReplacingTheSession[jvm]" classname="dev.partydeck.app.controller.EmbeddedPresentationControllerTest" time="0.034"/>
  <testcase name="unavailableFactoriesNeverStartAndMissingReadyFallsBackToTheLiveTable[jvm]" classname="dev.partydeck.app.controller.EmbeddedPresentationControllerTest" time="0.02"/>
  <testcase name="switchingModesWaitsForCloseAndDoesNotOpenASecondNativeEngine[jvm]" classname="dev.partydeck.app.controller.EmbeddedPresentationControllerTest" time="0.013"/>
  <system-out><![CDATA[]]></system-out>
  <system-err><![CDATA[]]></system-err>
</testsuite>
