<?xml version="1.0" encoding="UTF-8"?>
<testsuite name="ClientDiscoveryFlowTest[jvm]" tests="8" skipped="0" failures="0" errors="0" timestamp="2026-09-10T16:42:26.254Z" hostname="runnervmlun5p" time="0.123">
  <properties/>
  <testcase name="anUnrelatedServiceCannotExtendTheBoundedJoinOrSupplyAnEndpoint[jvm]" classname="dev.partydeck.app.controller.ClientDiscoveryFlowTest" time="0.021"/>
  <testcase name="rapidRetriesWaitForEarlierDiscoveryCleanupBeforeStartingAgain[jvm]" classname="dev.partydeck.app.controller.ClientDiscoveryFlowTest" time="0.017"/>
  <testcase name="permissionDenialDuringResumeStopsTheBatchButExplicitRetryRetainsTheSeat[jvm]" classname="dev.partydeck.app.controller.ClientDiscoveryFlowTest" time="0.02"/>
  <testcase name="leavingDuringDiscoveryClosesItAndAddressOnlyInvitationsNeverBrowse[jvm]" classname="dev.partydeck.app.controller.ClientDiscoveryFlowTest" time="0.012"/>
  <testcase name="delayedExactServiceRepairsAStaleAddressWithoutChangingPinOrAdmission[jvm]" classname="dev.partydeck.app.controller.ClientDiscoveryFlowTest" time="0.012"/>
  <testcase name="backgroundStopsRediscoveryAndReturnResumesOnlyTheOriginalSeat[jvm]" classname="dev.partydeck.app.controller.ClientDiscoveryFlowTest" time="0.014"/>
  <testcase name="workingDirectInvitationDoesNotWaitForUnavailableOrSuspendedDiscovery[jvm]" classname="dev.partydeck.app.controller.ClientDiscoveryFlowTest" time="0.015"/>
  <testcase name="permissionAndIdentityFailuresNeverTryADiscoveredEndpoint[jvm]" classname="dev.partydeck.app.controller.ClientDiscoveryFlowTest" time="0.008"/>
  <system-out><![CDATA[]]></system-out>
  <system-err><![CDATA[]]></system-err>
</testsuite>
