<?xml version="1.0" encoding="UTF-8"?>
<testsuite name="HomeLayoutTest[jvm]" tests="4" skipped="0" failures="0" errors="0" timestamp="2026-09-10T16:42:11.309Z" hostname="runnervmlun5p" time="6.1">
  <properties/>
  <testcase name="homeAtPhoneSize[jvm]" classname="dev.partydeck.app.HomeLayoutTest" time="1.748"/>
  <testcase name="navigationRemainsReachableOnShortLandscapePhone[jvm]" classname="dev.partydeck.app.HomeLayoutTest" time="1.546"/>
  <testcase name="homeAdaptsToLandscape[jvm]" classname="dev.partydeck.app.HomeLayoutTest" time="2.398"/>
  <testcase name="navigationRemainsReachableAtTwoHundredPercentText[jvm]" classname="dev.partydeck.app.HomeLayoutTest" time="0.401"/>
  <system-out><![CDATA[]]></system-out>
  <system-err><![CDATA[]]></system-err>
</testsuite>
