<?xml version="1.0" encoding="UTF-8"?>
<testsuite name="EmbeddedPresentationCloseAvailabilityTest[jvm]" tests="6" skipped="0" failures="0" errors="0" timestamp="2026-09-10T16:42:26.546Z" hostname="runnervmlun5p" time="0.593">
  <properties/>
  <testcase name="successfulCloseRevalidatesBothTheAdvertisedModeAndItsFactory[jvm]" classname="dev.partydeck.app.controller.EmbeddedPresentationCloseAvailabilityTest" time="0.117"/>
  <testcase name="restoredAvailabilityDoesNotRestartTheSelectionTimeout[jvm]" classname="dev.partydeck.app.controller.EmbeddedPresentationCloseAvailabilityTest" time="0.026"/>
  <testcase name="modeSwitchSurvivesTheCloseAvailabilityGapAndRequiresFocusInEitherOrder[jvm]" classname="dev.partydeck.app.controller.EmbeddedPresentationCloseAvailabilityTest" time="0.246"/>
  <testcase name="closeAvailabilityGapDoesNotPreserveAnInvalidatedSelection[jvm]" classname="dev.partydeck.app.controller.EmbeddedPresentationCloseAvailabilityTest" time="0.16"/>
  <testcase name="failedOrTimedOutCloseQuarantinesThePendingModeDespiteLaterAvailability[jvm]" classname="dev.partydeck.app.controller.EmbeddedPresentationCloseAvailabilityTest" time="0.025"/>
  <testcase name="monotonicDeadlineStillRejectsCloseCompletionBeforeTheTimerRuns[jvm]" classname="dev.partydeck.app.controller.EmbeddedPresentationCloseAvailabilityTest" time="0.018"/>
  <system-out><![CDATA[]]></system-out>
  <system-err><![CDATA[]]></system-err>
</testsuite>
