<?xml version="1.0" encoding="UTF-8"?>
<testsuite name="LastLightAdversarialTest[jvm]" tests="8" skipped="0" failures="0" errors="0" timestamp="2026-09-10T18:41:26.186Z" hostname="runnervmlun5p" time="4.663">
  <properties/>
  <testcase name="callerCollectionsAndRecipientViewsCannotRewriteAcceptedAuthorityStates[jvm]" classname="dev.partydeck.core.LastLightAdversarialTest" time="0.147"/>
  <testcase name="emptyHandClaimsRemainChallengeableAndTheFinalHolderCannotPlay[jvm]" classname="dev.partydeck.core.LastLightAdversarialTest" time="0.041"/>
  <testcase name="invalidTurnsAndSelectionsAreAtomicAndLeaveTheRandomStreamUntouched[jvm]" classname="dev.partydeck.core.LastLightAdversarialTest" time="0.004"/>
  <testcase name="completeMatchesPreserveCardsPrivacyAndFiniteProgressForEveryTableSize[jvm]" classname="dev.partydeck.core.LastLightAdversarialTest" time="4.434"/>
  <testcase name="eliminatingTheOpenerRetiresUnplayedCardsWithoutRevealingThem[jvm]" classname="dev.partydeck.core.LastLightAdversarialTest" time="0.001"/>
  <testcase name="malformedRostersFailBeforeAnyRandomOutcomeIsChosen[jvm]" classname="dev.partydeck.core.LastLightAdversarialTest" time="0.005"/>
  <testcase name="aBurnedOutNonemptyChallengerLosesOnlyTheirSeatAndKeepsTheirOtherCardsHidden[jvm]" classname="dev.partydeck.core.LastLightAdversarialTest" time="0.002"/>
  <testcase name="rejectedNoiseAndRepeatedViewsDoNotChangeLaterShufflesOrMatchResults[jvm]" classname="dev.partydeck.core.LastLightAdversarialTest" time="0.017"/>
  <system-out><![CDATA[]]></system-out>
  <system-err><![CDATA[]]></system-err>
</testsuite>
