<?xml version="1.0" encoding="UTF-8"?>
<testsuite name="GameplayLayoutTest[jvm]" tests="7" skipped="0" failures="0" errors="0" timestamp="2026-09-10T22:39:49.695Z" hostname="oblien" time="8.769">
  <properties/>
  <testcase name="handAndResultsRemainUsableOnShortLandscapePhone[jvm]" classname="dev.partydeck.app.GameplayLayoutTest" time="3.046"/>
  <testcase name="handAndResultsRemainUsableAtLargeText[jvm]" classname="dev.partydeck.app.GameplayLayoutTest" time="2.332"/>
  <testcase name="normalChoiceSupportsThreeCardsAndAReadableLongClaimant[jvm]" classname="dev.partydeck.app.GameplayLayoutTest" time="0.56"/>
  <testcase name="handAndResultsRemainUsableInTabletWindow[jvm]" classname="dev.partydeck.app.GameplayLayoutTest" time="1.501"/>
  <testcase name="forcedChallengeKeepsOneClearActionAndGatesPendingRequests[jvm]" classname="dev.partydeck.app.GameplayLayoutTest" time="0.111"/>
  <testcase name="revealedWildAndMismatchingRankExplainTheBluff[jvm]" classname="dev.partydeck.app.GameplayLayoutTest" time="0.067"/>
  <testcase name="fifthCardAndPrivateHandControlsWorkOnNarrowPhone[jvm]" classname="dev.partydeck.app.GameplayLayoutTest" time="1.147"/>
  <system-out><![CDATA[]]></system-out>
  <system-err><![CDATA[]]></system-err>
</testsuite>
