<?xml version="1.0" encoding="UTF-8"?>
<testsuite name="IosQualificationFacadeAdversarialReviewTest[jvm]" tests="2" skipped="0" failures="0" errors="0" timestamp="2026-09-10T05:06:19.693Z" hostname="runnervmlun5p" time="0.013">
  <properties/>
  <testcase name="backgroundBeforeReadyKeepsReadinessForegroundAndRevisionIndependent[jvm]" classname="dev.partydeck.godot.bridge.IosQualificationFacadeAdversarialReviewTest" time="0.009"/>
  <testcase name="onlyCurrentBoundFailureCanTerminateBeforeReady[jvm]" classname="dev.partydeck.godot.bridge.IosQualificationFacadeAdversarialReviewTest" time="0.003"/>
  <system-out><![CDATA[]]></system-out>
  <system-err><![CDATA[]]></system-err>
</testsuite>
