<?xml version="1.0" encoding="UTF-8"?>
<testsuite name="GameCatalogTest[jvm]" tests="3" skipped="0" failures="0" errors="0" timestamp="2026-09-10T08:54:01.995Z" hostname="runnervmejwal" time="0.048">
  <properties/>
  <testcase name="duplicateGameIdsAreRejectedAndTheCatalogCopiesItsInput[jvm]" classname="dev.partydeck.games.GameCatalogTest" time="0.007"/>
  <testcase name="anEngineGameIsUnavailableUntilACompatibleFactoryIsInstalled[jvm]" classname="dev.partydeck.games.GameCatalogTest" time="0.026"/>
  <testcase name="shippingCatalogContainsOnlyTheImplementedComposeGame[jvm]" classname="dev.partydeck.games.GameCatalogTest" time="0.0"/>
  <system-out><![CDATA[]]></system-out>
  <system-err><![CDATA[]]></system-err>
</testsuite>
