<?xml version="1.0" encoding="UTF-8"?>
<testsuite name="EngineBoundaryTest[jvm]" tests="4" skipped="0" failures="0" errors="0" timestamp="2026-09-10T08:54:01.725Z" hostname="runnervmejwal" time="0.25">
  <properties/>
  <testcase name="wrongPresentationAndProtocolCannotAdvanceTheEventStream[jvm]" classname="dev.partydeck.games.EngineBoundaryTest" time="0.187"/>
  <testcase name="closedOrFailedPresentationsCannotEmitFurtherActions[jvm]" classname="dev.partydeck.games.EngineBoundaryTest" time="0.002"/>
  <testcase name="payloadLimitCountsUtf8BytesAndRejectsOversizedDocuments[jvm]" classname="dev.partydeck.games.EngineBoundaryTest" time="0.029"/>
  <testcase name="intentsRequireReadinessAndReplaysCannotRepeatActions[jvm]" classname="dev.partydeck.games.EngineBoundaryTest" time="0.0"/>
  <system-out><![CDATA[]]></system-out>
  <system-err><![CDATA[]]></system-err>
</testsuite>
