<?xml version="1.0" encoding="UTF-8"?>
<testsuite name="LastLightBridgeTest[jvm]" tests="6" skipped="0" failures="0" errors="0" timestamp="2026-09-10T18:41:43.927Z" hostname="runnervmlun5p" time="0.051">
  <properties/>
  <testcase name="everyRecipientGetsOnlyOwnHandAndResolvedPublicProof[jvm]" classname="dev.partydeck.godot.bridge.LastLightBridgeTest" time="0.013"/>
  <testcase name="missingDefaultFieldsAndPrimitiveCoercionsCannotWeakenTheViewSchema[jvm]" classname="dev.partydeck.godot.bridge.LastLightBridgeTest" time="0.002"/>
  <testcase name="deterministicCompleteMatchUsesBothViewerIntentsAndRealRoundOutcomes[jvm]" classname="dev.partydeck.godot.bridge.LastLightBridgeTest" time="0.031"/>
  <testcase name="exactLongCountersAndStrictEventShapeSurviveTheJsonBoundary[jvm]" classname="dev.partydeck.godot.bridge.LastLightBridgeTest" time="0.001"/>
  <testcase name="priorRoundProofAndPausedActionSubsetRemainValid[jvm]" classname="dev.partydeck.godot.bridge.LastLightBridgeTest" time="0.001"/>
  <testcase name="realAuthorityRejectsStaleAndBackgroundInputThenRecoversWithANewView[jvm]" classname="dev.partydeck.godot.bridge.LastLightBridgeTest" time="0.003"/>
  <system-out><![CDATA[]]></system-out>
  <system-err><![CDATA[]]></system-err>
</testsuite>
