<?xml version="1.0" encoding="UTF-8"?>
<testsuite name="BoundedJsonApiReviewTest[jvm]" tests="2" skipped="0" failures="0" errors="0" timestamp="2026-09-10T18:41:42.475Z" hostname="runnervmlun5p" time="0.135">
  <properties/>
  <testcase name="callerLimitsCannotDisableTheSharedCeilingAndCountUtf8Bytes[jvm]" classname="dev.partydeck.godot.bridge.BoundedJsonApiReviewTest" time="0.118"/>
  <testcase name="publicPreflightRejectsTheFormsAcceptedByPermissivePlatformParsers[jvm]" classname="dev.partydeck.godot.bridge.BoundedJsonApiReviewTest" time="0.005"/>
  <system-out><![CDATA[]]></system-out>
  <system-err><![CDATA[]]></system-err>
</testsuite>
