<?xml version="1.0" encoding="UTF-8"?>
<testsuite name="BridgeAdversarialReviewTest[jvm]" tests="6" skipped="0" failures="0" errors="0" timestamp="2026-09-10T18:41:42.618Z" hostname="runnervmlun5p" time="0.644">
  <properties/>
  <testcase name="eventGrammarTypesAndCanonicalCountersFailWithoutLeakingTheDocument[jvm]" classname="dev.partydeck.godot.bridge.BridgeAdversarialReviewTest" time="0.159"/>
  <testcase name="rejectionOrderingBindsTheCurrentRecipientRevisionAndPresentationLifetime[jvm]" classname="dev.partydeck.godot.bridge.BridgeAdversarialReviewTest" time="0.086"/>
  <testcase name="actualAuthorityViewsExposeOnlyTheRecipientHandAndResolvedPublicProof[jvm]" classname="dev.partydeck.godot.bridge.BridgeAdversarialReviewTest" time="0.148"/>
  <testcase name="suppressedActionsAndHostControlsRemainSeparateFromRuleAuthority[jvm]" classname="dev.partydeck.godot.bridge.BridgeAdversarialReviewTest" time="0.031"/>
  <testcase name="missingUnknownAndQuotedPrimitiveFieldsCannotBeRepairedByDtoDefaults[jvm]" classname="dev.partydeck.godot.bridge.BridgeAdversarialReviewTest" time="0.179"/>
  <testcase name="utf8LimitsApplyBeforeParsingAndFullWidthCountersRemainExact[jvm]" classname="dev.partydeck.godot.bridge.BridgeAdversarialReviewTest" time="0.032"/>
  <system-out><![CDATA[]]></system-out>
  <system-err><![CDATA[]]></system-err>
</testsuite>
