<?xml version="1.0" encoding="UTF-8"?>
<testsuite name="RuntimeRevisionSubmissionTest[jvm]" tests="4" skipped="0" failures="0" errors="0" timestamp="2026-09-10T08:55:58.017Z" hostname="runnervmejwal" time="0.078">
  <properties/>
  <testcase name="aQueuedHostActionKeepsItsCapturedRevisionAfterThePreviousActionChangesPhase[jvm]" classname="dev.partydeck.app.controller.RuntimeRevisionSubmissionTest" time="0.013"/>
  <testcase name="hostTeardownStillEndsTheSessionAfterAnEarlierQueuedCommandAdvancesItsRevision[jvm]" classname="dev.partydeck.app.controller.RuntimeRevisionSubmissionTest" time="0.035"/>
  <testcase name="clientTeardownRetriesAStaleLeaveUsingTheNewlyCoveredRevision[jvm]" classname="dev.partydeck.app.controller.RuntimeRevisionSubmissionTest" time="0.013"/>
  <testcase name="aClientTransmitsTheCapturedRevisionAndKeepsPendingUntilTheReceiptIsCovered[jvm]" classname="dev.partydeck.app.controller.RuntimeRevisionSubmissionTest" time="0.015"/>
  <system-out><![CDATA[]]></system-out>
  <system-err><![CDATA[]]></system-err>
</testsuite>
