<?xml version="1.0" encoding="UTF-8"?>
<testsuite name="PartyDeckControllerTest[jvm]" tests="9" skipped="0" failures="0" errors="0" timestamp="2026-09-10T08:55:57.827Z" hostname="runnervmejwal" time="0.116">
  <properties/>
  <testcase name="practicePlaysACompleteMatchUsingAuthorityAndReturnsToAReadyLobby[jvm]" classname="dev.partydeck.app.controller.PartyDeckControllerTest" time="0.044"/>
  <testcase name="aLateHostStartupCannotReplacePracticeAfterLeaving[jvm]" classname="dev.partydeck.app.controller.PartyDeckControllerTest" time="0.009"/>
  <testcase name="rulesPracticeOpensTheTablePreservesLiveRulesAndLeavesCleanly[jvm]" classname="dev.partydeck.app.controller.PartyDeckControllerTest" time="0.01"/>
  <testcase name="backgroundPausesBotsAndLeaveCancelsEveryDelayedTurn[jvm]" classname="dev.partydeck.app.controller.PartyDeckControllerTest" time="0.008"/>
  <testcase name="returningFromALongPermissionAlertRetriesAnExpiredInitialAdmission[jvm]" classname="dev.partydeck.app.controller.PartyDeckControllerTest" time="0.01"/>
  <testcase name="aSecondTapCannotSendAnotherPlayWhileTheFirstActionIsPending[jvm]" classname="dev.partydeck.app.controller.PartyDeckControllerTest" time="0.009"/>
  <testcase name="permissionAlertInactivityPreservesInitialJoinWhileActualBackgroundResumesTheSeat[jvm]" classname="dev.partydeck.app.controller.PartyDeckControllerTest" time="0.009"/>
  <testcase name="delayedPreferenceLoadAndWritesPreserveTheLatestUserChoice[jvm]" classname="dev.partydeck.app.controller.PartyDeckControllerTest" time="0.007"/>
  <testcase name="scanResultsFillTheJoinFormWithoutAutoJoiningAndCannotReviveAnAbandonedForm[jvm]" classname="dev.partydeck.app.controller.PartyDeckControllerTest" time="0.009"/>
  <system-out><![CDATA[]]></system-out>
  <system-err><![CDATA[]]></system-err>
</testsuite>
