<?xml version="1.0" encoding="UTF-8"?>
<testsuite name="EmbeddedPresentationControllerTest[jvm]" tests="11" skipped="0" failures="0" errors="0" timestamp="2026-09-10T08:55:56.780Z" hostname="runnervmejwal" time="0.712">
  <properties/>
  <testcase name="readyReceivesTheNewestBufferedViewAndForegroundWithoutAnyEarlierCommands[jvm]" classname="dev.partydeck.app.controller.EmbeddedPresentationControllerTest" time="0.149"/>
  <testcase name="boundedDeliveryBacklogFallsBackWithoutEndingTheSession[jvm]" classname="dev.partydeck.app.controller.EmbeddedPresentationControllerTest" time="0.12"/>
  <testcase name="aStalledSendTimesOutClosesNativeAndKeepsTheSamePrivateHand[jvm]" classname="dev.partydeck.app.controller.EmbeddedPresentationControllerTest" time="0.039"/>
  <testcase name="commandsRetainTheirNativeLifecycleGenerationAcrossAStalledSend[jvm]" classname="dev.partydeck.app.controller.EmbeddedPresentationControllerTest" time="0.044"/>
  <testcase name="aCloseTimeoutDisablesFurtherNativeOpensWhileTheSessionContinues[jvm]" classname="dev.partydeck.app.controller.EmbeddedPresentationControllerTest" time="0.023"/>
  <testcase name="queuedInputFromBeforeRapidForegroundLossAndRegainCannotMutateAuthority[jvm]" classname="dev.partydeck.app.controller.EmbeddedPresentationControllerTest" time="0.061"/>
  <testcase name="aNewNativePrivacyGenerationRefreshesAnUnchangedForegroundOnce[jvm]" classname="dev.partydeck.app.controller.EmbeddedPresentationControllerTest" time="0.031"/>
  <testcase name="bothModesSubmitToPracticeAuthorityOnceAndReturnToTheSameConcealedSession[jvm]" classname="dev.partydeck.app.controller.EmbeddedPresentationControllerTest" time="0.115"/>
  <testcase name="rulesAndChangedRendererPreferencesReturnToComposeWithoutReplacingTheSession[jvm]" classname="dev.partydeck.app.controller.EmbeddedPresentationControllerTest" time="0.049"/>
  <testcase name="unavailableFactoriesNeverStartAndMissingReadyFallsBackToTheLiveTable[jvm]" classname="dev.partydeck.app.controller.EmbeddedPresentationControllerTest" time="0.027"/>
  <testcase name="switchingModesWaitsForCloseAndDoesNotOpenASecondNativeEngine[jvm]" classname="dev.partydeck.app.controller.EmbeddedPresentationControllerTest" time="0.031"/>
  <system-out><![CDATA[]]></system-out>
  <system-err><![CDATA[]]></system-err>
</testsuite>
