<?xml version="1.0" encoding="UTF-8"?>
<testsuite name="HomeLayoutTest[jvm]" tests="4" skipped="0" failures="0" errors="0" timestamp="2026-09-10T08:55:32.052Z" hostname="runnervmejwal" time="8.882">
  <properties/>
  <testcase name="homeAtPhoneSize[jvm]" classname="dev.partydeck.app.HomeLayoutTest" time="1.897"/>
  <testcase name="navigationRemainsReachableOnShortLandscapePhone[jvm]" classname="dev.partydeck.app.HomeLayoutTest" time="1.485"/>
  <testcase name="homeAdaptsToLandscape[jvm]" classname="dev.partydeck.app.HomeLayoutTest" time="4.702"/>
  <testcase name="navigationRemainsReachableAtTwoHundredPercentText[jvm]" classname="dev.partydeck.app.HomeLayoutTest" time="0.798"/>
  <system-out><![CDATA[]]></system-out>
  <system-err><![CDATA[]]></system-err>
</testsuite>
