<?xml version="1.0" encoding="UTF-8"?>
<testsuite name="GameplayLayoutTest[jvm]" tests="7" skipped="0" failures="0" errors="0" timestamp="2026-09-10T08:55:11.620Z" hostname="runnervmejwal" time="20.419">
  <properties/>
  <testcase name="handAndResultsRemainUsableOnShortLandscapePhone[jvm]" classname="dev.partydeck.app.GameplayLayoutTest" time="10.684"/>
  <testcase name="handAndResultsRemainUsableAtLargeText[jvm]" classname="dev.partydeck.app.GameplayLayoutTest" time="3.026"/>
  <testcase name="normalChoiceSupportsThreeCardsAndAReadableLongClaimant[jvm]" classname="dev.partydeck.app.GameplayLayoutTest" time="1.293"/>
  <testcase name="handAndResultsRemainUsableInTabletWindow[jvm]" classname="dev.partydeck.app.GameplayLayoutTest" time="2.94"/>
  <testcase name="forcedChallengeKeepsOneClearActionAndGatesPendingRequests[jvm]" classname="dev.partydeck.app.GameplayLayoutTest" time="0.295"/>
  <testcase name="revealedWildAndMismatchingRankExplainTheBluff[jvm]" classname="dev.partydeck.app.GameplayLayoutTest" time="0.215"/>
  <testcase name="fifthCardAndPrivateHandControlsWorkOnNarrowPhone[jvm]" classname="dev.partydeck.app.GameplayLayoutTest" time="1.944"/>
  <system-out><![CDATA[]]></system-out>
  <system-err><![CDATA[]]></system-err>
</testsuite>
