<?xml version="1.0" encoding="UTF-8"?>
<testsuite name="ClientDiscoveryFlowTest[jvm]" tests="8" skipped="0" failures="0" errors="0" timestamp="2026-09-10T08:55:56.453Z" hostname="runnervmejwal" time="0.12">
  <properties/>
  <testcase name="anUnrelatedServiceCannotExtendTheBoundedJoinOrSupplyAnEndpoint[jvm]" classname="dev.partydeck.app.controller.ClientDiscoveryFlowTest" time="0.014"/>
  <testcase name="rapidRetriesWaitForEarlierDiscoveryCleanupBeforeStartingAgain[jvm]" classname="dev.partydeck.app.controller.ClientDiscoveryFlowTest" time="0.01"/>
  <testcase name="permissionDenialDuringResumeStopsTheBatchButExplicitRetryRetainsTheSeat[jvm]" classname="dev.partydeck.app.controller.ClientDiscoveryFlowTest" time="0.007"/>
  <testcase name="leavingDuringDiscoveryClosesItAndAddressOnlyInvitationsNeverBrowse[jvm]" classname="dev.partydeck.app.controller.ClientDiscoveryFlowTest" time="0.009"/>
  <testcase name="delayedExactServiceRepairsAStaleAddressWithoutChangingPinOrAdmission[jvm]" classname="dev.partydeck.app.controller.ClientDiscoveryFlowTest" time="0.009"/>
  <testcase name="backgroundStopsRediscoveryAndReturnResumesOnlyTheOriginalSeat[jvm]" classname="dev.partydeck.app.controller.ClientDiscoveryFlowTest" time="0.024"/>
  <testcase name="workingDirectInvitationDoesNotWaitForUnavailableOrSuspendedDiscovery[jvm]" classname="dev.partydeck.app.controller.ClientDiscoveryFlowTest" time="0.021"/>
  <testcase name="permissionAndIdentityFailuresNeverTryADiscoveredEndpoint[jvm]" classname="dev.partydeck.app.controller.ClientDiscoveryFlowTest" time="0.014"/>
  <system-out><![CDATA[]]></system-out>
  <system-err><![CDATA[]]></system-err>
</testsuite>
