<?xml version="1.0" encoding="UTF-8"?>
<testsuite name="EmbeddedPresentationReviewTest[jvm]" tests="7" skipped="0" failures="0" errors="0" timestamp="2026-09-10T08:55:57.502Z" hostname="runnervmejwal" time="0.315">
  <properties/>
  <testcase name="rejectedAndAcceptedLobbyRequestsKeepTheGameUntilTheAuthorityLobbyProjection[jvm]" classname="dev.partydeck.app.controller.EmbeddedPresentationReviewTest" time="0.051"/>
  <testcase name="nativeExitBeforeReadyAndRendererFailurePreserveTheSessionWithAConcealedFallback[jvm]" classname="dev.partydeck.app.controller.EmbeddedPresentationReviewTest" time="0.027"/>
  <testcase name="bothModesReceiveOnlyTheCurrentRecipientAndTheNewestViewAfterReady[jvm]" classname="dev.partydeck.app.controller.EmbeddedPresentationReviewTest" time="0.039"/>
  <testcase name="aLateNativeOpenIsClosedAndAQueuedModeSwitchCannotCrossSessionGeneration[jvm]" classname="dev.partydeck.app.controller.EmbeddedPresentationReviewTest" time="0.018"/>
  <testcase name="recipientRoomGenerationAndMismatchedGameReplacementInvalidateTheOldLifetime[jvm]" classname="dev.partydeck.app.controller.EmbeddedPresentationReviewTest" time="0.102"/>
  <testcase name="aReservedCommandCompletesInComposeWithoutTargetingTheClosedNativeLifetime[jvm]" classname="dev.partydeck.app.controller.EmbeddedPresentationReviewTest" time="0.037"/>
  <testcase name="controllerReservesPendingBeforeTheNextEventAndReconcilesStaleOrReplayedInput[jvm]" classname="dev.partydeck.app.controller.EmbeddedPresentationReviewTest" time="0.04"/>
  <system-out><![CDATA[]]></system-out>
  <system-err><![CDATA[]]></system-err>
</testsuite>
