<?xml version="1.0" encoding="UTF-8"?>
<testsuite name="ShellLayoutTest[jvm]" tests="10" skipped="0" failures="0" errors="0" timestamp="2026-09-10T08:55:48.072Z" hostname="runnervmejwal" time="8.371">
  <properties/>
  <testcase name="sixSeatHostCanDealAtTwoHundredPercentText[jvm]" classname="dev.partydeck.app.ShellLayoutTest" time="0.901"/>
  <testcase name="pausedHostCanConfirmReturnToLobbyAtLargeText[jvm]" classname="dev.partydeck.app.ShellLayoutTest" time="0.916"/>
  <testcase name="globalConnectionFailureKeepsHomeAndRecoveryReachableAtLargeText[jvm]" classname="dev.partydeck.app.ShellLayoutTest" time="0.276"/>
  <testcase name="sixSeatHostCanDealOnCompactPhone[jvm]" classname="dev.partydeck.app.ShellLayoutTest" time="0.59"/>
  <testcase name="sixSeatGuestCanChangeReadinessAtTwoHundredPercentText[jvm]" classname="dev.partydeck.app.ShellLayoutTest" time="0.955"/>
  <testcase name="sixSeatGuestCanChangeReadinessOnCompactPhone[jvm]" classname="dev.partydeck.app.ShellLayoutTest" time="0.464"/>
  <testcase name="completeBundledNoticesRemainReadableToTheEndAtLargeText[jvm]" classname="dev.partydeck.app.ShellLayoutTest" time="0.971"/>
  <testcase name="renderedInvitationQrAtNarrowWidthPreservesTheExactPayloadAndFullPin[jvm]" classname="dev.partydeck.app.ShellLayoutTest" time="1.259"/>
  <testcase name="joinRetainsInputsAndRecoveryInConstrainedLargeTextViewport[jvm]" classname="dev.partydeck.app.ShellLayoutTest" time="1.383"/>
  <testcase name="settingsKeepLabelsAndTogglesReachableAtLargeText[jvm]" classname="dev.partydeck.app.ShellLayoutTest" time="0.642"/>
  <system-out><![CDATA[License viewport verified 743782 UTF-8 bytes in 638 bounded text sections
]]></system-out>
  <system-err><![CDATA[]]></system-err>
</testsuite>
