<?xml version="1.0" encoding="UTF-8"?>
<testsuite name="EmbeddedPresentationReviewTest[jvm]" tests="7" skipped="0" failures="0" errors="0" timestamp="2026-09-10T08:45:39.132Z" hostname="runnervmlun5p" time="0.19">
  <properties/>
  <testcase name="rejectedAndAcceptedLobbyRequestsKeepTheGameUntilTheAuthorityLobbyProjection[jvm]" classname="dev.partydeck.app.controller.EmbeddedPresentationReviewTest" time="0.028"/>
  <testcase name="nativeExitBeforeReadyAndRendererFailurePreserveTheSessionWithAConcealedFallback[jvm]" classname="dev.partydeck.app.controller.EmbeddedPresentationReviewTest" time="0.018"/>
  <testcase name="bothModesReceiveOnlyTheCurrentRecipientAndTheNewestViewAfterReady[jvm]" classname="dev.partydeck.app.controller.EmbeddedPresentationReviewTest" time="0.026"/>
  <testcase name="aLateNativeOpenIsClosedAndAQueuedModeSwitchCannotCrossSessionGeneration[jvm]" classname="dev.partydeck.app.controller.EmbeddedPresentationReviewTest" time="0.025"/>
  <testcase name="recipientRoomGenerationAndMismatchedGameReplacementInvalidateTheOldLifetime[jvm]" classname="dev.partydeck.app.controller.EmbeddedPresentationReviewTest" time="0.057"/>
  <testcase name="aReservedCommandCompletesInComposeWithoutTargetingTheClosedNativeLifetime[jvm]" classname="dev.partydeck.app.controller.EmbeddedPresentationReviewTest" time="0.02"/>
  <testcase name="controllerReservesPendingBeforeTheNextEventAndReconcilesStaleOrReplayedInput[jvm]" classname="dev.partydeck.app.controller.EmbeddedPresentationReviewTest" time="0.014"/>
  <system-out><![CDATA[]]></system-out>
  <system-err><![CDATA[]]></system-err>
</testsuite>
