<?xml version="1.0" encoding="UTF-8"?>
<testsuite name="PinnedRevisionSeamReviewTest[jvm]" tests="3" skipped="0" failures="0" errors="0" timestamp="2026-09-10T08:45:39.451Z" hostname="runnervmlun5p" time="0.034">
  <properties/>
  <testcase name="actualReceiptNeedsItsSnapshotAndAReplayedReceiptCannotReleaseTheNextRequest[jvm]" classname="dev.partydeck.app.controller.PinnedRevisionSeamReviewTest" time="0.016"/>
  <testcase name="queuedHostRequestKeepsCapturedRevisionAcrossReturnAndAutomaticReadiness[jvm]" classname="dev.partydeck.app.controller.PinnedRevisionSeamReviewTest" time="0.01"/>
  <testcase name="clientTransmitsCapturedRevisionAfterANewerAuthoritySnapshotHasArrived[jvm]" classname="dev.partydeck.app.controller.PinnedRevisionSeamReviewTest" time="0.007"/>
  <system-out><![CDATA[]]></system-out>
  <system-err><![CDATA[]]></system-err>
</testsuite>
