<?xml version="1.0" encoding="UTF-8"?>
<testsuite name="ShellLayoutTest[jvm]" tests="10" skipped="0" failures="0" errors="0" timestamp="2026-09-10T08:45:29.336Z" hostname="runnervmlun5p" time="8.814">
  <properties/>
  <testcase name="sixSeatHostCanDealAtTwoHundredPercentText[jvm]" classname="dev.partydeck.app.ShellLayoutTest" time="0.824"/>
  <testcase name="pausedHostCanConfirmReturnToLobbyAtLargeText[jvm]" classname="dev.partydeck.app.ShellLayoutTest" time="0.904"/>
  <testcase name="globalConnectionFailureKeepsHomeAndRecoveryReachableAtLargeText[jvm]" classname="dev.partydeck.app.ShellLayoutTest" time="0.383"/>
  <testcase name="sixSeatHostCanDealOnCompactPhone[jvm]" classname="dev.partydeck.app.ShellLayoutTest" time="0.575"/>
  <testcase name="sixSeatGuestCanChangeReadinessAtTwoHundredPercentText[jvm]" classname="dev.partydeck.app.ShellLayoutTest" time="0.958"/>
  <testcase name="sixSeatGuestCanChangeReadinessOnCompactPhone[jvm]" classname="dev.partydeck.app.ShellLayoutTest" time="0.67"/>
  <testcase name="completeBundledNoticesRemainReadableToTheEndAtLargeText[jvm]" classname="dev.partydeck.app.ShellLayoutTest" time="1.312"/>
  <testcase name="renderedInvitationQrAtNarrowWidthPreservesTheExactPayloadAndFullPin[jvm]" classname="dev.partydeck.app.ShellLayoutTest" time="1.566"/>
  <testcase name="joinRetainsInputsAndRecoveryInConstrainedLargeTextViewport[jvm]" classname="dev.partydeck.app.ShellLayoutTest" time="1.111"/>
  <testcase name="settingsKeepLabelsAndTogglesReachableAtLargeText[jvm]" classname="dev.partydeck.app.ShellLayoutTest" time="0.507"/>
  <system-out><![CDATA[License viewport verified 743782 UTF-8 bytes in 638 bounded text sections
]]></system-out>
  <system-err><![CDATA[]]></system-err>
</testsuite>
