<?xml version="1.0" encoding="UTF-8"?>
<testsuite name="ControllerAdversarialFlowTest[jvm]" tests="8" skipped="0" failures="0" errors="0" timestamp="2026-09-10T08:45:38.317Z" hostname="runnervmlun5p" time="0.219">
  <properties/>
  <testcase name="aMissingAcknowledgementExpiresAndResumeReconcilesItWithoutResendingTheMove[jvm]" classname="dev.partydeck.app.controller.ControllerAdversarialFlowTest" time="0.022"/>
  <testcase name="anExplicitSessionEndPurgesPrivateCardsAndCannotBeUndoneByQueuedSnapshots[jvm]" classname="dev.partydeck.app.controller.ControllerAdversarialFlowTest" time="0.019"/>
  <testcase name="aFailedLeaveFromAnOldSessionCannotInjectAnErrorOrPrivateHandIntoItsReplacement[jvm]" classname="dev.partydeck.app.controller.ControllerAdversarialFlowTest" time="0.026"/>
  <testcase name="aSnapshotBeforeItsReceiptDoesNotAcknowledgeAnUnrelatedOrUnconfirmedCommand[jvm]" classname="dev.partydeck.app.controller.ControllerAdversarialFlowTest" time="0.014"/>
  <testcase name="snapshotsForAnotherRoomOrSeatCannotReplaceTheCurrentPrivateHand[jvm]" classname="dev.partydeck.app.controller.ControllerAdversarialFlowTest" time="0.045"/>
  <testcase name="backgroundCancellationClosesTheOldLinkAndResumeNeverReplaysAnUnacknowledgedMove[jvm]" classname="dev.partydeck.app.controller.ControllerAdversarialFlowTest" time="0.026"/>
  <testcase name="protocolClosingAPeerPausesTheAuthorityBeforeItsBlockedSocketWriterFinishes[jvm]" classname="dev.partydeck.app.controller.ControllerAdversarialFlowTest" time="0.027"/>
  <testcase name="receiptsCannotReleasePendingControlsBeforeTheirSnapshotIsVisible[jvm]" classname="dev.partydeck.app.controller.ControllerAdversarialFlowTest" time="0.034"/>
  <system-out><![CDATA[]]></system-out>
  <system-err><![CDATA[]]></system-err>
</testsuite>
