<?xml version="1.0" encoding="UTF-8"?>
<testsuite name="PresentationLayoutTest[jvm]" tests="2" skipped="0" failures="0" errors="0" timestamp="2026-09-10T08:45:26.021Z" hostname="runnervmlun5p" time="3.311">
  <properties/>
  <testcase name="fallbackPreservesSessionAndPendingWhileConcealingHandAndClearingSelection[jvm]" classname="dev.partydeck.app.PresentationLayoutTest" time="2.149"/>
  <testcase name="pickerOffersOnlyAvailableStylesAtTwoHundredPercentText[jvm]" classname="dev.partydeck.app.PresentationLayoutTest" time="1.162"/>
  <system-out><![CDATA[]]></system-out>
  <system-err><![CDATA[]]></system-err>
</testsuite>
