<?xml version="1.0" encoding="UTF-8"?>
<testsuite name="PartyDeckControllerTest[jvm]" tests="9" skipped="0" failures="0" errors="0" timestamp="2026-09-10T08:45:39.325Z" hostname="runnervmlun5p" time="0.12">
  <properties/>
  <testcase name="practicePlaysACompleteMatchUsingAuthorityAndReturnsToAReadyLobby[jvm]" classname="dev.partydeck.app.controller.PartyDeckControllerTest" time="0.033"/>
  <testcase name="aLateHostStartupCannotReplacePracticeAfterLeaving[jvm]" classname="dev.partydeck.app.controller.PartyDeckControllerTest" time="0.009"/>
  <testcase name="rulesPracticeOpensTheTablePreservesLiveRulesAndLeavesCleanly[jvm]" classname="dev.partydeck.app.controller.PartyDeckControllerTest" time="0.007"/>
  <testcase name="backgroundPausesBotsAndLeaveCancelsEveryDelayedTurn[jvm]" classname="dev.partydeck.app.controller.PartyDeckControllerTest" time="0.007"/>
  <testcase name="returningFromALongPermissionAlertRetriesAnExpiredInitialAdmission[jvm]" classname="dev.partydeck.app.controller.PartyDeckControllerTest" time="0.011"/>
  <testcase name="aSecondTapCannotSendAnotherPlayWhileTheFirstActionIsPending[jvm]" classname="dev.partydeck.app.controller.PartyDeckControllerTest" time="0.006"/>
  <testcase name="permissionAlertInactivityPreservesInitialJoinWhileActualBackgroundResumesTheSeat[jvm]" classname="dev.partydeck.app.controller.PartyDeckControllerTest" time="0.01"/>
  <testcase name="delayedPreferenceLoadAndWritesPreserveTheLatestUserChoice[jvm]" classname="dev.partydeck.app.controller.PartyDeckControllerTest" time="0.006"/>
  <testcase name="scanResultsFillTheJoinFormWithoutAutoJoiningAndCannotReviveAnAbandonedForm[jvm]" classname="dev.partydeck.app.controller.PartyDeckControllerTest" time="0.012"/>
  <system-out><![CDATA[]]></system-out>
  <system-err><![CDATA[]]></system-err>
</testsuite>
