<?xml version="1.0" encoding="UTF-8"?>
<testsuite name="EmbeddedPresentationControllerTest[jvm]" tests="11" skipped="0" failures="0" errors="0" timestamp="2026-09-10T08:45:38.546Z" hostname="runnervmlun5p" time="0.58">
  <properties/>
  <testcase name="readyReceivesTheNewestBufferedViewAndForegroundWithoutAnyEarlierCommands[jvm]" classname="dev.partydeck.app.controller.EmbeddedPresentationControllerTest" time="0.177"/>
  <testcase name="boundedDeliveryBacklogFallsBackWithoutEndingTheSession[jvm]" classname="dev.partydeck.app.controller.EmbeddedPresentationControllerTest" time="0.104"/>
  <testcase name="aStalledSendTimesOutClosesNativeAndKeepsTheSamePrivateHand[jvm]" classname="dev.partydeck.app.controller.EmbeddedPresentationControllerTest" time="0.041"/>
  <testcase name="commandsRetainTheirNativeLifecycleGenerationAcrossAStalledSend[jvm]" classname="dev.partydeck.app.controller.EmbeddedPresentationControllerTest" time="0.04"/>
  <testcase name="aCloseTimeoutDisablesFurtherNativeOpensWhileTheSessionContinues[jvm]" classname="dev.partydeck.app.controller.EmbeddedPresentationControllerTest" time="0.015"/>
  <testcase name="queuedInputFromBeforeRapidForegroundLossAndRegainCannotMutateAuthority[jvm]" classname="dev.partydeck.app.controller.EmbeddedPresentationControllerTest" time="0.039"/>
  <testcase name="aNewNativePrivacyGenerationRefreshesAnUnchangedForegroundOnce[jvm]" classname="dev.partydeck.app.controller.EmbeddedPresentationControllerTest" time="0.019"/>
  <testcase name="bothModesSubmitToPracticeAuthorityOnceAndReturnToTheSameConcealedSession[jvm]" classname="dev.partydeck.app.controller.EmbeddedPresentationControllerTest" time="0.079"/>
  <testcase name="rulesAndChangedRendererPreferencesReturnToComposeWithoutReplacingTheSession[jvm]" classname="dev.partydeck.app.controller.EmbeddedPresentationControllerTest" time="0.028"/>
  <testcase name="unavailableFactoriesNeverStartAndMissingReadyFallsBackToTheLiveTable[jvm]" classname="dev.partydeck.app.controller.EmbeddedPresentationControllerTest" time="0.014"/>
  <testcase name="switchingModesWaitsForCloseAndDoesNotOpenASecondNativeEngine[jvm]" classname="dev.partydeck.app.controller.EmbeddedPresentationControllerTest" time="0.014"/>
  <system-out><![CDATA[]]></system-out>
  <system-err><![CDATA[]]></system-err>
</testsuite>
