<?xml version="1.0" encoding="UTF-8"?>
<testsuite name="BoundedJsonApiReviewTest[jvm]" tests="2" skipped="0" failures="0" errors="0" timestamp="2026-09-10T16:40:23.816Z" hostname="runnervmlun5p" time="0.129">
  <properties/>
  <testcase name="callerLimitsCannotDisableTheSharedCeilingAndCountUtf8Bytes[jvm]" classname="dev.partydeck.godot.bridge.BoundedJsonApiReviewTest" time="0.098"/>
  <testcase name="publicPreflightRejectsTheFormsAcceptedByPermissivePlatformParsers[jvm]" classname="dev.partydeck.godot.bridge.BoundedJsonApiReviewTest" time="0.012"/>
  <system-out><![CDATA[]]></system-out>
  <system-err><![CDATA[]]></system-err>
</testsuite>
