<?xml version="1.0" encoding="UTF-8"?>
<testsuite name="IosQualificationFacadeTest[jvm]" tests="4" skipped="0" failures="0" errors="0" timestamp="2026-09-10T16:40:24.583Z" hostname="runnervmlun5p" time="0.563">
  <properties/>
  <testcase name="bothModesDelegateEveryFullMatchCommandToIndependentRealDrivers[jvm]" classname="dev.partydeck.godot.bridge.IosQualificationFacadeTest" time="0.537"/>
  <testcase name="exitAndRendererFailureReturnTerminalCloseWithoutRetainingLaunchData[jvm]" classname="dev.partydeck.godot.bridge.IosQualificationFacadeTest" time="0.004"/>
  <testcase name="malformedReplayedStaleAndBackgroundInputRemainDriverRejectionsUntilExplicitRefresh[jvm]" classname="dev.partydeck.godot.bridge.IosQualificationFacadeTest" time="0.009"/>
  <testcase name="closeIsIdempotentAndAReplacementGetsAnIndependentIdentityAndGate[jvm]" classname="dev.partydeck.godot.bridge.IosQualificationFacadeTest" time="0.003"/>
  <system-out><![CDATA[]]></system-out>
  <system-err><![CDATA[]]></system-err>
</testsuite>
