<?xml version="1.0" encoding="UTF-8"?>
<testsuite name="BridgeAdversarialReviewTest[jvm]" tests="6" skipped="0" failures="0" errors="0" timestamp="2026-09-10T16:40:23.968Z" hostname="runnervmlun5p" time="0.558">
  <properties/>
  <testcase name="eventGrammarTypesAndCanonicalCountersFailWithoutLeakingTheDocument[jvm]" classname="dev.partydeck.godot.bridge.BridgeAdversarialReviewTest" time="0.133"/>
  <testcase name="rejectionOrderingBindsTheCurrentRecipientRevisionAndPresentationLifetime[jvm]" classname="dev.partydeck.godot.bridge.BridgeAdversarialReviewTest" time="0.114"/>
  <testcase name="actualAuthorityViewsExposeOnlyTheRecipientHandAndResolvedPublicProof[jvm]" classname="dev.partydeck.godot.bridge.BridgeAdversarialReviewTest" time="0.123"/>
  <testcase name="suppressedActionsAndHostControlsRemainSeparateFromRuleAuthority[jvm]" classname="dev.partydeck.godot.bridge.BridgeAdversarialReviewTest" time="0.02"/>
  <testcase name="missingUnknownAndQuotedPrimitiveFieldsCannotBeRepairedByDtoDefaults[jvm]" classname="dev.partydeck.godot.bridge.BridgeAdversarialReviewTest" time="0.13"/>
  <testcase name="utf8LimitsApplyBeforeParsingAndFullWidthCountersRemainExact[jvm]" classname="dev.partydeck.godot.bridge.BridgeAdversarialReviewTest" time="0.027"/>
  <system-out><![CDATA[]]></system-out>
  <system-err><![CDATA[]]></system-err>
</testsuite>
