<?xml version="1.0" encoding="UTF-8"?>
<testsuite name="JavaTlsTransportTest[jvm]" tests="6" skipped="0" failures="0" errors="0" timestamp="2026-09-10T18:41:32.507Z" hostname="runnervmlun5p" time="1.885">
  <properties/>
  <testcase name="cachedDiscoveryCanReplaceAnUnreachableAddressButNotAnAuthenticationFailure[jvm]" classname="dev.partydeck.transport.JavaTlsTransportTest" time="0.166"/>
  <testcase name="changedPinIsRejectedBeforeReturningAConnection[jvm]" classname="dev.partydeck.transport.JavaTlsTransportTest" time="0.098"/>
  <testcase name="slowHandshakeHasAnAbsoluteDeadlineEvenWhileBytesKeepArriving[jvm]" classname="dev.partydeck.transport.JavaTlsTransportTest" time="1.285"/>
  <testcase name="cancellingAConnectingCallerClosesItsActualBlockedTlsSocket[jvm]" classname="dev.partydeck.transport.JavaTlsTransportTest" time="0.019"/>
  <testcase name="malformedAndTruncatedTlsPayloadsCloseOnlyTheirConnection[jvm]" classname="dev.partydeck.transport.JavaTlsTransportTest" time="0.221"/>
  <testcase name="completePinProtectsOrderedMaximumSizeFramesAndPeerClosure[jvm]" classname="dev.partydeck.transport.JavaTlsTransportTest" time="0.096"/>
  <system-out><![CDATA[]]></system-out>
  <system-err><![CDATA[]]></system-err>
</testsuite>
