<?xml version="1.0" encoding="UTF-8"?>
<testsuite name="JavaSwiftInteropFixtureTest[jvm]" tests="2" skipped="0" failures="0" errors="0" timestamp="2026-09-10T18:41:29.233Z" hostname="runnervmlun5p" time="3.263">
  <properties/>
  <testcase name="corruptedPayloadFailsTheFixtureBeforeReverseConnection[jvm]" classname="dev.partydeck.transport.JavaSwiftInteropFixtureTest" time="2.714"/>
  <testcase name="protocolExchangesBothDirectionsAndWaitsForPeerAcknowledgements[jvm]" classname="dev.partydeck.transport.JavaSwiftInteropFixtureTest" time="0.535"/>
  <system-out><![CDATA[]]></system-out>
  <system-err><![CDATA[]]></system-err>
</testsuite>
