<?xml version="1.0" encoding="UTF-8"?>
<testsuite name="AuthorityAdversarialTest[jvm]" tests="6" skipped="0" failures="0" errors="0" timestamp="2026-09-10T16:40:14.620Z" hostname="runnervmlun5p" time="0.86">
  <properties/>
  <testcase name="everyTableSizeCompletesThroughIntentsWithIndividualViewsAndMonotonicRevisions[jvm]" classname="dev.partydeck.session.AuthorityAdversarialTest" time="0.776"/>
  <testcase name="leavingAndStartingARematchCannotResurrectOldCommandsOrOldReadiness[jvm]" classname="dev.partydeck.session.AuthorityAdversarialTest" time="0.039"/>
  <testcase name="theHostCanAdvanceAfterEliminationAndDisconnectedEliminatedGuestsDoNotPauseSurvivors[jvm]" classname="dev.partydeck.session.AuthorityAdversarialTest" time="0.016"/>
  <testcase name="staleRequestsConsumeTheirIdsAndResumeRecoversTheCounterWithoutReplayingTheGame[jvm]" classname="dev.partydeck.session.AuthorityAdversarialTest" time="0.008"/>
  <testcase name="anExactDuplicateReturnsItsOriginalReceiptAlongsideTheCurrentSnapshot[jvm]" classname="dev.partydeck.session.AuthorityAdversarialTest" time="0.001"/>
  <testcase name="aDisconnectedEmptyHandClaimantPausesTheCompulsoryChallengeUntilResume[jvm]" classname="dev.partydeck.session.AuthorityAdversarialTest" time="0.001"/>
  <system-out><![CDATA[]]></system-out>
  <system-err><![CDATA[]]></system-err>
</testsuite>
