<?xml version="1.0" encoding="UTF-8"?>
<testsuite name="HostAuthorityTest[jvm]" tests="7" skipped="0" failures="0" errors="0" timestamp="2026-09-10T16:40:15.496Z" hostname="runnervmlun5p" time="0.245">
  <properties/>
  <testcase name="completeMatchCanReturnToLobbyAndRematchWithoutResettingRevision[jvm]" classname="dev.partydeck.session.HostAuthorityTest" time="0.023"/>
  <testcase name="joinsAreIdempotentBoundedAndUseUsableDisplayNames[jvm]" classname="dev.partydeck.session.HostAuthorityTest" time="0.008"/>
  <testcase name="invitationReadinessRosterAndHostGatesProtectStarting[jvm]" classname="dev.partydeck.session.HostAuthorityTest" time="0.008"/>
  <testcase name="acceptedCommandRetainsAnIndependentCopyOfTheCardSelection[jvm]" classname="dev.partydeck.session.HostAuthorityTest" time="0.001"/>
  <testcase name="activeLeaveRevokesItsCredentialAndReturnRemovesTheAbandonedSeat[jvm]" classname="dev.partydeck.session.HostAuthorityTest" time="0.001"/>
  <testcase name="kickingAndHostLossRemoveAuthorityAccess[jvm]" classname="dev.partydeck.session.HostAuthorityTest" time="0.008"/>
  <testcase name="snapshotsAndWelcomesNeverIncludeAnotherPlayersPrivateCardsOrCredentials[jvm]" classname="dev.partydeck.session.HostAuthorityTest" time="0.195"/>
  <system-out><![CDATA[]]></system-out>
  <system-err><![CDATA[]]></system-err>
</testsuite>
