<?xml version="1.0" encoding="UTF-8"?>
<testsuite name="LastLightBridgeTest[jvm]" tests="6" skipped="0" failures="0" errors="0" timestamp="2026-09-10T08:42:41.547Z" hostname="runnervmlun5p" time="0.041">
  <properties/>
  <testcase name="everyRecipientGetsOnlyOwnHandAndResolvedPublicProof[jvm]" classname="dev.partydeck.godot.bridge.LastLightBridgeTest" time="0.007"/>
  <testcase name="missingDefaultFieldsAndPrimitiveCoercionsCannotWeakenTheViewSchema[jvm]" classname="dev.partydeck.godot.bridge.LastLightBridgeTest" time="0.001"/>
  <testcase name="deterministicCompleteMatchUsesBothViewerIntentsAndRealRoundOutcomes[jvm]" classname="dev.partydeck.godot.bridge.LastLightBridgeTest" time="0.027"/>
  <testcase name="exactLongCountersAndStrictEventShapeSurviveTheJsonBoundary[jvm]" classname="dev.partydeck.godot.bridge.LastLightBridgeTest" time="0.001"/>
  <testcase name="priorRoundProofAndPausedActionSubsetRemainValid[jvm]" classname="dev.partydeck.godot.bridge.LastLightBridgeTest" time="0.001"/>
  <testcase name="realAuthorityRejectsStaleAndBackgroundInputThenRecoversWithANewView[jvm]" classname="dev.partydeck.godot.bridge.LastLightBridgeTest" time="0.003"/>
  <system-out><![CDATA[]]></system-out>
  <system-err><![CDATA[]]></system-err>
</testsuite>
