<?xml version="1.0" encoding="UTF-8"?>
<testsuite name="EngineBoundaryTest[jvm]" tests="4" skipped="0" failures="0" errors="0" timestamp="2026-09-10T16:40:15.127Z" hostname="runnervmlun5p" time="0.137">
  <properties/>
  <testcase name="wrongPresentationAndProtocolCannotAdvanceTheEventStream[jvm]" classname="dev.partydeck.games.EngineBoundaryTest" time="0.109"/>
  <testcase name="closedOrFailedPresentationsCannotEmitFurtherActions[jvm]" classname="dev.partydeck.games.EngineBoundaryTest" time="0.004"/>
  <testcase name="payloadLimitCountsUtf8BytesAndRejectsOversizedDocuments[jvm]" classname="dev.partydeck.games.EngineBoundaryTest" time="0.012"/>
  <testcase name="intentsRequireReadinessAndReplaysCannotRepeatActions[jvm]" classname="dev.partydeck.games.EngineBoundaryTest" time="0.0"/>
  <system-out><![CDATA[]]></system-out>
  <system-err><![CDATA[]]></system-err>
</testsuite>
