<?xml version="1.0" encoding="UTF-8"?>
<testsuite name="GameCatalogTest[jvm]" tests="3" skipped="0" failures="0" errors="0" timestamp="2026-09-10T16:40:15.274Z" hostname="runnervmlun5p" time="0.03">
  <properties/>
  <testcase name="duplicateGameIdsAreRejectedAndTheCatalogCopiesItsInput[jvm]" classname="dev.partydeck.games.GameCatalogTest" time="0.007"/>
  <testcase name="anEngineGameIsUnavailableUntilACompatibleFactoryIsInstalled[jvm]" classname="dev.partydeck.games.GameCatalogTest" time="0.011"/>
  <testcase name="shippingCatalogContainsOnlyTheImplementedComposeGame[jvm]" classname="dev.partydeck.games.GameCatalogTest" time="0.001"/>
  <system-out><![CDATA[]]></system-out>
  <system-err><![CDATA[]]></system-err>
</testsuite>
