<?xml version="1.0" encoding="UTF-8"?>
<testsuite name="JavaTlsTransportTest[jvm]" tests="6" skipped="0" failures="0" errors="0" timestamp="2026-09-10T08:43:42.947Z" hostname="runnervmlun5p" time="1.842">
  <properties/>
  <testcase name="cachedDiscoveryCanReplaceAnUnreachableAddressButNotAnAuthenticationFailure[jvm]" classname="dev.partydeck.transport.JavaTlsTransportTest" time="0.169"/>
  <testcase name="changedPinIsRejectedBeforeReturningAConnection[jvm]" classname="dev.partydeck.transport.JavaTlsTransportTest" time="0.072"/>
  <testcase name="slowHandshakeHasAnAbsoluteDeadlineEvenWhileBytesKeepArriving[jvm]" classname="dev.partydeck.transport.JavaTlsTransportTest" time="1.281"/>
  <testcase name="cancellingAConnectingCallerClosesItsActualBlockedTlsSocket[jvm]" classname="dev.partydeck.transport.JavaTlsTransportTest" time="0.028"/>
  <testcase name="malformedAndTruncatedTlsPayloadsCloseOnlyTheirConnection[jvm]" classname="dev.partydeck.transport.JavaTlsTransportTest" time="0.186"/>
  <testcase name="completePinProtectsOrderedMaximumSizeFramesAndPeerClosure[jvm]" classname="dev.partydeck.transport.JavaTlsTransportTest" time="0.105"/>
  <system-out><![CDATA[]]></system-out>
  <system-err><![CDATA[]]></system-err>
</testsuite>
