<?xml version="1.0" encoding="UTF-8"?>
<testsuite name="SecurityTransportTest[jvm]" tests="7" skipped="0" failures="0" errors="0" timestamp="2026-09-10T08:43:44.998Z" hostname="runnervmlun5p" time="0.134">
  <properties/>
  <testcase name="rejectedDeliveryStopsTheCurrentReadImmediately[jvm]" classname="dev.partydeck.transport.SecurityTransportTest" time="0.008"/>
  <testcase name="duplicateAndEscapedInvitationIdentityFieldsAreRejected[jvm]" classname="dev.partydeck.transport.SecurityTransportTest" time="0.083"/>
  <testcase name="malformedInvitationEncodingUtf8AndNativeServiceNamesAreRejected[jvm]" classname="dev.partydeck.transport.SecurityTransportTest" time="0.004"/>
  <testcase name="authenticInvitationRoundTripsWithoutLeakingCredentialToDiagnostics[jvm]" classname="dev.partydeck.transport.SecurityTransportTest" time="0.003"/>
  <testcase name="maximumFrameIsDetachedFromInputAndPartialStateIsAccurate[jvm]" classname="dev.partydeck.transport.SecurityTransportTest" time="0.011"/>
  <testcase name="arbitraryFragmentationPreservesFramesAndKeepalives[jvm]" classname="dev.partydeck.transport.SecurityTransportTest" time="0.017"/>
  <testcase name="oversizedUnsignedLengthsFailBeforeAnyPayloadIsDelivered[jvm]" classname="dev.partydeck.transport.SecurityTransportTest" time="0.001"/>
  <system-out><![CDATA[]]></system-out>
  <system-err><![CDATA[]]></system-err>
</testsuite>
