<?xml version="1.0" encoding="UTF-8"?>
<testsuite name="SecurityTransportLifecycleTest[jvm]" tests="3" skipped="0" failures="0" errors="0" timestamp="2026-09-10T08:43:44.798Z" hostname="runnervmlun5p" time="0.187">
  <properties/>
  <testcase name="oneUnadmittedPeerCannotStopTheListenerOrAnotherPeerByFloodingCallbacks[jvm]" classname="dev.partydeck.transport.SecurityTransportLifecycleTest" time="0.157"/>
  <testcase name="cancelledConnectReturnClosesTheNativeConnectionBeforeCallerClaimsIt[jvm]" classname="dev.partydeck.transport.SecurityTransportLifecycleTest" time="0.019"/>
  <testcase name="cancelledHostReturnClosesTheNativeListenerBeforeCallerClaimsIt[jvm]" classname="dev.partydeck.transport.SecurityTransportLifecycleTest" time="0.007"/>
  <system-out><![CDATA[]]></system-out>
  <system-err><![CDATA[]]></system-err>
</testsuite>
