<?xml version="1.0" encoding="UTF-8"?>
<testsuite name="HostAuthorityTest[jvm]" tests="7" skipped="0" failures="0" errors="0" timestamp="2026-09-10T08:43:55.538Z" hostname="runnervmlun5p" time="0.331">
  <properties/>
  <testcase name="completeMatchCanReturnToLobbyAndRematchWithoutResettingRevision[jvm]" classname="dev.partydeck.session.HostAuthorityTest" time="0.015"/>
  <testcase name="joinsAreIdempotentBoundedAndUseUsableDisplayNames[jvm]" classname="dev.partydeck.session.HostAuthorityTest" time="0.003"/>
  <testcase name="invitationReadinessRosterAndHostGatesProtectStarting[jvm]" classname="dev.partydeck.session.HostAuthorityTest" time="0.02"/>
  <testcase name="acceptedCommandRetainsAnIndependentCopyOfTheCardSelection[jvm]" classname="dev.partydeck.session.HostAuthorityTest" time="0.005"/>
  <testcase name="activeLeaveRevokesItsCredentialAndReturnRemovesTheAbandonedSeat[jvm]" classname="dev.partydeck.session.HostAuthorityTest" time="0.002"/>
  <testcase name="kickingAndHostLossRemoveAuthorityAccess[jvm]" classname="dev.partydeck.session.HostAuthorityTest" time="0.007"/>
  <testcase name="snapshotsAndWelcomesNeverIncludeAnotherPlayersPrivateCardsOrCredentials[jvm]" classname="dev.partydeck.session.HostAuthorityTest" time="0.275"/>
  <system-out><![CDATA[]]></system-out>
  <system-err><![CDATA[]]></system-err>
</testsuite>
