<?xml version="1.0" encoding="UTF-8"?>
<testsuite name="SecurityAdversarialTest[jvm]" tests="11" skipped="0" failures="0" errors="0" timestamp="2026-09-10T08:43:55.885Z" hostname="runnervmlun5p" time="0.141">
  <properties/>
  <testcase name="everyEncodedRecipientViewExcludesOtherHandsTokensAndUnchallengedDiscards[jvm]" classname="dev.partydeck.session.SecurityAdversarialTest" time="0.054"/>
  <testcase name="parserRejectsDuplicateDecodedKeysAtEveryMessageLevel[jvm]" classname="dev.partydeck.session.SecurityAdversarialTest" time="0.009"/>
  <testcase name="evenPossessionOfLocalHostTokenCannotRemotelyReplaceAuthority[jvm]" classname="dev.partydeck.session.SecurityAdversarialTest" time="0.001"/>
  <testcase name="evictionAndConflictingIdsCannotResetReplayProtection[jvm]" classname="dev.partydeck.session.SecurityAdversarialTest" time="0.0"/>
  <testcase name="unauthorizedPeersReceiveOnlyFixedAdmissionErrors[jvm]" classname="dev.partydeck.session.SecurityAdversarialTest" time="0.008"/>
  <testcase name="parserBoundsDepthCollectionsAndTotalBytesWithoutEchoingSecrets[jvm]" classname="dev.partydeck.session.SecurityAdversarialTest" time="0.018"/>
  <testcase name="parserRejectsMalformedUnicodeSyntaxVersionsAndNumericOverflow[jvm]" classname="dev.partydeck.session.SecurityAdversarialTest" time="0.032"/>
  <testcase name="highCommandIdsNeverWrapToPermitAnOldCommand[jvm]" classname="dev.partydeck.session.SecurityAdversarialTest" time="0.001"/>
  <testcase name="kickAndSessionTerminationInvalidateCredentials[jvm]" classname="dev.partydeck.session.SecurityAdversarialTest" time="0.003"/>
  <testcase name="validEscapesWhitespaceAndSupplementaryCharactersDoNotConfusePreflight[jvm]" classname="dev.partydeck.session.SecurityAdversarialTest" time="0.003"/>
  <testcase name="resumeRevokesOldSocketAndLateDisconnectCannotRemoveReplacement[jvm]" classname="dev.partydeck.session.SecurityAdversarialTest" time="0.001"/>
  <system-out><![CDATA[]]></system-out>
  <system-err><![CDATA[]]></system-err>
</testsuite>
