<?xml version="1.0" encoding="UTF-8"?>
<testsuite name="SessionCodecTest[jvm]" tests="3" skipped="0" failures="0" errors="0" timestamp="2026-09-10T08:43:56.036Z" hostname="runnervmlun5p" time="0.034">
  <properties/>
  <testcase name="wireRejectsVersionAmbiguityAndUnsupportedSchema[jvm]" classname="dev.partydeck.session.SessionCodecTest" time="0.009"/>
  <testcase name="allClientIntentsRoundTripWithStableDiscriminators[jvm]" classname="dev.partydeck.session.SessionCodecTest" time="0.014"/>
  <testcase name="malformedNumbersStringsAndOversizedSelectionsAreRejectedBeforeAuthority[jvm]" classname="dev.partydeck.session.SessionCodecTest" time="0.007"/>
  <system-out><![CDATA[]]></system-out>
  <system-err><![CDATA[]]></system-err>
</testsuite>
