<?xml version="1.0" encoding="UTF-8"?>
<testsuite name="AuthorityAdversarialTest[jvm]" tests="6" skipped="0" failures="0" errors="0" timestamp="2026-09-10T08:43:54.281Z" hostname="runnervmlun5p" time="1.247">
  <properties/>
  <testcase name="everyTableSizeCompletesThroughIntentsWithIndividualViewsAndMonotonicRevisions[jvm]" classname="dev.partydeck.session.AuthorityAdversarialTest" time="1.157"/>
  <testcase name="leavingAndStartingARematchCannotResurrectOldCommandsOrOldReadiness[jvm]" classname="dev.partydeck.session.AuthorityAdversarialTest" time="0.036"/>
  <testcase name="theHostCanAdvanceAfterEliminationAndDisconnectedEliminatedGuestsDoNotPauseSurvivors[jvm]" classname="dev.partydeck.session.AuthorityAdversarialTest" time="0.008"/>
  <testcase name="staleRequestsConsumeTheirIdsAndResumeRecoversTheCounterWithoutReplayingTheGame[jvm]" classname="dev.partydeck.session.AuthorityAdversarialTest" time="0.008"/>
  <testcase name="anExactDuplicateReturnsItsOriginalReceiptAlongsideTheCurrentSnapshot[jvm]" classname="dev.partydeck.session.AuthorityAdversarialTest" time="0.005"/>
  <testcase name="aDisconnectedEmptyHandClaimantPausesTheCompulsoryChallengeUntilResume[jvm]" classname="dev.partydeck.session.AuthorityAdversarialTest" time="0.003"/>
  <system-out><![CDATA[]]></system-out>
  <system-err><![CDATA[]]></system-err>
</testsuite>
