<?xml version="1.0" encoding="UTF-8"?>
<testsuite name="LastLightAdversarialTest[jvm]" tests="8" skipped="0" failures="0" errors="0" timestamp="2026-09-10T08:43:46.230Z" hostname="runnervmlun5p" time="4.598">
  <properties/>
  <testcase name="callerCollectionsAndRecipientViewsCannotRewriteAcceptedAuthorityStates[jvm]" classname="dev.partydeck.core.LastLightAdversarialTest" time="0.19"/>
  <testcase name="emptyHandClaimsRemainChallengeableAndTheFinalHolderCannotPlay[jvm]" classname="dev.partydeck.core.LastLightAdversarialTest" time="0.073"/>
  <testcase name="invalidTurnsAndSelectionsAreAtomicAndLeaveTheRandomStreamUntouched[jvm]" classname="dev.partydeck.core.LastLightAdversarialTest" time="0.007"/>
  <testcase name="completeMatchesPreserveCardsPrivacyAndFiniteProgressForEveryTableSize[jvm]" classname="dev.partydeck.core.LastLightAdversarialTest" time="4.277"/>
  <testcase name="eliminatingTheOpenerRetiresUnplayedCardsWithoutRevealingThem[jvm]" classname="dev.partydeck.core.LastLightAdversarialTest" time="0.001"/>
  <testcase name="malformedRostersFailBeforeAnyRandomOutcomeIsChosen[jvm]" classname="dev.partydeck.core.LastLightAdversarialTest" time="0.004"/>
  <testcase name="aBurnedOutNonemptyChallengerLosesOnlyTheirSeatAndKeepsTheirOtherCardsHidden[jvm]" classname="dev.partydeck.core.LastLightAdversarialTest" time="0.001"/>
  <testcase name="rejectedNoiseAndRepeatedViewsDoNotChangeLaterShufflesOrMatchResults[jvm]" classname="dev.partydeck.core.LastLightAdversarialTest" time="0.019"/>
  <system-out><![CDATA[]]></system-out>
  <system-err><![CDATA[]]></system-err>
</testsuite>
