<?xml version="1.0" encoding="UTF-8"?>
<testsuite name="LastLightEngineTest[jvm]" tests="6" skipped="0" failures="0" errors="0" timestamp="2026-09-10T08:43:50.835Z" hostname="runnervmlun5p" time="0.01">
  <properties/>
  <testcase name="anAllWildClaimIsTruthfulAndPenalizesOnlyTheChallenger[jvm]" classname="dev.partydeck.core.LastLightEngineTest" time="0.005"/>
  <testcase name="matchingCardsAndWildsAreTruthfulTogether[jvm]" classname="dev.partydeck.core.LastLightEngineTest" time="0.0"/>
  <testcase name="burnoutInATwoPlayerMatchFinishesWithoutAnotherDeal[jvm]" classname="dev.partydeck.core.LastLightEngineTest" time="0.001"/>
  <testcase name="oneMismatchingCardMakesTheEntireClaimABluff[jvm]" classname="dev.partydeck.core.LastLightEngineTest" time="0.001"/>
  <testcase name="aSafePenaltyPersistsThroughADealWithANewOpener[jvm]" classname="dev.partydeck.core.LastLightEngineTest" time="0.0"/>
  <testcase name="acceptingAnEarlierBluffLeavesOnlyTheLatestClaimChallengeable[jvm]" classname="dev.partydeck.core.LastLightEngineTest" time="0.0"/>
  <system-out><![CDATA[]]></system-out>
  <system-err><![CDATA[]]></system-err>
</testsuite>
