<?xml version="1.0" encoding="UTF-8"?>
<testsuite name="dev.partydeck.godot.android.RendererExitWaitTest" tests="3" skipped="0" failures="0" errors="0" timestamp="2026-09-10T16:40:30.694Z" hostname="runnervmlun5p" time="0.013">
  <properties/>
  <testcase name="interruptionStopsRetryWithoutClaimingExit" classname="dev.partydeck.godot.android.RendererExitWaitTest" time="0.003"/>
  <testcase name="earlyMonitorWakesDoNotReplaceActualExitConfirmation" classname="dev.partydeck.godot.android.RendererExitWaitTest" time="0.003"/>
  <testcase name="repeatedWakesShareOneDeadlineAndNeverCountAsExit" classname="dev.partydeck.godot.android.RendererExitWaitTest" time="0.006"/>
  <system-out><![CDATA[]]></system-out>
  <system-err><![CDATA[]]></system-err>
</testsuite>
