<?xml version="1.0" encoding="UTF-8"?>
<testsuite name="dev.partydeck.godot.android.BoundedDispatchQueueTest" tests="4" skipped="0" failures="0" errors="0" timestamp="2026-09-10T16:40:30.499Z" hostname="runnervmlun5p" time="0.144">
  <properties/>
  <testcase name="closeDropsPreviouslyQueuedCallbacksAndLaterInputs" classname="dev.partydeck.godot.android.BoundedDispatchQueueTest" time="0.084"/>
  <testcase name="startupRetainsCommandsAndWaitsForNativeEmissionAcknowledgment" classname="dev.partydeck.godot.android.BoundedDispatchQueueTest" time="0.021"/>
  <testcase name="terminalCloseReplacesWaitingViewsAndFinishesAfterActualDelivery" classname="dev.partydeck.godot.android.BoundedDispatchQueueTest" time="0.006"/>
  <testcase name="stalledConsumerHasABoundedQueueAndOneTerminalFailure" classname="dev.partydeck.godot.android.BoundedDispatchQueueTest" time="0.013"/>
  <system-out><![CDATA[]]></system-out>
  <system-err><![CDATA[]]></system-err>
</testsuite>
