<?xml version="1.0" encoding="UTF-8"?>
<testsuite name="dev.partydeck.godot.android.NativeSignalDispatchTest" tests="8" skipped="0" failures="0" errors="0" timestamp="2026-09-10T16:40:30.668Z" hostname="runnervmlun5p" time="0.018">
  <properties/>
  <testcase name="anInFlightViewBarrierDoesNotAcknowledgeTheWaitingClose" classname="dev.partydeck.godot.android.NativeSignalDispatchTest" time="0.014"/>
  <testcase name="exitBeforeTheBarrierCannotInferCompletionFromAnEarlierNativeCall" classname="dev.partydeck.godot.android.NativeSignalDispatchTest" time="0.0"/>
  <testcase name="nativeBarrierRemainsObservedWhileMainNotificationIsDelayed" classname="dev.partydeck.godot.android.NativeSignalDispatchTest" time="0.0"/>
  <testcase name="actualBarrierAfterQueueDisposalStillRecordsDeliveryWithoutAUiCallback" classname="dev.partydeck.godot.android.NativeSignalDispatchTest" time="0.0"/>
  <testcase name="duplicateBarrierDoesNotRewriteTheFirstObservationOrNotifyTwice" classname="dev.partydeck.godot.android.NativeSignalDispatchTest" time="0.0"/>
  <testcase name="disposalBeforeDispatchCannotAcknowledgeAnAdmittedClose" classname="dev.partydeck.godot.android.NativeSignalDispatchTest" time="0.0"/>
  <testcase name="aFreshPluginLifetimeCannotInheritAnOldCloseObservation" classname="dev.partydeck.godot.android.NativeSignalDispatchTest" time="0.0"/>
  <testcase name="failedEmissionCannotScheduleAnAcknowledgmentBarrier" classname="dev.partydeck.godot.android.NativeSignalDispatchTest" time="0.0"/>
  <system-out><![CDATA[]]></system-out>
  <system-err><![CDATA[]]></system-err>
</testsuite>
